#
# A fatal error has been detected by the Java Runtime Environment:
#
#  EXCEPTION_ACCESS_VIOLATION (0xc0000005) at pc=0x0000000066e6f908, pid=13608, tid=0x0000000000003478
#
# JRE version: OpenJDK Runtime Environment (8.0_242-b01) (build 1.8.0_242-release-1644-b01)
# Java VM: OpenJDK 64-Bit Server VM (25.242-b01 mixed mode windows-amd64 compressed oops)
# Problematic frame:
# V  [jvm.dll+0xef908]
#
# Failed to write core dump. Minidumps are not enabled by default on client versions of Windows
#
# If you would like to submit a bug report, please visit:
#   
#

---------------  T H R E A D  ---------------

Current thread (0x000000000303c000):  GCTaskThread [stack: 0x0000000012cf0000,0x0000000012df0000] [id=13432]

siginfo: ExceptionCode=0xc0000005, reading address 0xffffffffffffffff

Registers:
RAX=0x0000000012df0000, RBX=0x0000000040000000, RCX=0x0000000000000000, RDX=0x0000000000000000
RSP=0x0000000012def3e0, RBP=0x00000000a7d3bf30, RSI=0x0000000000000004, RDI=0x000000000310b6d0
R8 =0x007fffffffd00000, R9 =0x0000000000000004, R10=0x000000000000000c, R11=0x00000000000009d5
R12=0x00000000a7d3bf34, R13=0x0000000100ae3330, R14=0x0000000100ae3338, R15=0x00000000a7d3bf10
RIP=0x0000000066e6f908, EFLAGS=0x0000000000010246

Top of Stack: (sp=0x0000000012def3e0)
0x0000000012def3e0:   00000000a71b9148 00000000a7d3bf2c
0x0000000012def3f0:   0000000000000004 000000000310b6d0
0x0000000012def400:   0000000000000000 000000000303c640
0x0000000012def410:   0000000003032180 00000000f2928010
0x0000000012def420:   00000000000009d5 0000000067149af0
0x0000000012def430:   0000000017376ee8 0000000000021200
0x0000000012def440:   000000000310b6d0 000000006739c4d8
0x0000000012def450:   000013e400000990 000013e500000990
0x0000000012def460:   00000000f2980814 00000000f2928010
0x0000000012def470:   0000000000021200 0000000066e95b41
0x0000000012def480:   0000000016a14470 000001db00000026
0x0000000012def490:   000000000303c000 0000000003032180
0x0000000012def4a0:   000000000303c650 000000000303c640
0x0000000012def4b0:   000000006739c4d8 0000000000000003
0x0000000012def4c0:   000000001fef6580 0000000000000000
0x0000000012def4d0:   000000000310b6d0 0000000067147370 

Instructions: (pc=0x0000000066e6f908)
0x0000000066e6f8e8:   05 43 f7 6d 00 49 c1 e8 03 49 d3 e8 41 0f b6 c0
0x0000000066e6f8f8:   49 c1 e8 06 24 3f 0f b6 d0 48 8b 05 58 f7 6d 00
0x0000000066e6f908:   4a 8b 0c c0 48 0f a3 d1 0f 82 59 01 00 00 0f b6
0x0000000066e6f918:   15 34 56 6d 00 84 d2 74 16 44 8b 43 08 8b 0d 8d 


Register to memory mapping:

RAX=0x0000000012df0000 is an unknown value
RBX=0x0000000040000000 is an unknown value
RCX=0x0000000000000000 is an unknown value
RDX=0x0000000000000000 is an unknown value
RSP=0x0000000012def3e0 is an unknown value
RBP=0x00000000a7d3bf30 is pointing into object: 0x00000000a7d3bf10
com.android.tools.r8.graph.Z 
 - klass: 'com/android/tools/r8/graph/Z'
RSI=0x0000000000000004 is an unknown value
RDI=0x000000000310b6d0 is an unknown value
R8 =0x007fffffffd00000 is an unknown value
R9 =0x0000000000000004 is an unknown value
R10=0x000000000000000c is an unknown value
R11=0x00000000000009d5 is an unknown value
R12=0x00000000a7d3bf34 is pointing into object: 0x00000000a7d3bf10
com.android.tools.r8.graph.Z 
 - klass: 'com/android/tools/r8/graph/Z'
R13=0x0000000100ae3330 is pointing into metadata
R14=0x0000000100ae3338 is pointing into metadata
R15=0x00000000a7d3bf10 is an oop
com.android.tools.r8.graph.Z 
 - klass: 'com/android/tools/r8/graph/Z'


Stack: [0x0000000012cf0000,0x0000000012df0000],  sp=0x0000000012def3e0,  free space=1020k
Native frames: (J=compiled Java code, j=interpreted, Vv=VM code, C=native code)
V  [jvm.dll+0xef908]
V  [jvm.dll+0x3c9af0]
V  [jvm.dll+0x3c7370]
V  [jvm.dll+0x3c482e]
V  [jvm.dll+0x27276a]
C  [msvcr100.dll+0x21d9f]
C  [msvcr100.dll+0x21e3b]
C  [KERNEL32.DLL+0x17c24]
C  [ntdll.dll+0x6cea1]


---------------  P R O C E S S  ---------------

Java Threads: ( => current thread )
  0x000000002385e800 JavaThread "ForkJoinPool.commonPool-worker-2" daemon [_thread_blocked, id=13088, stack(0x0000000026570000,0x0000000026670000)]
  0x0000000023859000 JavaThread "ForkJoinPool.commonPool-worker-1" daemon [_thread_blocked, id=8304, stack(0x0000000028770000,0x0000000028870000)]
  0x0000000023860000 JavaThread "ForkJoinPool.commonPool-worker-3" daemon [_thread_blocked, id=5316, stack(0x000000001bf10000,0x000000001c010000)]
  0x000000001f9ea000 JavaThread "Cache worker for Java compile cache (D:\KHANG\TiHa\TiHa\.gradle\6.1.1\javaCompile)" [_thread_blocked, id=13628, stack(0x0000000028180000,0x0000000028280000)]
  0x000000001e6bd000 JavaThread "stdout" [_thread_in_native, id=12728, stack(0x0000000027e80000,0x0000000027f80000)]
  0x000000001e6bc800 JavaThread "stderr" [_thread_in_native, id=7840, stack(0x0000000027d80000,0x0000000027e80000)]
  0x000000001cc93800 JavaThread "stdout" [_thread_in_native, id=18504, stack(0x0000000027c80000,0x0000000027d80000)]
  0x000000001cc98000 JavaThread "stderr" [_thread_in_native, id=6376, stack(0x0000000027b80000,0x0000000027c80000)]
  0x000000001cc95800 JavaThread "stdout" [_thread_in_native, id=15472, stack(0x0000000027a80000,0x0000000027b80000)]
  0x000000001cc8c000 JavaThread "stderr" [_thread_in_native, id=13284, stack(0x0000000027980000,0x0000000027a80000)]
  0x000000001cc8e000 JavaThread "stdout" [_thread_in_native, id=13364, stack(0x0000000027880000,0x0000000027980000)]
  0x000000001cc92000 JavaThread "stderr" [_thread_in_native, id=11440, stack(0x00000000266f0000,0x00000000267f0000)]
  0x000000001cc8a800 JavaThread "pool-14-thread-1" [_thread_blocked, id=8716, stack(0x0000000026470000,0x0000000026570000)]
  0x000000001cc8f800 JavaThread "WorkerExecutor Queue Thread 4" [_thread_blocked, id=12684, stack(0x0000000026370000,0x0000000026470000)]
  0x000000001f9f3000 JavaThread "WorkerExecutor Queue Thread 3" [_thread_blocked, id=2556, stack(0x0000000025e70000,0x0000000025f70000)]
  0x000000001f9f1800 JavaThread "WorkerExecutor Queue Thread 2" [_thread_blocked, id=10628, stack(0x0000000025470000,0x0000000025570000)]
  0x000000001f9e7800 JavaThread "WorkerExecutor Queue" [_thread_blocked, id=12808, stack(0x0000000024f20000,0x0000000025020000)]
  0x000000001f9ee800 JavaThread "Cache worker for execution history cache (D:\KHANG\TiHa\TiHa\.gradle\6.1.1\executionHistory)" [_thread_blocked, id=5080, stack(0x0000000024c20000,0x0000000024d20000)]
  0x000000001f9e7000 JavaThread "Execution worker for ':' Thread 3" [_thread_blocked, id=5220, stack(0x0000000024820000,0x0000000024920000)]
  0x000000001f9e9000 JavaThread "Execution worker for ':' Thread 2" [_thread_blocked, id=13544, stack(0x0000000023350000,0x0000000023450000)]
  0x000000001f9ed800 JavaThread "Execution worker for ':'" [_thread_blocked, id=12776, stack(0x0000000023050000,0x0000000023150000)]
  0x000000001f9e6000 JavaThread "Cache worker for file content cache (D:\KHANG\TiHa\TiHa\.gradle\6.1.1\fileContent)" [_thread_blocked, id=10248, stack(0x0000000022690000,0x0000000022790000)]
  0x0000000019130000 JavaThread "Cache worker for Build Output Cleanup Cache (D:\KHANG\TiHa\TiHa\.gradle\buildOutputCleanup)" [_thread_blocked, id=11304, stack(0x0000000021b90000,0x0000000021c90000)]
  0x000000001912d800 JavaThread "Build operations Thread 4" [_thread_blocked, id=18180, stack(0x0000000021490000,0x0000000021590000)]
  0x000000001912b800 JavaThread "Build operations Thread 3" [_thread_blocked, id=17060, stack(0x00000000202f0000,0x00000000203f0000)]
  0x000000001912a800 JavaThread "Build operations Thread 2" [_thread_blocked, id=18452, stack(0x00000000200f0000,0x00000000201f0000)]
  0x000000001912d000 JavaThread "Build operations" [_thread_blocked, id=18148, stack(0x000000001efb0000,0x000000001f0b0000)]
  0x000000001912e800 JavaThread "Cache worker for cache directory md-rule (C:\Users\AIO PC3\.gradle\caches\6.1.1\md-rule)" [_thread_blocked, id=1560, stack(0x000000001eeb0000,0x000000001efb0000)]
  0x0000000019122000 JavaThread "Cache worker for cache directory md-supplier (C:\Users\AIO PC3\.gradle\caches\6.1.1\md-supplier)" [_thread_blocked, id=8728, stack(0x000000001edb0000,0x000000001eeb0000)]
  0x0000000019129000 JavaThread "Cache worker for file hash cache (D:\KHANG\TiHa\TiHa\.gradle\6.1.1\fileHashes)" [_thread_blocked, id=12904, stack(0x000000001ecb0000,0x000000001edb0000)]
  0x0000000019128000 JavaThread "Cache worker for checksums cache (D:\KHANG\TiHa\TiHa\.gradle\checksums)" [_thread_blocked, id=16396, stack(0x000000001c310000,0x000000001c410000)]
  0x0000000019121800 JavaThread "Thread-179" [_thread_blocked, id=19440, stack(0x000000001c010000,0x000000001c110000)]
  0x0000000019126000 JavaThread "Asynchronous log dispatcher for DefaultDaemonConnection: socket connection from /127.0.0.1:13308 to /127.0.0.1:14018" [_thread_blocked, id=6068, stack(0x000000001bc10000,0x000000001bd10000)]
  0x0000000019120800 JavaThread "Daemon worker Thread 7" [_thread_blocked, id=19348, stack(0x000000001bb10000,0x000000001bc10000)]
  0x0000000019125000 JavaThread "Cancel handler" [_thread_blocked, id=18524, stack(0x0000000001550000,0x0000000001650000)]
  0x0000000019124800 JavaThread "Handler for socket connection from /127.0.0.1:13308 to /127.0.0.1:14018" [_thread_in_native, id=8128, stack(0x0000000001450000,0x0000000001550000)]
  0x0000000019127800 JavaThread "Daemon Thread 7" [_thread_blocked, id=14928, stack(0x0000000001350000,0x0000000001450000)]
  0x000000001cc92800 JavaThread "Cache worker for Java compile cache (C:\Users\AIO PC3\.gradle\caches\6.1.1\javaCompile)" [_thread_blocked, id=11396, stack(0x0000000024920000,0x0000000024a20000)]
  0x000000001cc91000 JavaThread "Cache worker for file content cache (C:\Users\AIO PC3\.gradle\caches\6.1.1\fileContent)" [_thread_blocked, id=18388, stack(0x0000000022590000,0x0000000022690000)]
  0x000000001cc8c800 JavaThread "Memory manager" [_thread_blocked, id=9928, stack(0x0000000022490000,0x0000000022590000)]
  0x000000001a716800 JavaThread "Cache worker for execution history cache (C:\Users\AIO PC3\.gradle\caches\6.1.1\executionHistory)" [_thread_blocked, id=17072, stack(0x00000000201f0000,0x00000000202f0000)]
  0x000000001a71c800 JavaThread "Cache worker for file hash cache (C:\Users\AIO PC3\.gradle\caches\6.1.1\fileHashes)" [_thread_blocked, id=4072, stack(0x000000001c810000,0x000000001c910000)]
  0x000000001a71c000 JavaThread "File lock request listener" [_thread_in_native, id=4624, stack(0x000000001c710000,0x000000001c810000)]
  0x000000001a3b5800 JavaThread "Cache worker for journal cache (C:\Users\AIO PC3\.gradle\caches\journal-1)" [_thread_blocked, id=9980, stack(0x000000001c610000,0x000000001c710000)]
  0x000000001848d800 JavaThread "Daemon periodic checks" [_thread_blocked, id=16600, stack(0x000000001ba10000,0x000000001bb10000)]
  0x00000000184c0000 JavaThread "Incoming local TCP Connector on port 13308" [_thread_in_native, id=18832, stack(0x000000001b7d0000,0x000000001b8d0000)]
  0x000000001a3df000 JavaThread "Daemon health stats" [_thread_blocked, id=10088, stack(0x000000001b190000,0x000000001b290000)]
  0x0000000018420800 JavaThread "Service Thread" daemon [_thread_blocked, id=13428, stack(0x00000000187f0000,0x00000000188f0000)]
  0x0000000016aab000 JavaThread "C1 CompilerThread2" daemon [_thread_blocked, id=1100, stack(0x00000000182f0000,0x00000000183f0000)]
  0x0000000016a99000 JavaThread "C2 CompilerThread1" daemon [_thread_blocked, id=15384, stack(0x00000000181f0000,0x00000000182f0000)]
  0x0000000016a90800 JavaThread "C2 CompilerThread0" daemon [_thread_blocked, id=8032, stack(0x00000000180f0000,0x00000000181f0000)]
  0x0000000016a96800 JavaThread "Attach Listener" daemon [_thread_blocked, id=16592, stack(0x0000000017ff0000,0x00000000180f0000)]
  0x0000000016a95000 JavaThread "Signal Dispatcher" daemon [_thread_blocked, id=7172, stack(0x0000000017ef0000,0x0000000017ff0000)]
  0x000000000311b000 JavaThread "Finalizer" daemon [_thread_blocked, id=17848, stack(0x0000000017cf0000,0x0000000017df0000)]
  0x0000000016a79000 JavaThread "Reference Handler" daemon [_thread_blocked, id=12432, stack(0x0000000017bf0000,0x0000000017cf0000)]
  0x000000000301e800 JavaThread "main" [_thread_blocked, id=15504, stack(0x0000000002e60000,0x0000000002f60000)]

Other Threads:
  0x0000000016a56000 VMThread [stack: 0x0000000017af0000,0x0000000017bf0000] [id=8984]
  0x0000000018421000 WatcherThread [stack: 0x00000000188f0000,0x00000000189f0000] [id=14176]

=>0x000000000303c000 (exited) GCTaskThread [stack: 0x0000000012cf0000,0x0000000012df0000] [id=13432]

VM state:at safepoint (normal execution)

VM Mutex/Monitor currently owned by a thread:  ([mutex/lock_event])
[0x000000000301d3d0] Threads_lock - owner thread: 0x0000000016a56000
[0x000000000301cfd0] Heap_lock - owner thread: 0x000000001f9e7800

heap address: 0x00000000a0000000, size: 1536 MB, Compressed Oops mode: 32-bit
Narrow klass base: 0x0000000000000000, Narrow klass shift: 3
Compressed class space size: 1073741824 Address: 0x0000000100000000

Heap:
 PSYoungGen      total 414208K, used 14863K [0x00000000e0000000, 0x0000000100000000, 0x0000000100000000)
  eden space 304128K, 0% used [0x00000000e0000000,0x00000000e0000000,0x00000000f2900000)
  from space 110080K, 13% used [0x00000000f2900000,0x00000000f3783cc8,0x00000000f9480000)
  to   space 109056K, 0% used [0x00000000f9580000,0x00000000f9580000,0x0000000100000000)
 ParOldGen       total 220672K, used 197372K [0x00000000a0000000, 0x00000000ad780000, 0x00000000e0000000)
  object space 220672K, 89% used [0x00000000a0000000,0x00000000ac0bf0a0,0x00000000ad780000)
 Metaspace       used 99878K, capacity 105544K, committed 105776K, reserved 1140736K
  class space    used 12727K, capacity 13783K, committed 13872K, reserved 1048576K

Card table byte_map: [0x00000000124e0000,0x00000000127f0000] byte_map_base: 0x0000000011fe0000

Marking Bits: (ParMarkBitMap*) 0x000000006754f030
 Begin Bits: [0x0000000012df0000, 0x00000000145f0000)
 End Bits:   [0x00000000145f0000, 0x0000000015df0000)

Polling page: 0x0000000001240000

CodeCache: size=245760Kb used=74400Kb max_used=74541Kb free=171359Kb
 bounds [0x0000000003120000, 0x0000000007a70000, 0x0000000012120000]
 total_blobs=20839 nmethods=19935 adapters=816
 compilation: enabled

Compilation events (10 events):
Event: 1888.953 Thread 0x0000000016a99000 nmethod 26097 0x0000000005931e50 code [0x0000000005931fa0, 0x0000000005932098]
Event: 1888.970 Thread 0x0000000016a99000 26291       4       com.android.tools.r8.graph.J0::a (61 bytes)
Event: 1888.987 Thread 0x0000000016a99000 nmethod 26291 0x0000000004d2ec90 code [0x0000000004d2ee80, 0x0000000004d2f530]
Event: 1888.988 Thread 0x0000000016a99000 26292 %     4       com.android.tools.r8.shaking.MainDexListBuilder::traceRuntimeAnnotationsWithEnumForMainDex @ 219 (431 bytes)
Event: 1888.993 Thread 0x0000000016aab000 26293       3       java.util.TreeMap$TreeMapSpliterator::estimateSize (6 bytes)
Event: 1888.994 Thread 0x0000000016aab000 nmethod 26293 0x0000000005931a50 code [0x0000000005931bc0, 0x0000000005931dc8]
Event: 1888.994 Thread 0x0000000016aab000 26294       3       java.util.TreeMap$KeySpliterator::getComparator (8 bytes)
Event: 1888.995 Thread 0x0000000016aab000 nmethod 26294 0x00000000055895d0 code [0x0000000005589720, 0x0000000005589890]
Event: 1888.995 Thread 0x0000000016aab000 26295       3       java.util.TreeMap::keySpliteratorFor (59 bytes)
Event: 1888.995 Thread 0x0000000016aab000 nmethod 26295 0x0000000005932690 code [0x0000000005932880, 0x0000000005933368]

GC Heap History (10 events):
Event: 1880.578 GC heap after
Heap after GC invocations=36 (full 5):
 PSYoungGen      total 331264K, used 0K [0x00000000e0000000, 0x00000000fbf80000, 0x0000000100000000)
  eden space 248320K, 0% used [0x00000000e0000000,0x00000000e0000000,0x00000000ef280000)
  from space 82944K, 0% used [0x00000000ef280000,0x00000000ef280000,0x00000000f4380000)
  to   space 81408K, 0% used [0x00000000f7000000,0x00000000f7000000,0x00000000fbf80000)
 ParOldGen       total 220672K, used 90147K [0x00000000a0000000, 0x00000000ad780000, 0x00000000e0000000)
  object space 220672K, 40% used [0x00000000a0000000,0x00000000a5808df8,0x00000000ad780000)
 Metaspace       used 98358K, capacity 103650K, committed 103984K, reserved 1140736K
  class space    used 12526K, capacity 13536K, committed 13616K, reserved 1048576K
}
Event: 1883.731 GC heap before
{Heap before GC invocations=37 (full 5):
 PSYoungGen      total 331264K, used 248320K [0x00000000e0000000, 0x00000000fbf80000, 0x0000000100000000)
  eden space 248320K, 100% used [0x00000000e0000000,0x00000000ef280000,0x00000000ef280000)
  from space 82944K, 0% used [0x00000000ef280000,0x00000000ef280000,0x00000000f4380000)
  to   space 81408K, 0% used [0x00000000f7000000,0x00000000f7000000,0x00000000fbf80000)
 ParOldGen       total 220672K, used 90147K [0x00000000a0000000, 0x00000000ad780000, 0x00000000e0000000)
  object space 220672K, 40% used [0x00000000a0000000,0x00000000a5808df8,0x00000000ad780000)
 Metaspace       used 99017K, capacity 104378K, committed 104624K, reserved 1140736K
  class space    used 12620K, capacity 13654K, committed 13744K, reserved 1048576K
Event: 1883.811 GC heap after
Heap after GC invocations=37 (full 5):
 PSYoungGen      total 376832K, used 41883K [0x00000000e0000000, 0x00000000fbd80000, 0x0000000100000000)
  eden space 297472K, 0% used [0x00000000e0000000,0x00000000e0000000,0x00000000f2280000)
  from space 79360K, 52% used [0x00000000f7000000,0x00000000f98e6c08,0x00000000fbd80000)
  to   space 79360K, 0% used [0x00000000f2280000,0x00000000f2280000,0x00000000f7000000)
 ParOldGen       total 220672K, used 90155K [0x00000000a0000000, 0x00000000ad780000, 0x00000000e0000000)
  object space 220672K, 40% used [0x00000000a0000000,0x00000000a580adf8,0x00000000ad780000)
 Metaspace       used 99017K, capacity 104378K, committed 104624K, reserved 1140736K
  class space    used 12620K, capacity 13654K, committed 13744K, reserved 1048576K
}
Event: 1885.129 GC heap before
{Heap before GC invocations=38 (full 5):
 PSYoungGen      total 376832K, used 339355K [0x00000000e0000000, 0x00000000fbd80000, 0x0000000100000000)
  eden space 297472K, 100% used [0x00000000e0000000,0x00000000f2280000,0x00000000f2280000)
  from space 79360K, 52% used [0x00000000f7000000,0x00000000f98e6c08,0x00000000fbd80000)
  to   space 79360K, 0% used [0x00000000f2280000,0x00000000f2280000,0x00000000f7000000)
 ParOldGen       total 220672K, used 90155K [0x00000000a0000000, 0x00000000ad780000, 0x00000000e0000000)
  object space 220672K, 40% used [0x00000000a0000000,0x00000000a580adf8,0x00000000ad780000)
 Metaspace       used 99059K, capacity 104460K, committed 104624K, reserved 1140736K
  class space    used 12623K, capacity 13657K, committed 13744K, reserved 1048576K
Event: 1885.266 GC heap after
Heap after GC invocations=38 (full 5):
 PSYoungGen      total 376832K, used 75166K [0x00000000e0000000, 0x0000000100000000, 0x0000000100000000)
  eden space 297472K, 0% used [0x00000000e0000000,0x00000000e0000000,0x00000000f2280000)
  from space 79360K, 94% used [0x00000000f2280000,0x00000000f6be7838,0x00000000f7000000)
  to   space 89600K, 0% used [0x00000000fa880000,0x00000000fa880000,0x0000000100000000)
 ParOldGen       total 220672K, used 90155K [0x00000000a0000000, 0x00000000ad780000, 0x00000000e0000000)
  object space 220672K, 40% used [0x00000000a0000000,0x00000000a580adf8,0x00000000ad780000)
 Metaspace       used 99059K, capacity 104460K, committed 104624K, reserved 1140736K
  class space    used 12623K, capacity 13657K, committed 13744K, reserved 1048576K
}
Event: 1887.225 GC heap before
{Heap before GC invocations=39 (full 5):
 PSYoungGen      total 376832K, used 372638K [0x00000000e0000000, 0x0000000100000000, 0x0000000100000000)
  eden space 297472K, 100% used [0x00000000e0000000,0x00000000f2280000,0x00000000f2280000)
  from space 79360K, 94% used [0x00000000f2280000,0x00000000f6be7838,0x00000000f7000000)
  to   space 89600K, 0% used [0x00000000fa880000,0x00000000fa880000,0x0000000100000000)
 ParOldGen       total 220672K, used 90155K [0x00000000a0000000, 0x00000000ad780000, 0x00000000e0000000)
  object space 220672K, 40% used [0x00000000a0000000,0x00000000a580adf8,0x00000000ad780000)
 Metaspace       used 99111K, capacity 104540K, committed 104880K, reserved 1140736K
  class space    used 12626K, capacity 13659K, committed 13744K, reserved 1048576K
Event: 1887.392 GC heap after
Heap after GC invocations=39 (full 5):
 PSYoungGen      total 393728K, used 89590K [0x00000000e0000000, 0x0000000100000000, 0x0000000100000000)
  eden space 304128K, 0% used [0x00000000e0000000,0x00000000e0000000,0x00000000f2900000)
  from space 89600K, 99% used [0x00000000fa880000,0x00000000ffffdad0,0x0000000100000000)
  to   space 110080K, 0% used [0x00000000f2900000,0x00000000f2900000,0x00000000f9480000)
 ParOldGen       total 220672K, used 109385K [0x00000000a0000000, 0x00000000ad780000, 0x00000000e0000000)
  object space 220672K, 49% used [0x00000000a0000000,0x00000000a6ad27a8,0x00000000ad780000)
 Metaspace       used 99111K, capacity 104540K, committed 104880K, reserved 1140736K
  class space    used 12626K, capacity 13659K, committed 13744K, reserved 1048576K
}
Event: 1889.134 GC heap before
{Heap before GC invocations=40 (full 5):
 PSYoungGen      total 393728K, used 393718K [0x00000000e0000000, 0x0000000100000000, 0x0000000100000000)
  eden space 304128K, 100% used [0x00000000e0000000,0x00000000f2900000,0x00000000f2900000)
  from space 89600K, 99% used [0x00000000fa880000,0x00000000ffffdad0,0x0000000100000000)
  to   space 110080K, 0% used [0x00000000f2900000,0x00000000f2900000,0x00000000f9480000)
 ParOldGen       total 220672K, used 109385K [0x00000000a0000000, 0x00000000ad780000, 0x00000000e0000000)
  object space 220672K, 49% used [0x00000000a0000000,0x00000000a6ad27a8,0x00000000ad780000)
 Metaspace       used 99878K, capacity 105544K, committed 105776K, reserved 1140736K
  class space    used 12727K, capacity 13783K, committed 13872K, reserved 1048576K
Event: 1889.339 GC heap after
Heap after GC invocations=40 (full 5):
 PSYoungGen      total 414208K, used 14863K [0x00000000e0000000, 0x0000000100000000, 0x0000000100000000)
  eden space 304128K, 0% used [0x00000000e0000000,0x00000000e0000000,0x00000000f2900000)
  from space 110080K, 13% used [0x00000000f2900000,0x00000000f3783cc8,0x00000000f9480000)
  to   space 109056K, 0% used [0x00000000f9580000,0x00000000f9580000,0x0000000100000000)
 ParOldGen       total 220672K, used 197372K [0x00000000a0000000, 0x00000000ad780000, 0x00000000e0000000)
  object space 220672K, 89% used [0x00000000a0000000,0x00000000ac0bf0a0,0x00000000ad780000)
 Metaspace       used 99878K, capacity 105544K, committed 105776K, reserved 1140736K
  class space    used 12727K, capacity 13783K, committed 13872K, reserved 1048576K
}
Event: 1889.339 GC heap before
{Heap before GC invocations=41 (full 6):
 PSYoungGen      total 414208K, used 14863K [0x00000000e0000000, 0x0000000100000000, 0x0000000100000000)
  eden space 304128K, 0% used [0x00000000e0000000,0x00000000e0000000,0x00000000f2900000)
  from space 110080K, 13% used [0x00000000f2900000,0x00000000f3783cc8,0x00000000f9480000)
  to   space 109056K, 0% used [0x00000000f9580000,0x00000000f9580000,0x0000000100000000)
 ParOldGen       total 220672K, used 197372K [0x00000000a0000000, 0x00000000ad780000, 0x00000000e0000000)
  object space 220672K, 89% used [0x00000000a0000000,0x00000000ac0bf0a0,0x00000000ad780000)
 Metaspace       used 99878K, capacity 105544K, committed 105776K, reserved 1140736K
  class space    used 12727K, capacity 13783K, committed 13872K, reserved 1048576K

Deoptimization events (10 events):
Event: 1888.030 Thread 0x000000001f9e7800 Uncommon trap: reason=class_check action=maybe_recompile pc=0x00000000048c8134 method=com.android.tools.r8.graph.e0.collectIndexedItems(Lcom/android/tools/r8/dex/v;Lcom/android/tools/r8/graph/Z;I)V @ 2
Event: 1888.033 Thread 0x000000001f9e7800 Uncommon trap: reason=class_check action=maybe_recompile pc=0x00000000048c8134 method=com.android.tools.r8.graph.e0.collectIndexedItems(Lcom/android/tools/r8/dex/v;Lcom/android/tools/r8/graph/Z;I)V @ 2
Event: 1888.087 Thread 0x000000001f9e7800 Uncommon trap: reason=unstable_if action=reinterpret pc=0x00000000055e8fdc method=com.android.tools.r8.ir.conversion.N.j()Z @ 10
Event: 1888.087 Thread 0x000000001f9e7800 Uncommon trap: reason=unstable_if action=reinterpret pc=0x0000000004eba4dc method=com.android.tools.r8.ir.conversion.N.j()Z @ 10
Event: 1888.087 Thread 0x000000001f9e7800 Uncommon trap: reason=unstable_if action=reinterpret pc=0x0000000003bdee2c method=com.android.tools.r8.ir.conversion.N.j()Z @ 10
Event: 1888.316 Thread 0x000000001f9e7800 Uncommon trap: reason=class_check action=maybe_recompile pc=0x00000000077f000c method=com.android.tools.r8.graph.U.collectIndexedItems(Lcom/android/tools/r8/dex/v;Lcom/android/tools/r8/graph/Z;I)V @ 2
Event: 1888.316 Thread 0x000000001f9e7800 Uncommon trap: reason=class_check action=maybe_recompile pc=0x00000000077f000c method=com.android.tools.r8.graph.U.collectIndexedItems(Lcom/android/tools/r8/dex/v;Lcom/android/tools/r8/graph/Z;I)V @ 2
Event: 1888.317 Thread 0x000000001f9e7800 Uncommon trap: reason=class_check action=maybe_recompile pc=0x00000000077f000c method=com.android.tools.r8.graph.U.collectIndexedItems(Lcom/android/tools/r8/dex/v;Lcom/android/tools/r8/graph/Z;I)V @ 2
Event: 1888.318 Thread 0x000000001f9e7800 Uncommon trap: reason=class_check action=maybe_recompile pc=0x00000000077f000c method=com.android.tools.r8.graph.U.collectIndexedItems(Lcom/android/tools/r8/dex/v;Lcom/android/tools/r8/graph/Z;I)V @ 2
Event: 1888.319 Thread 0x000000001f9e7800 Uncommon trap: reason=class_check action=maybe_recompile pc=0x0000000006817688 method=com.android.tools.r8.graph.e0.collectIndexedItems(Lcom/android/tools/r8/dex/v;Lcom/android/tools/r8/graph/Z;I)V @ 2

Classes redefined (0 events):
No events

Internal exceptions (10 events):
Event: 1881.358 Thread 0x000000001f9f3000 Exception <a 'sun/nio/fs/WindowsException'> (0x00000000e4329138) thrown at [C:\src\AOSP-openjdk-git\hotspot\src\share\vm\prims\jni.cpp, line 710]
Event: 1881.361 Thread 0x000000001f9f3000 Exception <a 'sun/nio/fs/WindowsException'> (0x00000000e43721c0) thrown at [C:\src\AOSP-openjdk-git\hotspot\src\share\vm\prims\jni.cpp, line 710]
Event: 1881.363 Thread 0x000000001f9f3000 Exception <a 'sun/nio/fs/WindowsException'> (0x00000000e43b7758) thrown at [C:\src\AOSP-openjdk-git\hotspot\src\share\vm\prims\jni.cpp, line 710]
Event: 1881.364 Thread 0x000000001f9f3000 Exception <a 'sun/nio/fs/WindowsException'> (0x00000000e44009e0) thrown at [C:\src\AOSP-openjdk-git\hotspot\src\share\vm\prims\jni.cpp, line 710]
Event: 1881.367 Thread 0x000000001f9f3000 Exception <a 'sun/nio/fs/WindowsException'> (0x00000000e44466b8) thrown at [C:\src\AOSP-openjdk-git\hotspot\src\share\vm\prims\jni.cpp, line 710]
Event: 1881.370 Thread 0x000000001f9f3000 Exception <a 'sun/nio/fs/WindowsException'> (0x00000000e448c940) thrown at [C:\src\AOSP-openjdk-git\hotspot\src\share\vm\prims\jni.cpp, line 710]
Event: 1881.792 Thread 0x0000000019120800 Exception <a 'sun/nio/fs/WindowsException'> (0x00000000e5fcb988) thrown at [C:\src\AOSP-openjdk-git\hotspot\src\share\vm\prims\jni.cpp, line 710]
Event: 1881.792 Thread 0x0000000019120800 Exception <a 'sun/nio/fs/WindowsException'> (0x00000000e5fcd558) thrown at [C:\src\AOSP-openjdk-git\hotspot\src\share\vm\prims\jni.cpp, line 710]
Event: 1881.833 Thread 0x0000000019120800 Exception <a 'java/lang/NoSuchMethodError': <clinit>> (0x00000000e6083448) thrown at [C:\src\AOSP-openjdk-git\hotspot\src\share\vm\prims\jni.cpp, line 1615]
Event: 1884.479 Thread 0x0000000023860000 Implicit null exception at 0x00000000066d3122 to 0x00000000066d6125

Events (10 events):
Event: 1888.325 loading class com/android/tools/r8/graph/f0 done
Event: 1888.325 loading class com/android/tools/r8/graph/u
Event: 1888.325 loading class com/android/tools/r8/graph/u done
Event: 1888.325 loading class com/android/tools/r8/shaking/MainDexListBuilder
Event: 1888.325 loading class com/android/tools/r8/shaking/MainDexListBuilder done
Event: 1888.932 Thread 0x000000001f9e7800 DEOPT PACKING pc=0x0000000003d5fb5d sp=0x000000002501da10
Event: 1888.932 Thread 0x000000001f9e7800 DEOPT UNPACKING pc=0x00000000031671d0 sp=0x000000002501d730 mode 0
Event: 1889.047 Thread 0x000000001f9e7800 DEOPT PACKING pc=0x0000000003d5fb5d sp=0x000000002501da10
Event: 1889.047 Thread 0x000000001f9e7800 DEOPT UNPACKING pc=0x00000000031671d0 sp=0x000000002501d730 mode 0
Event: 1889.134 Executing VM operation: ParallelGCFailedAllocation


Dynamic libraries:
0x00007ff74ef10000 - 0x00007ff74ef41000 	C:\Program Files\Android\Android Studio\jre\bin\java.exe
0x00007ff89f5e0000 - 0x00007ff89f7d0000 	C:\Windows\SYSTEM32\ntdll.dll
0x00007ff89d980000 - 0x00007ff89da32000 	C:\Windows\System32\KERNEL32.DLL
0x00007ff89ce70000 - 0x00007ff89d115000 	C:\Windows\System32\KERNELBASE.dll
0x00007ff89db20000 - 0x00007ff89dbc3000 	C:\Windows\System32\ADVAPI32.dll
0x00007ff89ee90000 - 0x00007ff89ef2e000 	C:\Windows\System32\msvcrt.dll
0x00007ff89d660000 - 0x00007ff89d6f7000 	C:\Windows\System32\sechost.dll
0x00007ff89d700000 - 0x00007ff89d820000 	C:\Windows\System32\RPCRT4.dll
0x00007ff89dd10000 - 0x00007ff89dea4000 	C:\Windows\System32\USER32.dll
0x00007ff89d270000 - 0x00007ff89d291000 	C:\Windows\System32\win32u.dll
0x00007ff89f400000 - 0x00007ff89f426000 	C:\Windows\System32\GDI32.dll
0x00007ff89d490000 - 0x00007ff89d626000 	C:\Windows\System32\gdi32full.dll
0x00007ff89d1d0000 - 0x00007ff89d26e000 	C:\Windows\System32\msvcp_win.dll
0x00007ff89c540000 - 0x00007ff89c63a000 	C:\Windows\System32\ucrtbase.dll
0x00007ff88fd20000 - 0x00007ff88ffa4000 	C:\Windows\WinSxS\amd64_microsoft.windows.common-controls_6595b64144ccf1df_6.0.18362.1139_none_9e7bf2d3e4605ac6\COMCTL32.dll
0x00007ff89e090000 - 0x00007ff89e3c5000 	C:\Windows\System32\combase.dll
0x00007ff89d2a0000 - 0x00007ff89d320000 	C:\Windows\System32\bcryptPrimitives.dll
0x00007ff89ec90000 - 0x00007ff89ecbe000 	C:\Windows\System32\IMM32.DLL
0x0000000066bc0000 - 0x0000000066c92000 	C:\Program Files\Android\Android Studio\jre\jre\bin\msvcr100.dll
0x0000000066d80000 - 0x00000000675cb000 	C:\Program Files\Android\Android Studio\jre\jre\bin\server\jvm.dll
0x00007ff89eb70000 - 0x00007ff89eb78000 	C:\Windows\System32\PSAPI.DLL
0x00007ff893f20000 - 0x00007ff893f2a000 	C:\Windows\SYSTEM32\VERSION.dll
0x00007ff88cb80000 - 0x00007ff88cba4000 	C:\Windows\SYSTEM32\WINMM.dll
0x00007ff88cb50000 - 0x00007ff88cb7d000 	C:\Windows\SYSTEM32\winmmbase.dll
0x00007ff89d180000 - 0x00007ff89d1ca000 	C:\Windows\System32\cfgmgr32.dll
0x00007ff898360000 - 0x00007ff898369000 	C:\Windows\SYSTEM32\WSOCK32.dll
0x00007ff89f490000 - 0x00007ff89f4ff000 	C:\Windows\System32\WS2_32.dll
0x00007ff898350000 - 0x00007ff89835f000 	C:\Program Files\Android\Android Studio\jre\jre\bin\verify.dll
0x00007ff896c10000 - 0x00007ff896c39000 	C:\Program Files\Android\Android Studio\jre\jre\bin\java.dll
0x00007ff898330000 - 0x00007ff898346000 	C:\Program Files\Android\Android Studio\jre\jre\bin\zip.dll
0x00007ff89e480000 - 0x00007ff89eb67000 	C:\Windows\System32\SHELL32.dll
0x00007ff89ebe0000 - 0x00007ff89ec89000 	C:\Windows\System32\shcore.dll
0x00007ff89c640000 - 0x00007ff89cdc0000 	C:\Windows\System32\windows.storage.dll
0x00007ff89c4a0000 - 0x00007ff89c4c3000 	C:\Windows\System32\profapi.dll
0x00007ff89c4d0000 - 0x00007ff89c51a000 	C:\Windows\System32\powrprof.dll
0x00007ff89c470000 - 0x00007ff89c480000 	C:\Windows\System32\UMPDC.dll
0x00007ff89eb80000 - 0x00007ff89ebd2000 	C:\Windows\System32\shlwapi.dll
0x00007ff89c480000 - 0x00007ff89c491000 	C:\Windows\System32\kernel.appcore.dll
0x00007ff89d320000 - 0x00007ff89d337000 	C:\Windows\System32\cryptsp.dll
0x00007ff896590000 - 0x00007ff8965aa000 	C:\Program Files\Android\Android Studio\jre\jre\bin\net.dll
0x00007ff89bc10000 - 0x00007ff89bc77000 	C:\Windows\system32\mswsock.dll
0x00007ff88bce0000 - 0x00007ff88bcf3000 	C:\Program Files\Android\Android Studio\jre\jre\bin\nio.dll
0x00007ff889670000 - 0x00007ff889696000 	C:\Users\AIO PC3\.gradle\native\31\windows-amd64\native-platform.dll
0x00007ff898290000 - 0x00007ff89829d000 	C:\Program Files\Android\Android Studio\jre\jre\bin\management.dll
0x00007ff89b790000 - 0x00007ff89b7c3000 	C:\Windows\system32\rsaenh.dll
0x00007ff89d630000 - 0x00007ff89d656000 	C:\Windows\System32\bcrypt.dll
0x00007ff89c390000 - 0x00007ff89c3b5000 	C:\Windows\SYSTEM32\USERENV.dll
0x00007ff89bd90000 - 0x00007ff89bd9c000 	C:\Windows\SYSTEM32\CRYPTBASE.dll
0x00007ff89b930000 - 0x00007ff89b96a000 	C:\Windows\SYSTEM32\IPHLPAPI.DLL
0x00007ff89d820000 - 0x00007ff89d828000 	C:\Windows\System32\NSI.dll
0x00007ff895700000 - 0x00007ff895716000 	C:\Windows\SYSTEM32\dhcpcsvc6.DLL
0x00007ff8963b0000 - 0x00007ff8963cc000 	C:\Windows\SYSTEM32\dhcpcsvc.DLL
0x00007ff89b970000 - 0x00007ff89ba3b000 	C:\Windows\SYSTEM32\DNSAPI.dll
0x00007ff895270000 - 0x00007ff895464000 	C:\Windows\SYSTEM32\dbghelp.dll

VM Arguments:
jvm_args: -Xmx1536m -Dfile.encoding=windows-1252 -Duser.country=US -Duser.language=en -Duser.variant 
java_command: org.gradle.launcher.daemon.bootstrap.GradleDaemon 6.1.1
java_class_path (initial): C:\Users\AIO PC3\.gradle\wrapper\dists\gradle-6.1.1-all\cfmwm155h49vnt3hynmlrsdst\gradle-6.1.1\lib\gradle-launcher-6.1.1.jar
Launcher Type: SUN_STANDARD

Environment Variables:
PATH=C:\Windows\system32;C:\Windows;C:\Windows\System32\Wbem;C:\Windows\System32\WindowsPowerShell\v1.0\;C:\Windows\System32\OpenSSH\;C:\Program Files (x86)\ATI Technologies\ATI.ACE\Core-Static;C:\Program Files\dotnet\;C:\Program Files\Microsoft SQL Server\130\Tools\Binn\;C:\Program Files (x86)\Microsoft SQL Server\100\Tools\Binn\;C:\Program Files (x86)\Microsoft SQL Server\100\DTS\Binn\;C:\Program Files (x86)\Microsoft SQL Server\100\Tools\Binn\VSShell\Common7\IDE\;C:\Program Files (x86)\Microsoft Visual Studio 9.0\Common7\IDE\PrivateAssemblies\;C:\Windows\system32\config\systemprofile\.dnx\bin;C:\Program Files\Microsoft DNX\Dnvm\;C:\Program Files\Microsoft SQL Server\120\Tools\Binn\;C:\Users\AIO PC3\AppData\Local\Microsoft\WindowsApps;
USERNAME=AIO PC3
OS=Windows_NT
PROCESSOR_IDENTIFIER=Intel64 Family 6 Model 37 Stepping 5, GenuineIntel



---------------  S Y S T E M  ---------------

OS: Windows 10.0 , 64 bit Build 18362 (10.0.18362.1110)

CPU:total 4 (initial active 4) (2 cores per cpu, 2 threads per core) family 6 model 37 stepping 5, cmov, cx8, fxsr, mmx, sse, sse2, sse3, ssse3, sse4.1, sse4.2, popcnt, aes, clmul, ht, tsc, tscinvbit

Memory: 4k page, physical 8051052k(738940k free), swap 13556076k(2640904k free)

vm_info: OpenJDK 64-Bit Server VM (25.242-b01) for windows-amd64 JRE (1.8.0_242-release-1644-b01), built by "builder" with MS VC++ 10.0 (VS2010)

time: Sat Oct 17 14:20:07 2020
timezone: SE Asia Standard Time
elapsed time: 1889 seconds (0d 0h 31m 29s)

