#
# A fatal error has been detected by the Java Runtime Environment:
#
#  EXCEPTION_ACCESS_VIOLATION (0xc0000005) at pc=0x000000005cf6f99e, pid=6220, tid=0x0000000000000d1c
#
# JRE version: OpenJDK Runtime Environment (8.0_242-b01) (build 1.8.0_242-release-1644-b01)
# Java VM: OpenJDK 64-Bit Server VM (25.242-b01 mixed mode windows-amd64 compressed oops)
# Problematic frame:
# V  [jvm.dll+0xef99e]
#
# Failed to write core dump. Minidumps are not enabled by default on client versions of Windows
#
# If you would like to submit a bug report, please visit:
#   
#

---------------  T H R E A D  ---------------

Current thread (0x00000000028ba800):  GCTaskThread [stack: 0x0000000012470000,0x0000000012570000] [id=3356]

siginfo: ExceptionCode=0xc0000005, reading address 0xffffffffffffffff

Registers:
RAX=0x349bc021c019c08d, RBX=0x00000000e14761c0, RCX=0x00000000030803b0, RDX=0x00000000e14761c0
RSP=0x000000001256f330, RBP=0x00000000a14761b8, RSI=0x0000000000000003, RDI=0x000000000298b450
R8 =0x00000000030803b0, R9 =0x000000004423c005, R10=0x000000000000000c, R11=0x0000000000002652
R12=0x00000000a14761bc, R13=0x00000001003fe798, R14=0x00000001003fe7a0, R15=0x00000000a14761a0
RIP=0x000000005cf6f99e, EFLAGS=0x0000000000010202

Top of Stack: (sp=0x000000001256f330)
0x000000001256f330:   00000000a10e9e40 00000000a14761b0
0x000000001256f340:   0000000000000003 000000000298b450
0x000000001256f350:   0000000000000000 00000000000003d8
0x000000001256f360:   00000000028baf98 00000000028b2950
0x000000001256f370:   0000000000002652 000000005d249af0
0x000000001256f380:   0000000016b022d0 0000000002940790
0x000000001256f390:   000000000298b450 00000000028babc0
0x000000001256f3a0:   0000000000000000 0000000000000c00
0x000000001256f3b0:   0000000000000000 0000000000000000
0x000000001256f3c0:   0000000000000000 0000000017ec9000
0x000000001256f3d0:   0000000000000001 0000405600003401
0x000000001256f3e0:   0000a04c5579e1c7 00000000028baf98
0x000000001256f3f0:   00000000028babc0 00000000000003d8
0x000000001256f400:   00000000028babc0 00000000028b2950
0x000000001256f410:   00000000028babb0 0000000002940790
0x000000001256f420:   000000000298b450 000000005d246a93 

Instructions: (pc=0x000000005cf6f99e)
0x000000005cf6f97e:   48 ff c8 4c 8d 0c 10 48 f7 d0 49 c1 e9 03 48 c1
0x000000005cf6f98e:   e8 03 44 23 c8 eb 12 49 8b 00 48 8b d3 49 8b c8
0x000000005cf6f99e:   ff 90 e8 00 00 00 44 8b c8 49 63 f1 48 8d 0d 7f
0x000000005cf6f9ae:   f6 6d 00 48 8b d3 4c 8b c6 e8 e4 66 2d 00 84 c0 


Register to memory mapping:

RAX=0x349bc021c019c08d is an unknown value
RBX=0x00000000e14761c0 is an oop

[error occurred during error reporting (printing register info), id 0xc0000005]

Stack: [0x0000000012470000,0x0000000012570000],  sp=0x000000001256f330,  free space=1020k
Native frames: (J=compiled Java code, j=interpreted, Vv=VM code, C=native code)
V  [jvm.dll+0xef99e]
V  [jvm.dll+0x3c9af0]
V  [jvm.dll+0x3c6a93]
V  [jvm.dll+0x3c482e]
V  [jvm.dll+0x27276a]
C  [msvcr100.dll+0x21d9f]
C  [msvcr100.dll+0x21e3b]
C  [KERNEL32.DLL+0x17bd4]
C  [ntdll.dll+0x6ce51]


---------------  P R O C E S S  ---------------

Java Threads: ( => current thread )
  0x0000000017ecd800 JavaThread "Cache worker for Java compile cache (D:\KHANG\TiHa\TiHa\.gradle\6.1.1\javaCompile)" [_thread_blocked, id=4068, stack(0x00000000255d0000,0x00000000256d0000)]
  0x0000000017ec9000 JavaThread "stdout" [_thread_in_native, id=13384, stack(0x0000000025e50000,0x0000000025f50000)]
  0x0000000017ecb000 JavaThread "stderr" [_thread_in_native, id=1752, stack(0x0000000025d50000,0x0000000025e50000)]
  0x0000000017eca800 JavaThread "pool-6-thread-1" [_thread_blocked, id=14392, stack(0x0000000024eb0000,0x0000000024fb0000)]
  0x0000000017ec1800 JavaThread "WorkerExecutor Queue Thread 2" [_thread_blocked, id=13628, stack(0x0000000024bb0000,0x0000000024cb0000)]
  0x0000000017ec7800 JavaThread "WorkerExecutor Queue" [_thread_blocked, id=1656, stack(0x0000000024ab0000,0x0000000024bb0000)]
  0x0000000017ec0000 JavaThread "Cache worker for execution history cache (D:\KHANG\TiHa\TiHa\.gradle\6.1.1\executionHistory)" [_thread_blocked, id=11212, stack(0x00000000246b0000,0x00000000247b0000)]
  0x0000000017ec6000 JavaThread "Execution worker for ':' Thread 3" [_thread_blocked, id=14196, stack(0x0000000023fb0000,0x00000000240b0000)]
  0x0000000017ec4800 JavaThread "Execution worker for ':' Thread 2" [_thread_blocked, id=15044, stack(0x0000000021f50000,0x0000000022050000)]
  0x000000002318b000 JavaThread "Execution worker for ':'" [_thread_blocked, id=1288, stack(0x0000000021450000,0x0000000021550000)]
  0x0000000023189800 JavaThread "Cache worker for file content cache (D:\KHANG\TiHa\TiHa\.gradle\6.1.1\fileContent)" [_thread_blocked, id=11908, stack(0x0000000020d50000,0x0000000020e50000)]
  0x000000002318f800 JavaThread "Cache worker for Build Output Cleanup Cache (D:\KHANG\TiHa\TiHa\.gradle\buildOutputCleanup)" [_thread_blocked, id=11668, stack(0x0000000020c50000,0x0000000020d50000)]
  0x000000002318a000 JavaThread "Build operations Thread 4" [_thread_blocked, id=14048, stack(0x0000000020b50000,0x0000000020c50000)]
  0x0000000023188000 JavaThread "Build operations Thread 3" [_thread_blocked, id=3880, stack(0x00000000207b0000,0x00000000208b0000)]
  0x000000002318d000 JavaThread "Build operations Thread 2" [_thread_blocked, id=13940, stack(0x000000001fbb0000,0x000000001fcb0000)]
  0x000000002318c800 JavaThread "Build operations" [_thread_blocked, id=9132, stack(0x000000001e840000,0x000000001e940000)]
  0x000000002318e800 JavaThread "Cache worker for cache directory md-rule (C:\Users\AIO PC3\.gradle\caches\6.1.1\md-rule)" [_thread_blocked, id=14740, stack(0x000000001e740000,0x000000001e840000)]
  0x000000002318b800 JavaThread "Cache worker for cache directory md-supplier (C:\Users\AIO PC3\.gradle\caches\6.1.1\md-supplier)" [_thread_blocked, id=3876, stack(0x000000001e640000,0x000000001e740000)]
  0x000000002318e000 JavaThread "Cache worker for file hash cache (D:\KHANG\TiHa\TiHa\.gradle\6.1.1\fileHashes)" [_thread_blocked, id=9672, stack(0x000000001e540000,0x000000001e640000)]
  0x0000000023180800 JavaThread "Cache worker for checksums cache (D:\KHANG\TiHa\TiHa\.gradle\checksums)" [_thread_blocked, id=14552, stack(0x000000001bba0000,0x000000001bca0000)]
  0x0000000023182000 JavaThread "Thread-67" [_thread_blocked, id=13092, stack(0x000000001b8a0000,0x000000001b9a0000)]
  0x0000000023185800 JavaThread "Asynchronous log dispatcher for DefaultDaemonConnection: socket connection from /127.0.0.1:50029 to /127.0.0.1:57812" [_thread_blocked, id=4164, stack(0x000000001b4a0000,0x000000001b5a0000)]
  0x0000000023182800 JavaThread "Daemon worker Thread 3" [_thread_blocked, id=6800, stack(0x000000001b3a0000,0x000000001b4a0000)]
  0x0000000023183800 JavaThread "Cancel handler" [_thread_blocked, id=15292, stack(0x0000000000d10000,0x0000000000e10000)]
  0x0000000023184000 JavaThread "Handler for socket connection from /127.0.0.1:50029 to /127.0.0.1:57812" [_thread_in_native, id=4056, stack(0x0000000000c10000,0x0000000000d10000)]
  0x0000000023187000 JavaThread "Daemon Thread 3" [_thread_blocked, id=10760, stack(0x0000000000b10000,0x0000000000c10000)]
  0x0000000017ec2000 JavaThread "Cache worker for Java compile cache (C:\Users\AIO PC3\.gradle\caches\6.1.1\javaCompile)" [_thread_blocked, id=13076, stack(0x0000000023eb0000,0x0000000023fb0000)]
  0x0000000018a65800 JavaThread "Cache worker for file content cache (C:\Users\AIO PC3\.gradle\caches\6.1.1\fileContent)" [_thread_blocked, id=8652, stack(0x0000000021e50000,0x0000000021f50000)]
  0x0000000018a69000 JavaThread "Memory manager" [_thread_blocked, id=7572, stack(0x0000000021d50000,0x0000000021e50000)]
  0x0000000016329000 JavaThread "Cache worker for execution history cache (C:\Users\AIO PC3\.gradle\caches\6.1.1\executionHistory)" [_thread_blocked, id=12536, stack(0x000000001fcb0000,0x000000001fdb0000)]
  0x000000001632b000 JavaThread "Cache worker for file hash cache (C:\Users\AIO PC3\.gradle\caches\6.1.1\fileHashes)" [_thread_blocked, id=7624, stack(0x000000001c0a0000,0x000000001c1a0000)]
  0x0000000016327800 JavaThread "File lock request listener" [_thread_in_native, id=13200, stack(0x000000001bfa0000,0x000000001c0a0000)]
  0x0000000019d9f000 JavaThread "Cache worker for journal cache (C:\Users\AIO PC3\.gradle\caches\journal-1)" [_thread_blocked, id=10604, stack(0x000000001bea0000,0x000000001bfa0000)]
  0x0000000019b43800 JavaThread "Daemon periodic checks" [_thread_blocked, id=8556, stack(0x000000001b2a0000,0x000000001b3a0000)]
  0x0000000018d4f800 JavaThread "Incoming local TCP Connector on port 50029" [_thread_in_native, id=7088, stack(0x000000001b060000,0x000000001b160000)]
  0x0000000018063000 JavaThread "Daemon health stats" [_thread_blocked, id=3788, stack(0x000000001aa20000,0x000000001ab20000)]
  0x0000000017cb1800 JavaThread "Service Thread" daemon [_thread_blocked, id=7096, stack(0x0000000018080000,0x0000000018180000)]
  0x0000000016324800 JavaThread "C1 CompilerThread2" daemon [_thread_blocked, id=9980, stack(0x0000000017b80000,0x0000000017c80000)]
  0x000000001631c800 JavaThread "C2 CompilerThread1" daemon [_thread_blocked, id=6460, stack(0x0000000017a80000,0x0000000017b80000)]
  0x0000000016310800 JavaThread "C2 CompilerThread0" daemon [_thread_blocked, id=10508, stack(0x0000000017980000,0x0000000017a80000)]
  0x0000000016316000 JavaThread "Attach Listener" daemon [_thread_blocked, id=13364, stack(0x0000000017880000,0x0000000017980000)]
  0x0000000016315000 JavaThread "Signal Dispatcher" daemon [_thread_blocked, id=2820, stack(0x0000000017780000,0x0000000017880000)]
  0x000000000299b000 JavaThread "Finalizer" daemon [_thread_blocked, id=5820, stack(0x0000000017580000,0x0000000017680000)]
  0x00000000162f9000 JavaThread "Reference Handler" daemon [_thread_blocked, id=13476, stack(0x0000000017480000,0x0000000017580000)]
  0x000000000279e000 JavaThread "main" [_thread_blocked, id=11252, stack(0x00000000027a0000,0x00000000028a0000)]

Other Threads:
  0x00000000162d6000 VMThread [stack: 0x0000000017380000,0x0000000017480000] [id=4420]
  0x000000001636e800 WatcherThread [stack: 0x0000000018180000,0x0000000018280000] [id=9988]

=>0x00000000028ba800 (exited) GCTaskThread [stack: 0x0000000012470000,0x0000000012570000] [id=3356]

VM state:at safepoint (normal execution)

VM Mutex/Monitor currently owned by a thread:  ([mutex/lock_event])
[0x000000000279cd90] Threads_lock - owner thread: 0x00000000162d6000
[0x000000000279d290] Heap_lock - owner thread: 0x0000000017ec6000

heap address: 0x00000000a0000000, size: 1536 MB, Compressed Oops mode: 32-bit
Narrow klass base: 0x0000000000000000, Narrow klass shift: 3
Compressed class space size: 1073741824 Address: 0x0000000100000000

Heap:
 PSYoungGen      total 489984K, used 11507K [0x00000000e0000000, 0x00000000ffe00000, 0x0000000100000000)
  eden space 457728K, 0% used [0x00000000e0000000,0x00000000e0000000,0x00000000fbf00000)
  from space 32256K, 35% used [0x00000000fde80000,0x00000000fe9bcec0,0x00000000ffe00000)
  to   space 32256K, 0% used [0x00000000fbf00000,0x00000000fbf00000,0x00000000fde80000)
 ParOldGen       total 207872K, used 193138K [0x00000000a0000000, 0x00000000acb00000, 0x00000000e0000000)
  object space 207872K, 92% used [0x00000000a0000000,0x00000000abc9c868,0x00000000acb00000)
 Metaspace       used 94025K, capacity 98398K, committed 99496K, reserved 1136640K
  class space    used 12126K, capacity 12956K, committed 13232K, reserved 1048576K

Card table byte_map: [0x0000000011d60000,0x0000000012070000] byte_map_base: 0x0000000011860000

Marking Bits: (ParMarkBitMap*) 0x000000005d64f030
 Begin Bits: [0x0000000012670000, 0x0000000013e70000)
 End Bits:   [0x0000000013e70000, 0x0000000015670000)

Polling page: 0x0000000000a00000

CodeCache: size=245760Kb used=62307Kb max_used=63081Kb free=183452Kb
 bounds [0x00000000029a0000, 0x0000000006790000, 0x00000000119a0000]
 total_blobs=17719 nmethods=16825 adapters=806
 compilation: enabled

Compilation events (10 events):
Event: 11045.689 Thread 0x0000000016324800 21023       2       com.android.tools.r8.code.z1::a (17 bytes)
Event: 11045.689 Thread 0x0000000016324800 nmethod 21023 0x0000000006741210 code [0x0000000006741380, 0x0000000006741528]
Event: 11045.824 Thread 0x0000000016324800 21026       1       java.util.WeakHashMap$Entry::getValue (5 bytes)
Event: 11045.825 Thread 0x0000000016324800 nmethod 21026 0x0000000006740f50 code [0x00000000067410a0, 0x00000000067411b0]
Event: 11045.894 Thread 0x0000000016324800 21027       2       org.gradle.internal.logging.slf4j.OutputEventListenerBackedLoggerContext::getLogger (69 bytes)
Event: 11045.895 Thread 0x0000000016324800 nmethod 21027 0x0000000006145110 code [0x00000000061452a0, 0x0000000006145648]
Event: 11045.919 Thread 0x0000000016324800 21028       1       org.gradle.api.internal.artifacts.transform.DefaultTransformer$TransformServiceLookup$InjectionPoint::getInjectedType (5 bytes)
Event: 11045.919 Thread 0x0000000016324800 nmethod 21028 0x0000000006144e50 code [0x0000000006144fa0, 0x00000000061450b0]
Event: 11045.999 Thread 0x0000000016324800 21029       2       com.google.common.primitives.Ints::saturatedCast (25 bytes)
Event: 11046.000 Thread 0x0000000016324800 nmethod 21029 0x0000000006144b10 code [0x0000000006144c60, 0x0000000006144dd0]

GC Heap History (10 events):
Event: 11035.052 GC heap after
Heap after GC invocations=34 (full 4):
 PSYoungGen      total 485376K, used 9275K [0x00000000e0000000, 0x00000000ffe80000, 0x0000000100000000)
  eden space 449024K, 0% used [0x00000000e0000000,0x00000000e0000000,0x00000000fb680000)
  from space 36352K, 25% used [0x00000000fdb00000,0x00000000fe40ec48,0x00000000ffe80000)
  to   space 36864K, 0% used [0x00000000fb680000,0x00000000fb680000,0x00000000fda80000)
 ParOldGen       total 207872K, used 165277K [0x00000000a0000000, 0x00000000acb00000, 0x00000000e0000000)
  object space 207872K, 79% used [0x00000000a0000000,0x00000000aa167768,0x00000000acb00000)
 Metaspace       used 93945K, capacity 98314K, committed 99496K, reserved 1136640K
  class space    used 12125K, capacity 12956K, committed 13232K, reserved 1048576K
}
Event: 11037.914 GC heap before
{Heap before GC invocations=35 (full 4):
 PSYoungGen      total 485376K, used 458299K [0x00000000e0000000, 0x00000000ffe80000, 0x0000000100000000)
  eden space 449024K, 100% used [0x00000000e0000000,0x00000000fb680000,0x00000000fb680000)
  from space 36352K, 25% used [0x00000000fdb00000,0x00000000fe40ec48,0x00000000ffe80000)
  to   space 36864K, 0% used [0x00000000fb680000,0x00000000fb680000,0x00000000fda80000)
 ParOldGen       total 207872K, used 165277K [0x00000000a0000000, 0x00000000acb00000, 0x00000000e0000000)
  object space 207872K, 79% used [0x00000000a0000000,0x00000000aa167768,0x00000000acb00000)
 Metaspace       used 93976K, capacity 98318K, committed 99496K, reserved 1136640K
  class space    used 12125K, capacity 12956K, committed 13232K, reserved 1048576K
Event: 11037.968 GC heap after
Heap after GC invocations=35 (full 4):
 PSYoungGen      total 485888K, used 16492K [0x00000000e0000000, 0x00000000ffd80000, 0x0000000100000000)
  eden space 449024K, 0% used [0x00000000e0000000,0x00000000e0000000,0x00000000fb680000)
  from space 36864K, 44% used [0x00000000fb680000,0x00000000fc69b1d0,0x00000000fda80000)
  to   space 35328K, 0% used [0x00000000fdb00000,0x00000000fdb00000,0x00000000ffd80000)
 ParOldGen       total 207872K, used 168600K [0x00000000a0000000, 0x00000000acb00000, 0x00000000e0000000)
  object space 207872K, 81% used [0x00000000a0000000,0x00000000aa4a6050,0x00000000acb00000)
 Metaspace       used 93976K, capacity 98318K, committed 99496K, reserved 1136640K
  class space    used 12125K, capacity 12956K, committed 13232K, reserved 1048576K
}
Event: 11040.690 GC heap before
{Heap before GC invocations=36 (full 4):
 PSYoungGen      total 485888K, used 465516K [0x00000000e0000000, 0x00000000ffd80000, 0x0000000100000000)
  eden space 449024K, 100% used [0x00000000e0000000,0x00000000fb680000,0x00000000fb680000)
  from space 36864K, 44% used [0x00000000fb680000,0x00000000fc69b1d0,0x00000000fda80000)
  to   space 35328K, 0% used [0x00000000fdb00000,0x00000000fdb00000,0x00000000ffd80000)
 ParOldGen       total 207872K, used 168600K [0x00000000a0000000, 0x00000000acb00000, 0x00000000e0000000)
  object space 207872K, 81% used [0x00000000a0000000,0x00000000aa4a6050,0x00000000acb00000)
 Metaspace       used 93995K, capacity 98386K, committed 99496K, reserved 1136640K
  class space    used 12125K, capacity 12956K, committed 13232K, reserved 1048576K
Event: 11040.802 GC heap after
Heap after GC invocations=36 (full 4):
 PSYoungGen      total 485376K, used 18612K [0x00000000e0000000, 0x00000000ffb80000, 0x0000000100000000)
  eden space 452096K, 0% used [0x00000000e0000000,0x00000000e0000000,0x00000000fb980000)
  from space 33280K, 55% used [0x00000000fdb00000,0x00000000fed2d360,0x00000000ffb80000)
  to   space 33792K, 0% used [0x00000000fb980000,0x00000000fb980000,0x00000000fda80000)
 ParOldGen       total 207872K, used 173168K [0x00000000a0000000, 0x00000000acb00000, 0x00000000e0000000)
  object space 207872K, 83% used [0x00000000a0000000,0x00000000aa91c310,0x00000000acb00000)
 Metaspace       used 93995K, capacity 98386K, committed 99496K, reserved 1136640K
  class space    used 12125K, capacity 12956K, committed 13232K, reserved 1048576K
}
Event: 11043.398 GC heap before
{Heap before GC invocations=37 (full 4):
 PSYoungGen      total 485376K, used 470708K [0x00000000e0000000, 0x00000000ffb80000, 0x0000000100000000)
  eden space 452096K, 100% used [0x00000000e0000000,0x00000000fb980000,0x00000000fb980000)
  from space 33280K, 55% used [0x00000000fdb00000,0x00000000fed2d360,0x00000000ffb80000)
  to   space 33792K, 0% used [0x00000000fb980000,0x00000000fb980000,0x00000000fda80000)
 ParOldGen       total 207872K, used 173168K [0x00000000a0000000, 0x00000000acb00000, 0x00000000e0000000)
  object space 207872K, 83% used [0x00000000a0000000,0x00000000aa91c310,0x00000000acb00000)
 Metaspace       used 94015K, capacity 98394K, committed 99496K, reserved 1136640K
  class space    used 12126K, capacity 12956K, committed 13232K, reserved 1048576K
Event: 11043.460 GC heap after
Heap after GC invocations=37 (full 4):
 PSYoungGen      total 485888K, used 19465K [0x00000000e0000000, 0x00000000ffe80000, 0x0000000100000000)
  eden space 452096K, 0% used [0x00000000e0000000,0x00000000e0000000,0x00000000fb980000)
  from space 33792K, 57% used [0x00000000fb980000,0x00000000fcc82430,0x00000000fda80000)
  to   space 32768K, 0% used [0x00000000fde80000,0x00000000fde80000,0x00000000ffe80000)
 ParOldGen       total 207872K, used 183460K [0x00000000a0000000, 0x00000000acb00000, 0x00000000e0000000)
  object space 207872K, 88% used [0x00000000a0000000,0x00000000ab329210,0x00000000acb00000)
 Metaspace       used 94015K, capacity 98394K, committed 99496K, reserved 1136640K
  class space    used 12126K, capacity 12956K, committed 13232K, reserved 1048576K
}
Event: 11046.038 GC heap before
{Heap before GC invocations=38 (full 4):
 PSYoungGen      total 485888K, used 471561K [0x00000000e0000000, 0x00000000ffe80000, 0x0000000100000000)
  eden space 452096K, 100% used [0x00000000e0000000,0x00000000fb980000,0x00000000fb980000)
  from space 33792K, 57% used [0x00000000fb980000,0x00000000fcc82430,0x00000000fda80000)
  to   space 32768K, 0% used [0x00000000fde80000,0x00000000fde80000,0x00000000ffe80000)
 ParOldGen       total 207872K, used 183460K [0x00000000a0000000, 0x00000000acb00000, 0x00000000e0000000)
  object space 207872K, 88% used [0x00000000a0000000,0x00000000ab329210,0x00000000acb00000)
 Metaspace       used 94025K, capacity 98398K, committed 99496K, reserved 1136640K
  class space    used 12126K, capacity 12956K, committed 13232K, reserved 1048576K
Event: 11046.081 GC heap after
Heap after GC invocations=38 (full 4):
 PSYoungGen      total 489984K, used 11507K [0x00000000e0000000, 0x00000000ffe00000, 0x0000000100000000)
  eden space 457728K, 0% used [0x00000000e0000000,0x00000000e0000000,0x00000000fbf00000)
  from space 32256K, 35% used [0x00000000fde80000,0x00000000fe9bcec0,0x00000000ffe00000)
  to   space 32256K, 0% used [0x00000000fbf00000,0x00000000fbf00000,0x00000000fde80000)
 ParOldGen       total 207872K, used 193138K [0x00000000a0000000, 0x00000000acb00000, 0x00000000e0000000)
  object space 207872K, 92% used [0x00000000a0000000,0x00000000abc9c868,0x00000000acb00000)
 Metaspace       used 94025K, capacity 98398K, committed 99496K, reserved 1136640K
  class space    used 12126K, capacity 12956K, committed 13232K, reserved 1048576K
}
Event: 11046.081 GC heap before
{Heap before GC invocations=39 (full 5):
 PSYoungGen      total 489984K, used 11507K [0x00000000e0000000, 0x00000000ffe00000, 0x0000000100000000)
  eden space 457728K, 0% used [0x00000000e0000000,0x00000000e0000000,0x00000000fbf00000)
  from space 32256K, 35% used [0x00000000fde80000,0x00000000fe9bcec0,0x00000000ffe00000)
  to   space 32256K, 0% used [0x00000000fbf00000,0x00000000fbf00000,0x00000000fde80000)
 ParOldGen       total 207872K, used 193138K [0x00000000a0000000, 0x00000000acb00000, 0x00000000e0000000)
  object space 207872K, 92% used [0x00000000a0000000,0x00000000abc9c868,0x00000000acb00000)
 Metaspace       used 94025K, capacity 98398K, committed 99496K, reserved 1136640K
  class space    used 12126K, capacity 12956K, committed 13232K, reserved 1048576K

Deoptimization events (10 events):
Event: 11039.610 Thread 0x0000000017ec4800 Uncommon trap: reason=unstable_if action=reinterpret pc=0x0000000006637c8c method=com.android.tools.r8.utils.P.a(C)Z @ 15
Event: 11039.612 Thread 0x000000002318b000 Uncommon trap: reason=array_check action=maybe_recompile pc=0x00000000065d2a64 method=java.util.TimSort.mergeHi(IIII)V @ 657
Event: 11039.612 Thread 0x000000002318b000 Uncommon trap: reason=array_check action=maybe_recompile pc=0x00000000065d2bc4 method=java.util.TimSort.mergeHi(IIII)V @ 419
Event: 11039.614 Thread 0x000000002318b000 Uncommon trap: reason=array_check action=maybe_recompile pc=0x00000000066c4628 method=java.util.TimSort.mergeLo(IIII)V @ 590
Event: 11039.614 Thread 0x000000002318b000 Uncommon trap: reason=array_check action=maybe_recompile pc=0x00000000066c4628 method=java.util.TimSort.mergeLo(IIII)V @ 590
Event: 11039.614 Thread 0x000000002318b000 Uncommon trap: reason=array_check action=maybe_recompile pc=0x0000000004200b70 method=java.util.TimSort.mergeHi(IIII)V @ 250
Event: 11041.736 Thread 0x0000000017ec4800 Uncommon trap: reason=array_check action=maybe_recompile pc=0x0000000006749570 method=java.util.TimSort.mergeLo(IIII)V @ 133
Event: 11041.754 Thread 0x0000000017ec4800 Uncommon trap: reason=unstable_if action=reinterpret pc=0x00000000067494e8 method=java.util.TimSort.mergeLo(IIII)V @ 513
Event: 11043.476 Thread 0x0000000017ec6000 Uncommon trap: reason=unstable_if action=reinterpret pc=0x0000000005469854 method=com.android.tools.r8.graph.e0.a(C)I @ 1
Event: 11043.476 Thread 0x0000000017ec6000 Uncommon trap: reason=unstable_if action=reinterpret pc=0x00000000053ee630 method=com.android.tools.r8.graph.e0.a(C[BI)I @ 1

Classes redefined (0 events):
No events

Internal exceptions (10 events):
Event: 11042.454 Thread 0x0000000017ec4800 Exception <a 'sun/nio/fs/WindowsException'> (0x00000000f122f258) thrown at [C:\src\AOSP-openjdk-git\hotspot\src\share\vm\prims\jni.cpp, line 710]
Event: 11043.269 Thread 0x0000000017ec6000 Exception <a 'sun/nio/fs/WindowsException'> (0x00000000fa089dd8) thrown at [C:\src\AOSP-openjdk-git\hotspot\src\share\vm\prims\jni.cpp, line 710]
Event: 11043.680 Thread 0x000000002318b000 Exception <a 'sun/nio/fs/WindowsException'> (0x00000000e2c60720) thrown at [C:\src\AOSP-openjdk-git\hotspot\src\share\vm\prims\jni.cpp, line 710]
Event: 11044.534 Thread 0x000000002318b000 Exception <a 'sun/nio/fs/WindowsException'> (0x00000000ea765648) thrown at [C:\src\AOSP-openjdk-git\hotspot\src\share\vm\prims\jni.cpp, line 710]
Event: 11044.693 Thread 0x000000002318b000 Exception <a 'sun/nio/fs/WindowsException'> (0x00000000ed78b338) thrown at [C:\src\AOSP-openjdk-git\hotspot\src\share\vm\prims\jni.cpp, line 710]
Event: 11045.202 Thread 0x000000002318b000 Exception <a 'sun/nio/fs/WindowsException'> (0x00000000f2e1f248) thrown at [C:\src\AOSP-openjdk-git\hotspot\src\share\vm\prims\jni.cpp, line 710]
Event: 11045.301 Thread 0x0000000023182800 Exception <a 'sun/nio/fs/WindowsException'> (0x00000000f359d340) thrown at [C:\src\AOSP-openjdk-git\hotspot\src\share\vm\prims\jni.cpp, line 710]
Event: 11045.625 Thread 0x000000002318b000 Exception <a 'sun/nio/fs/WindowsException'> (0x00000000f7e60150) thrown at [C:\src\AOSP-openjdk-git\hotspot\src\share\vm\prims\jni.cpp, line 710]
Event: 11045.813 Thread 0x0000000017ec4800 Exception <a 'sun/nio/fs/WindowsException'> (0x00000000f8d8ca30) thrown at [C:\src\AOSP-openjdk-git\hotspot\src\share\vm\prims\jni.cpp, line 710]
Event: 11046.015 Thread 0x000000002318b000 Exception <a 'sun/nio/fs/WindowsException'> (0x00000000faf70d40) thrown at [C:\src\AOSP-openjdk-git\hotspot\src\share\vm\prims\jni.cpp, line 710]

Events (10 events):
Event: 11045.653 Thread 0x0000000017ec4800 DEOPT UNPACKING pc=0x00000000029e71d0 sp=0x000000002204ab40 mode 0
Event: 11045.661 Thread 0x0000000017ec4800 DEOPT PACKING pc=0x00000000064621be sp=0x000000002204ade0
Event: 11045.661 Thread 0x0000000017ec4800 DEOPT UNPACKING pc=0x00000000029e71d0 sp=0x000000002204ab50 mode 0
Event: 11045.670 Thread 0x0000000017ec4800 DEOPT PACKING pc=0x00000000064621be sp=0x000000002204a5f0
Event: 11045.670 Thread 0x0000000017ec4800 DEOPT UNPACKING pc=0x00000000029e71d0 sp=0x000000002204a360 mode 0
Event: 11045.673 Thread 0x0000000017ec4800 DEOPT PACKING pc=0x00000000064621be sp=0x000000002204a670
Event: 11045.673 Thread 0x0000000017ec4800 DEOPT UNPACKING pc=0x00000000029e71d0 sp=0x000000002204a3e0 mode 0
Event: 11045.788 Thread 0x0000000017ec6000 DEOPT PACKING pc=0x0000000005e7df8d sp=0x00000000240a9f00
Event: 11045.788 Thread 0x0000000017ec6000 DEOPT UNPACKING pc=0x00000000029e71d0 sp=0x00000000240a9dc0 mode 0
Event: 11046.038 Executing VM operation: ParallelGCFailedAllocation


Dynamic libraries:
0x00007ff7d4060000 - 0x00007ff7d4091000 	C:\Program Files\Android\Android Studio\jre\bin\java.exe
0x00007ffe33500000 - 0x00007ffe336f0000 	C:\Windows\SYSTEM32\ntdll.dll
0x00007ffe32930000 - 0x00007ffe329e2000 	C:\Windows\System32\KERNEL32.DLL
0x00007ffe30c80000 - 0x00007ffe30f25000 	C:\Windows\System32\KERNELBASE.dll
0x00007ffe32f00000 - 0x00007ffe32fa3000 	C:\Windows\System32\ADVAPI32.dll
0x00007ffe33180000 - 0x00007ffe3321e000 	C:\Windows\System32\msvcrt.dll
0x00007ffe32b00000 - 0x00007ffe32b97000 	C:\Windows\System32\sechost.dll
0x00007ffe32c80000 - 0x00007ffe32da0000 	C:\Windows\System32\RPCRT4.dll
0x00007ffe332f0000 - 0x00007ffe33485000 	C:\Windows\System32\USER32.dll
0x00007ffe31380000 - 0x00007ffe313a1000 	C:\Windows\System32\win32u.dll
0x00007ffe329f0000 - 0x00007ffe32a16000 	C:\Windows\System32\GDI32.dll
0x00007ffe311b0000 - 0x00007ffe31346000 	C:\Windows\System32\gdi32full.dll
0x00007ffe30460000 - 0x00007ffe304fe000 	C:\Windows\System32\msvcp_win.dll
0x00007ffe31480000 - 0x00007ffe3157a000 	C:\Windows\System32\ucrtbase.dll
0x00007ffe23af0000 - 0x00007ffe23d74000 	C:\Windows\WinSxS\amd64_microsoft.windows.common-controls_6595b64144ccf1df_6.0.18362.1082_none_9e8193e1e45b25c1\COMCTL32.dll
0x00007ffe325f0000 - 0x00007ffe32925000 	C:\Windows\System32\combase.dll
0x00007ffe310d0000 - 0x00007ffe31150000 	C:\Windows\System32\bcryptPrimitives.dll
0x00007ffe32560000 - 0x00007ffe3258e000 	C:\Windows\System32\IMM32.DLL
0x000000005ccc0000 - 0x000000005cd92000 	C:\Program Files\Android\Android Studio\jre\jre\bin\msvcr100.dll
0x000000005ce80000 - 0x000000005d6cb000 	C:\Program Files\Android\Android Studio\jre\jre\bin\server\jvm.dll
0x00007ffe31db0000 - 0x00007ffe31db8000 	C:\Windows\System32\PSAPI.DLL
0x00007ffe29a60000 - 0x00007ffe29a69000 	C:\Windows\SYSTEM32\WSOCK32.dll
0x00007ffe2e3c0000 - 0x00007ffe2e3e4000 	C:\Windows\SYSTEM32\WINMM.dll
0x00007ffe32fb0000 - 0x00007ffe3301f000 	C:\Windows\System32\WS2_32.dll
0x00007ffe29450000 - 0x00007ffe2945a000 	C:\Windows\SYSTEM32\VERSION.dll
0x00007ffe2e390000 - 0x00007ffe2e3bd000 	C:\Windows\SYSTEM32\WINMMBASE.dll
0x00007ffe31080000 - 0x00007ffe310ca000 	C:\Windows\System32\cfgmgr32.dll
0x00007ffe22a50000 - 0x00007ffe22a5f000 	C:\Program Files\Android\Android Studio\jre\jre\bin\verify.dll
0x00007ffe167c0000 - 0x00007ffe167e9000 	C:\Program Files\Android\Android Studio\jre\jre\bin\java.dll
0x00007ffe167a0000 - 0x00007ffe167b6000 	C:\Program Files\Android\Android Studio\jre\jre\bin\zip.dll
0x00007ffe316c0000 - 0x00007ffe31da7000 	C:\Windows\System32\SHELL32.dll
0x00007ffe32da0000 - 0x00007ffe32e49000 	C:\Windows\System32\shcore.dll
0x00007ffe30500000 - 0x00007ffe30c80000 	C:\Windows\System32\windows.storage.dll
0x00007ffe303a0000 - 0x00007ffe303c3000 	C:\Windows\System32\profapi.dll
0x00007ffe303f0000 - 0x00007ffe3043a000 	C:\Windows\System32\powrprof.dll
0x00007ffe30390000 - 0x00007ffe303a0000 	C:\Windows\System32\UMPDC.dll
0x00007ffe32a20000 - 0x00007ffe32a72000 	C:\Windows\System32\shlwapi.dll
0x00007ffe303d0000 - 0x00007ffe303e1000 	C:\Windows\System32\kernel.appcore.dll
0x00007ffe31460000 - 0x00007ffe31477000 	C:\Windows\System32\cryptsp.dll
0x00007ffe16780000 - 0x00007ffe1679a000 	C:\Program Files\Android\Android Studio\jre\jre\bin\net.dll
0x00007ffe2fb30000 - 0x00007ffe2fb97000 	C:\Windows\system32\mswsock.dll
0x00007ffe145f0000 - 0x00007ffe14603000 	C:\Program Files\Android\Android Studio\jre\jre\bin\nio.dll
0x00007ffe004e0000 - 0x00007ffe00506000 	C:\Users\AIO PC3\.gradle\native\31\windows-amd64\native-platform.dll
0x00007ffe16770000 - 0x00007ffe1677d000 	C:\Program Files\Android\Android Studio\jre\jre\bin\management.dll
0x00007ffe2f6b0000 - 0x00007ffe2f6e3000 	C:\Windows\system32\rsaenh.dll
0x00007ffe31350000 - 0x00007ffe31376000 	C:\Windows\System32\bcrypt.dll
0x00007ffe30270000 - 0x00007ffe30295000 	C:\Windows\SYSTEM32\USERENV.dll
0x00007ffe2fcb0000 - 0x00007ffe2fcbc000 	C:\Windows\SYSTEM32\CRYPTBASE.dll
0x00007ffe2f850000 - 0x00007ffe2f88a000 	C:\Windows\SYSTEM32\IPHLPAPI.DLL
0x00007ffe32250000 - 0x00007ffe32258000 	C:\Windows\System32\NSI.dll
0x00007ffe28110000 - 0x00007ffe28126000 	C:\Windows\SYSTEM32\dhcpcsvc6.DLL
0x00007ffe29460000 - 0x00007ffe2947c000 	C:\Windows\SYSTEM32\dhcpcsvc.DLL
0x00007ffe2f890000 - 0x00007ffe2f95b000 	C:\Windows\SYSTEM32\DNSAPI.dll
0x00007ffe236a0000 - 0x00007ffe23894000 	C:\Windows\SYSTEM32\dbghelp.dll

VM Arguments:
jvm_args: -Xmx1536m -Dfile.encoding=windows-1252 -Duser.country=US -Duser.language=en -Duser.variant 
java_command: org.gradle.launcher.daemon.bootstrap.GradleDaemon 6.1.1
java_class_path (initial): C:\Users\AIO PC3\.gradle\wrapper\dists\gradle-6.1.1-all\cfmwm155h49vnt3hynmlrsdst\gradle-6.1.1\lib\gradle-launcher-6.1.1.jar
Launcher Type: SUN_STANDARD

Environment Variables:
PATH=C:\Windows\system32;C:\Windows;C:\Windows\System32\Wbem;C:\Windows\System32\WindowsPowerShell\v1.0\;C:\Windows\System32\OpenSSH\;C:\Program Files (x86)\ATI Technologies\ATI.ACE\Core-Static;C:\Program Files\dotnet\;C:\Program Files\Microsoft SQL Server\130\Tools\Binn\;C:\Program Files (x86)\Microsoft SQL Server\100\Tools\Binn\;C:\Program Files (x86)\Microsoft SQL Server\100\DTS\Binn\;C:\Program Files (x86)\Microsoft SQL Server\100\Tools\Binn\VSShell\Common7\IDE\;C:\Program Files (x86)\Microsoft Visual Studio 9.0\Common7\IDE\PrivateAssemblies\;C:\Users\AIO PC3\AppData\Local\Microsoft\WindowsApps;
USERNAME=AIO PC3
OS=Windows_NT
PROCESSOR_IDENTIFIER=Intel64 Family 6 Model 37 Stepping 5, GenuineIntel



---------------  S Y S T E M  ---------------

OS: Windows 10.0 , 64 bit Build 18362 (10.0.18362.1082)

CPU:total 4 (initial active 4) (2 cores per cpu, 2 threads per core) family 6 model 37 stepping 5, cmov, cx8, fxsr, mmx, sse, sse2, sse3, ssse3, sse4.1, sse4.2, popcnt, aes, clmul, ht, tsc, tscinvbit

Memory: 4k page, physical 8051052k(449344k free), swap 13556076k(2940092k free)

vm_info: OpenJDK 64-Bit Server VM (25.242-b01) for windows-amd64 JRE (1.8.0_242-release-1644-b01), built by "builder" with MS VC++ 10.0 (VS2010)

time: Mon Oct 12 14:06:27 2020
timezone: SE Asia Standard Time
elapsed time: 11046 seconds (0d 3h 4m 6s)

