#
# A fatal error has been detected by the Java Runtime Environment:
#
#  EXCEPTION_ACCESS_VIOLATION (0xc0000005) at pc=0x000000005f89f908, pid=14716, tid=0x0000000000004084
#
# JRE version: OpenJDK Runtime Environment (8.0_242-b01) (build 1.8.0_242-release-1644-b01)
# Java VM: OpenJDK 64-Bit Server VM (25.242-b01 mixed mode windows-amd64 compressed oops)
# Problematic frame:
# V  [jvm.dll+0xef908]
#
# Failed to write core dump. Minidumps are not enabled by default on client versions of Windows
#
# If you would like to submit a bug report, please visit:
#   
#

---------------  T H R E A D  ---------------

Current thread (0x00000000025c9000):  GCTaskThread [stack: 0x0000000012080000,0x0000000012180000] [id=16516]

siginfo: ExceptionCode=0xc0000005, reading address 0xffffffffffffffff

Registers:
RAX=0x0000000012380000, RBX=0x0000000040000000, RCX=0x0000000000000000, RDX=0x0000000000000000
RSP=0x000000001217f420, RBP=0x00000000a08ade70, RSI=0x000000000269b470, RDI=0x000000000269b470
R8 =0x007fffffffd00000, R9 =0x0000000100394aa0, R10=0x000000000000000c, R11=0x000000005fd7fa28
R12=0x00000000a08ade78, R13=0x0000000100394d20, R14=0x0000000100394d28, R15=0x00000000a08ade58
RIP=0x000000005f89f908, EFLAGS=0x0000000000010246

Top of Stack: (sp=0x000000001217f420)
0x000000001217f420:   0000000100394aa0 00000000a08add98
0x000000001217f430:   00000000a08ade8c 000000005f9a9622
0x000000001217f440:   0000000000000000 00000000000003d8
0x000000001217f450:   00000000025c9818 00000000025c2470
0x000000001217f460:   00000000000004c1 000000005fb79af0
0x000000001217f470:   00000000000004c2 00000000026508c0
0x000000001217f480:   000000000269b470 00000000025c9440
0x000000001217f490:   0000000000000000 0000000000000c00
0x000000001217f4a0:   0000000000000000 0000000000000000
0x000000001217f4b0:   0000000000000000 0000000017a30800
0x000000001217f4c0:   0000000000000001 0000000000000001
0x000000001217f4d0:   0000a6126db1b54f 00000000025c9818
0x000000001217f4e0:   00000000025c9440 00000000000003d8
0x000000001217f4f0:   00000000025c9440 00000000025c2470
0x000000001217f500:   00000000025c9430 00000000026508c0
0x000000001217f510:   000000000269b470 000000005fb76a93 

Instructions: (pc=0x000000005f89f908)
0x000000005f89f8e8:   05 43 f7 6d 00 49 c1 e8 03 49 d3 e8 41 0f b6 c0
0x000000005f89f8f8:   49 c1 e8 06 24 3f 0f b6 d0 48 8b 05 58 f7 6d 00
0x000000005f89f908:   4a 8b 0c c0 48 0f a3 d1 0f 82 59 01 00 00 0f b6
0x000000005f89f918:   15 34 56 6d 00 84 d2 74 16 44 8b 43 08 8b 0d 8d 


Register to memory mapping:

RAX=0x0000000012380000 is an unknown value
RBX=0x0000000040000000 is an unknown value
RCX=0x0000000000000000 is an unknown value
RDX=0x0000000000000000 is an unknown value
RSP=0x000000001217f420 is an unknown value
RBP=0x00000000a08ade70 is pointing into object: 0x00000000a08ade58
org.codehaus.groovy.util.LockableObject 
 - klass: 'org/codehaus/groovy/util/LockableObject'
RSI=0x000000000269b470 is an unknown value
RDI=0x000000000269b470 is an unknown value
R8 =0x007fffffffd00000 is an unknown value
R9 =0x0000000100394aa0 is pointing into metadata
R10=0x000000000000000c is an unknown value
R11=0x000000005fd7fa28 is an unknown value
R12=0x00000000a08ade78 is an oop
java.lang.ref.WeakReference 
 - klass: 'java/lang/ref/WeakReference'
R13=0x0000000100394d20 is pointing into metadata
R14=0x0000000100394d28 is pointing into metadata
R15=0x00000000a08ade58 is an oop
org.codehaus.groovy.util.LockableObject 
 - klass: 'org/codehaus/groovy/util/LockableObject'


Stack: [0x0000000012080000,0x0000000012180000],  sp=0x000000001217f420,  free space=1021k
Native frames: (J=compiled Java code, j=interpreted, Vv=VM code, C=native code)
V  [jvm.dll+0xef908]
V  [jvm.dll+0x3c9af0]
V  [jvm.dll+0x3c6a93]
V  [jvm.dll+0x3c482e]
V  [jvm.dll+0x27276a]
C  [msvcr100.dll+0x21d9f]
C  [msvcr100.dll+0x21e3b]
C  [KERNEL32.DLL+0x17c24]
C  [ntdll.dll+0x6cea1]


---------------  P R O C E S S  ---------------

Java Threads: ( => current thread )
  0x0000000017a30800 JavaThread "Cache worker for execution history cache (C:\Users\AIO PC3\.gradle\caches\6.1.1\executionHistory)" [_thread_blocked, id=10884, stack(0x000000001f980000,0x000000001fa80000)]
  0x0000000017a2c000 JavaThread "Cache worker for cache directory md-rule (C:\Users\AIO PC3\.gradle\caches\6.1.1\md-rule)" [_thread_blocked, id=10372, stack(0x000000001f6a0000,0x000000001f7a0000)]
  0x0000000017a2f800 JavaThread "Cache worker for cache directory md-supplier (C:\Users\AIO PC3\.gradle\caches\6.1.1\md-supplier)" [_thread_blocked, id=15240, stack(0x000000001e370000,0x000000001e470000)]
  0x0000000017a2a000 JavaThread "Cache worker for file hash cache (D:\KHANG\TiHa\TiHa\.gradle\6.1.1\fileHashes)" [_thread_blocked, id=16444, stack(0x000000001e070000,0x000000001e170000)]
  0x0000000017a2b000 JavaThread "Cache worker for checksums cache (D:\KHANG\TiHa\TiHa\.gradle\checksums)" [_thread_blocked, id=2860, stack(0x000000001f880000,0x000000001f980000)]
  0x0000000017a2c800 JavaThread "Cache worker for file hash cache (C:\Users\AIO PC3\.gradle\caches\6.1.1\fileHashes)" [_thread_blocked, id=1796, stack(0x000000001bdd0000,0x000000001bed0000)]
  0x0000000017a31000 JavaThread "File lock request listener" [_thread_in_native, id=2060, stack(0x000000001bcd0000,0x000000001bdd0000)]
  0x0000000018f6f800 JavaThread "Cache worker for journal cache (C:\Users\AIO PC3\.gradle\caches\journal-1)" [_thread_blocked, id=10180, stack(0x000000001bbd0000,0x000000001bcd0000)]
  0x0000000018886800 JavaThread "Thread-9" [_thread_blocked, id=9840, stack(0x000000001b8d0000,0x000000001b9d0000)]
  0x0000000017bdf000 JavaThread "Stdin handler" [_thread_blocked, id=9480, stack(0x000000001b7d0000,0x000000001b8d0000)]
  0x0000000017bde800 JavaThread "Asynchronous log dispatcher for DefaultDaemonConnection: socket connection from /127.0.0.1:30488 to /127.0.0.1:30489" [_thread_blocked, id=15968, stack(0x000000001b6d0000,0x000000001b7d0000)]
  0x0000000018572800 JavaThread "Daemon worker" [_thread_blocked, id=3556, stack(0x000000001b5d0000,0x000000001b6d0000)]
  0x0000000018571800 JavaThread "Cancel handler" [_thread_blocked, id=6392, stack(0x000000001b4d0000,0x000000001b5d0000)]
  0x0000000018254000 JavaThread "Handler for socket connection from /127.0.0.1:30488 to /127.0.0.1:30489" [_thread_in_native, id=11268, stack(0x000000001b1d0000,0x000000001b2d0000)]
  0x0000000018a54000 JavaThread "Daemon" [_thread_blocked, id=708, stack(0x000000001b0d0000,0x000000001b1d0000)]
  0x000000001987e800 JavaThread "Daemon periodic checks" [_thread_blocked, id=17232, stack(0x000000001afd0000,0x000000001b0d0000)]
  0x0000000018a51800 JavaThread "Incoming local TCP Connector on port 30488" [_thread_in_native, id=3516, stack(0x000000001ad90000,0x000000001ae90000)]
  0x0000000017914000 JavaThread "Daemon health stats" [_thread_blocked, id=4312, stack(0x000000001a750000,0x000000001a850000)]
  0x00000000178a5800 JavaThread "Service Thread" daemon [_thread_blocked, id=14932, stack(0x0000000017d90000,0x0000000017e90000)]
  0x0000000017899000 JavaThread "C1 CompilerThread2" daemon [_thread_blocked, id=1988, stack(0x0000000017c90000,0x0000000017d90000)]
  0x0000000016073000 JavaThread "C2 CompilerThread1" daemon [_thread_blocked, id=7320, stack(0x0000000017790000,0x0000000017890000)]
  0x0000000016023800 JavaThread "C2 CompilerThread0" daemon [_thread_blocked, id=9572, stack(0x0000000017690000,0x0000000017790000)]
  0x0000000016022000 JavaThread "Attach Listener" daemon [_thread_blocked, id=13116, stack(0x0000000017590000,0x0000000017690000)]
  0x0000000016020800 JavaThread "Signal Dispatcher" daemon [_thread_blocked, id=6752, stack(0x0000000017490000,0x0000000017590000)]
  0x00000000026ab000 JavaThread "Finalizer" daemon [_thread_blocked, id=12088, stack(0x0000000017280000,0x0000000017380000)]
  0x0000000016009000 JavaThread "Reference Handler" daemon [_thread_blocked, id=14580, stack(0x0000000017180000,0x0000000017280000)]
  0x00000000007ce800 JavaThread "main" [_thread_blocked, id=3952, stack(0x0000000000cc0000,0x0000000000dc0000)]

Other Threads:
  0x0000000015fe6000 VMThread [stack: 0x0000000017080000,0x0000000017180000] [id=15580]
  0x00000000178a6800 WatcherThread [stack: 0x0000000017e90000,0x0000000017f90000] [id=15608]

=>0x00000000025c9000 (exited) GCTaskThread [stack: 0x0000000012080000,0x0000000012180000] [id=16516]

VM state:at safepoint (normal execution)

VM Mutex/Monitor currently owned by a thread:  ([mutex/lock_event])
[0x00000000007cc870] Threads_lock - owner thread: 0x0000000015fe6000
[0x00000000007cce70] Heap_lock - owner thread: 0x0000000017899000
[0x00000000025b0750] MethodData_lock - owner thread: 0x0000000017899000

heap address: 0x00000000a0000000, size: 1536 MB, Compressed Oops mode: 32-bit
Narrow klass base: 0x0000000000000000, Narrow klass shift: 3
Compressed class space size: 1073741824 Address: 0x0000000100000000

Heap:
 PSYoungGen      total 152064K, used 3914K [0x00000000e0000000, 0x00000000ec180000, 0x0000000100000000)
  eden space 139776K, 0% used [0x00000000e0000000,0x00000000e0000000,0x00000000e8880000)
  from space 12288K, 31% used [0x00000000e9480000,0x00000000e9852b68,0x00000000ea080000)
  to   space 12288K, 0% used [0x00000000e8880000,0x00000000e8880000,0x00000000e9480000)
 ParOldGen       total 53248K, used 10634K [0x00000000a0000000, 0x00000000a3400000, 0x00000000e0000000)
  object space 53248K, 19% used [0x00000000a0000000,0x00000000a0a62bb8,0x00000000a3400000)
 Metaspace       used 34622K, capacity 35446K, committed 35496K, reserved 1079296K
  class space    used 4754K, capacity 5004K, committed 5040K, reserved 1048576K

Card table byte_map: [0x0000000011a70000,0x0000000011d80000] byte_map_base: 0x0000000011570000

Marking Bits: (ParMarkBitMap*) 0x000000005ff7f030
 Begin Bits: [0x0000000012380000, 0x0000000013b80000)
 End Bits:   [0x0000000013b80000, 0x0000000015380000)

Polling page: 0x00000000007e0000

CodeCache: size=245760Kb used=9946Kb max_used=9946Kb free=235814Kb
 bounds [0x00000000026b0000, 0x0000000003070000, 0x00000000116b0000]
 total_blobs=3227 nmethods=2529 adapters=612
 compilation: enabled

Compilation events (10 events):
Event: 13.031 Thread 0x0000000016073000 nmethod 2737 0x0000000003067f90 code [0x00000000030680c0, 0x0000000003068118]
Event: 13.033 Thread 0x0000000017899000 2738       3       com.google.common.collect.ImmutableList::copyOf (44 bytes)
Event: 13.034 Thread 0x0000000017899000 nmethod 2738 0x0000000003069110 code [0x00000000030693a0, 0x000000000306a4c8]
Event: 13.035 Thread 0x0000000017899000 2739       3       com.google.common.collect.Lists::newArrayListWithCapacity (16 bytes)
Event: 13.035 Thread 0x0000000017899000 nmethod 2739 0x0000000003068cd0 code [0x0000000003068e40, 0x0000000003069038]
Event: 13.035 Thread 0x0000000017899000 2741       3       com.google.common.collect.ImmutableList$Builder::add (8 bytes)
Event: 13.035 Thread 0x0000000017899000 nmethod 2741 0x00000000030683d0 code [0x0000000003068560, 0x0000000003068a18]
Event: 13.035 Thread 0x0000000017899000 2740       3       com.google.common.collect.ImmutableCollection$ArrayBasedBuilder::<init> (25 bytes)
Event: 13.036 Thread 0x0000000017899000 nmethod 2740 0x0000000003065d90 code [0x0000000003065f00, 0x0000000003066208]
Event: 13.036 Thread 0x0000000017899000 2742       3       com.google.common.collect.ImmutableList::hashCode (42 bytes)

GC Heap History (10 events):
Event: 8.188 GC heap after
Heap after GC invocations=7 (full 0):
 PSYoungGen      total 73216K, used 4694K [0x00000000e0000000, 0x00000000e8f00000, 0x0000000100000000)
  eden space 62464K, 0% used [0x00000000e0000000,0x00000000e0000000,0x00000000e3d00000)
  from space 10752K, 43% used [0x00000000e3d00000,0x00000000e41958f0,0x00000000e4780000)
  to   space 10752K, 0% used [0x00000000e8480000,0x00000000e8480000,0x00000000e8f00000)
 ParOldGen       total 84992K, used 8025K [0x00000000a0000000, 0x00000000a5300000, 0x00000000e0000000)
  object space 84992K, 9% used [0x00000000a0000000,0x00000000a07d6480,0x00000000a5300000)
 Metaspace       used 20631K, capacity 21228K, committed 21296K, reserved 1067008K
  class space    used 2886K, capacity 3084K, committed 3120K, reserved 1048576K
}
Event: 8.188 GC heap before
{Heap before GC invocations=8 (full 1):
 PSYoungGen      total 73216K, used 4694K [0x00000000e0000000, 0x00000000e8f00000, 0x0000000100000000)
  eden space 62464K, 0% used [0x00000000e0000000,0x00000000e0000000,0x00000000e3d00000)
  from space 10752K, 43% used [0x00000000e3d00000,0x00000000e41958f0,0x00000000e4780000)
  to   space 10752K, 0% used [0x00000000e8480000,0x00000000e8480000,0x00000000e8f00000)
 ParOldGen       total 84992K, used 8025K [0x00000000a0000000, 0x00000000a5300000, 0x00000000e0000000)
  object space 84992K, 9% used [0x00000000a0000000,0x00000000a07d6480,0x00000000a5300000)
 Metaspace       used 20631K, capacity 21228K, committed 21296K, reserved 1067008K
  class space    used 2886K, capacity 3084K, committed 3120K, reserved 1048576K
Event: 8.281 GC heap after
Heap after GC invocations=8 (full 1):
 PSYoungGen      total 73216K, used 0K [0x00000000e0000000, 0x00000000e8f00000, 0x0000000100000000)
  eden space 62464K, 0% used [0x00000000e0000000,0x00000000e0000000,0x00000000e3d00000)
  from space 10752K, 0% used [0x00000000e3d00000,0x00000000e3d00000,0x00000000e4780000)
  to   space 10752K, 0% used [0x00000000e8480000,0x00000000e8480000,0x00000000e8f00000)
 ParOldGen       total 53248K, used 7454K [0x00000000a0000000, 0x00000000a3400000, 0x00000000e0000000)
  object space 53248K, 14% used [0x00000000a0000000,0x00000000a0747ba0,0x00000000a3400000)
 Metaspace       used 20631K, capacity 21228K, committed 21296K, reserved 1067008K
  class space    used 2886K, capacity 3084K, committed 3120K, reserved 1048576K
}
Event: 9.951 GC heap before
{Heap before GC invocations=9 (full 1):
 PSYoungGen      total 73216K, used 62464K [0x00000000e0000000, 0x00000000e8f00000, 0x0000000100000000)
  eden space 62464K, 100% used [0x00000000e0000000,0x00000000e3d00000,0x00000000e3d00000)
  from space 10752K, 0% used [0x00000000e3d00000,0x00000000e3d00000,0x00000000e4780000)
  to   space 10752K, 0% used [0x00000000e8480000,0x00000000e8480000,0x00000000e8f00000)
 ParOldGen       total 53248K, used 7454K [0x00000000a0000000, 0x00000000a3400000, 0x00000000e0000000)
  object space 53248K, 14% used [0x00000000a0000000,0x00000000a0747ba0,0x00000000a3400000)
 Metaspace       used 28188K, capacity 28852K, committed 28976K, reserved 1075200K
  class space    used 3892K, capacity 4127K, committed 4144K, reserved 1048576K
Event: 9.965 GC heap after
Heap after GC invocations=9 (full 1):
 PSYoungGen      total 110592K, used 8019K [0x00000000e0000000, 0x00000000e8c80000, 0x0000000100000000)
  eden space 102400K, 0% used [0x00000000e0000000,0x00000000e0000000,0x00000000e6400000)
  from space 8192K, 97% used [0x00000000e8480000,0x00000000e8c54d18,0x00000000e8c80000)
  to   space 11264K, 0% used [0x00000000e7680000,0x00000000e7680000,0x00000000e8180000)
 ParOldGen       total 53248K, used 7462K [0x00000000a0000000, 0x00000000a3400000, 0x00000000e0000000)
  object space 53248K, 14% used [0x00000000a0000000,0x00000000a0749ba0,0x00000000a3400000)
 Metaspace       used 28188K, capacity 28852K, committed 28976K, reserved 1075200K
  class space    used 3892K, capacity 4127K, committed 4144K, reserved 1048576K
}
Event: 12.752 GC heap before
{Heap before GC invocations=10 (full 1):
 PSYoungGen      total 110592K, used 110419K [0x00000000e0000000, 0x00000000e8c80000, 0x0000000100000000)
  eden space 102400K, 100% used [0x00000000e0000000,0x00000000e6400000,0x00000000e6400000)
  from space 8192K, 97% used [0x00000000e8480000,0x00000000e8c54d18,0x00000000e8c80000)
  to   space 11264K, 0% used [0x00000000e7680000,0x00000000e7680000,0x00000000e8180000)
 ParOldGen       total 53248K, used 7462K [0x00000000a0000000, 0x00000000a3400000, 0x00000000e0000000)
  object space 53248K, 14% used [0x00000000a0000000,0x00000000a0749ba0,0x00000000a3400000)
 Metaspace       used 34074K, capacity 34862K, committed 34992K, reserved 1079296K
  class space    used 4680K, capacity 4926K, committed 5040K, reserved 1048576K
Event: 12.775 GC heap after
Heap after GC invocations=10 (full 1):
 PSYoungGen      total 132608K, used 11005K [0x00000000e0000000, 0x00000000ea080000, 0x0000000100000000)
  eden space 121344K, 0% used [0x00000000e0000000,0x00000000e0000000,0x00000000e7680000)
  from space 11264K, 97% used [0x00000000e7680000,0x00000000e813f620,0x00000000e8180000)
  to   space 12288K, 0% used [0x00000000e9480000,0x00000000e9480000,0x00000000ea080000)
 ParOldGen       total 53248K, used 7470K [0x00000000a0000000, 0x00000000a3400000, 0x00000000e0000000)
  object space 53248K, 14% used [0x00000000a0000000,0x00000000a074bba0,0x00000000a3400000)
 Metaspace       used 34074K, capacity 34862K, committed 34992K, reserved 1079296K
  class space    used 4680K, capacity 4926K, committed 5040K, reserved 1048576K
}
Event: 13.036 GC heap before
{Heap before GC invocations=11 (full 1):
 PSYoungGen      total 132608K, used 22279K [0x00000000e0000000, 0x00000000ea080000, 0x0000000100000000)
  eden space 121344K, 9% used [0x00000000e0000000,0x00000000e0b02820,0x00000000e7680000)
  from space 11264K, 97% used [0x00000000e7680000,0x00000000e813f620,0x00000000e8180000)
  to   space 12288K, 0% used [0x00000000e9480000,0x00000000e9480000,0x00000000ea080000)
 ParOldGen       total 53248K, used 7470K [0x00000000a0000000, 0x00000000a3400000, 0x00000000e0000000)
  object space 53248K, 14% used [0x00000000a0000000,0x00000000a074bba0,0x00000000a3400000)
 Metaspace       used 34622K, capacity 35446K, committed 35496K, reserved 1079296K
  class space    used 4754K, capacity 5004K, committed 5040K, reserved 1048576K
Event: 13.053 GC heap after
Heap after GC invocations=11 (full 1):
 PSYoungGen      total 152064K, used 3914K [0x00000000e0000000, 0x00000000ec180000, 0x0000000100000000)
  eden space 139776K, 0% used [0x00000000e0000000,0x00000000e0000000,0x00000000e8880000)
  from space 12288K, 31% used [0x00000000e9480000,0x00000000e9852b68,0x00000000ea080000)
  to   space 12288K, 0% used [0x00000000e8880000,0x00000000e8880000,0x00000000e9480000)
 ParOldGen       total 53248K, used 10634K [0x00000000a0000000, 0x00000000a3400000, 0x00000000e0000000)
  object space 53248K, 19% used [0x00000000a0000000,0x00000000a0a62bb8,0x00000000a3400000)
 Metaspace       used 34622K, capacity 35446K, committed 35496K, reserved 1079296K
  class space    used 4754K, capacity 5004K, committed 5040K, reserved 1048576K
}
Event: 13.053 GC heap before
{Heap before GC invocations=12 (full 2):
 PSYoungGen      total 152064K, used 3914K [0x00000000e0000000, 0x00000000ec180000, 0x0000000100000000)
  eden space 139776K, 0% used [0x00000000e0000000,0x00000000e0000000,0x00000000e8880000)
  from space 12288K, 31% used [0x00000000e9480000,0x00000000e9852b68,0x00000000ea080000)
  to   space 12288K, 0% used [0x00000000e8880000,0x00000000e8880000,0x00000000e9480000)
 ParOldGen       total 53248K, used 10634K [0x00000000a0000000, 0x00000000a3400000, 0x00000000e0000000)
  object space 53248K, 19% used [0x00000000a0000000,0x00000000a0a62bb8,0x00000000a3400000)
 Metaspace       used 34622K, capacity 35446K, committed 35496K, reserved 1079296K
  class space    used 4754K, capacity 5004K, committed 5040K, reserved 1048576K

Deoptimization events (10 events):
Event: 9.976 Thread 0x0000000018572800 Uncommon trap: reason=class_check action=maybe_recompile pc=0x0000000002de6084 method=sun.misc.URLClassPath.getLoader(I)Lsun/misc/URLClassPath$Loader; @ 239
Event: 10.480 Thread 0x0000000018572800 Uncommon trap: reason=unstable_if action=reinterpret pc=0x000000000292f64c method=java.util.HashMap.getNode(ILjava/lang/Object;)Ljava/util/HashMap$Node; @ 53
Event: 10.480 Thread 0x0000000018572800 Uncommon trap: reason=unstable_if action=reinterpret pc=0x0000000002b8677c method=java.util.HashMap.hash(Ljava/lang/Object;)I @ 1
Event: 10.707 Thread 0x0000000018572800 Uncommon trap: reason=unstable_if action=reinterpret pc=0x0000000002f09478 method=org.gradle.internal.reflect.PropertyAccessorType.isGetGetterName(Ljava/lang/String;)Z @ 14
Event: 10.776 Thread 0x0000000018572800 Uncommon trap: reason=unstable_if action=reinterpret pc=0x00000000027c3500 method=org.objectweb.asm.ByteVector.putShort(I)Lorg/objectweb/asm/ByteVector; @ 13
Event: 11.004 Thread 0x0000000018572800 Uncommon trap: reason=class_check action=maybe_recompile pc=0x0000000002de55a4 method=sun.misc.URLClassPath.getLoader(I)Lsun/misc/URLClassPath$Loader; @ 94
Event: 11.013 Thread 0x0000000018572800 Uncommon trap: reason=class_check action=maybe_recompile pc=0x0000000002dd8cec method=sun.misc.URLClassPath.getLoader(I)Lsun/misc/URLClassPath$Loader; @ 239
Event: 11.815 Thread 0x0000000018572800 Uncommon trap: reason=unstable_if action=reinterpret pc=0x0000000002973b98 method=java.net.URI.match(CJJ)Z @ 45
Event: 11.823 Thread 0x0000000018572800 Uncommon trap: reason=unstable_if action=reinterpret pc=0x0000000002891760 method=java.net.URI.match(CJJ)Z @ 45
Event: 12.083 Thread 0x0000000018572800 Uncommon trap: reason=unstable_if action=reinterpret pc=0x000000000288d4e0 method=java.net.URI.match(CJJ)Z @ 45

Classes redefined (0 events):
No events

Internal exceptions (10 events):
Event: 11.242 Thread 0x0000000018572800 Exception <a 'java/lang/ClassNotFoundException': org/gradle/api/internal/artifacts/dsl/DefaultRepositoryHandlerCustomizer> (0x00000000e353fb78) thrown at [C:\src\AOSP-openjdk-git\hotspot\src\share\vm\classfile\systemDictionary.cpp, line 210]
Event: 11.250 Thread 0x0000000018572800 Exception <a 'java/lang/ClassNotFoundException': org/gradle/api/internal/artifacts/dsl/DefaultRepositoryHandler_DecoratedCustomizer> (0x00000000e35be400) thrown at [C:\src\AOSP-openjdk-git\hotspot\src\share\vm\classfile\systemDictionary.cpp, line 210]
Event: 11.723 Thread 0x0000000018572800 Exception <a 'java/lang/ClassNotFoundException': org/gradle/api/internal/artifacts/dsl/dependencies/DefaultDependencyHandler_DecoratedBeanInfo> (0x00000000e445a318) thrown at [C:\src\AOSP-openjdk-git\hotspot\src\share\vm\classfile\systemDictionary.cpp, li
Event: 11.726 Thread 0x0000000018572800 Exception <a 'java/lang/ClassNotFoundException': org/gradle/api/internal/artifacts/dsl/dependencies/DefaultDependencyHandlerBeanInfo> (0x00000000e44b55a8) thrown at [C:\src\AOSP-openjdk-git\hotspot\src\share\vm\classfile\systemDictionary.cpp, line 210]
Event: 11.729 Thread 0x0000000018572800 Exception <a 'java/lang/ClassNotFoundException': org/gradle/api/internal/artifacts/dsl/dependencies/DefaultDependencyHandlerCustomizer> (0x00000000e45117f8) thrown at [C:\src\AOSP-openjdk-git\hotspot\src\share\vm\classfile\systemDictionary.cpp, line 210]
Event: 11.744 Thread 0x0000000018572800 Exception <a 'java/lang/ClassNotFoundException': org/gradle/api/internal/artifacts/dsl/dependencies/DefaultDependencyHandler_DecoratedCustomizer> (0x00000000e459f158) thrown at [C:\src\AOSP-openjdk-git\hotspot\src\share\vm\classfile\systemDictionary.cpp, 
Event: 12.565 Thread 0x0000000018572800 Exception <a 'java/lang/IncompatibleClassChangeError': Found class java.lang.Object, but interface was expected> (0x00000000e60fd490) thrown at [C:\src\AOSP-openjdk-git\hotspot\src\share\vm\interpreter\linkResolver.cpp, line 653]
Event: 12.576 Thread 0x0000000018572800 Exception <a 'java/lang/NoSuchMethodError': java.lang.Object.lambda$comparing$77a9974f$1(Ljava/util/function/Function;Ljava/lang/Object;Ljava/lang/Object;)I> (0x00000000e6108930) thrown at [C:\src\AOSP-openjdk-git\hotspot\src\share\vm\interpreter\linkReso
Event: 12.596 Thread 0x0000000018572800 Exception <a 'java/lang/NoSuchMethodError': java.lang.Object.lambda$thenComparing$36697e65$1(Ljava/util/Comparator;Ljava/lang/Object;Ljava/lang/Object;)I> (0x00000000e611ca98) thrown at [C:\src\AOSP-openjdk-git\hotspot\src\share\vm\interpreter\linkResolve
Event: 12.615 Thread 0x0000000018572800 Exception <a 'java/lang/NoSuchMethodError': java.lang.Object.lambda$comparing$ea9a8b3a$1(Ljava/util/Comparator;Ljava/util/function/Function;Ljava/lang/Object;Ljava/lang/Object;)I> (0x00000000e6133b28) thrown at [C:\src\AOSP-openjdk-git\hotspot\src\share\v

Events (10 events):
Event: 12.987 loading class org/gradle/api/internal/artifacts/ivyservice/resolveengine/excludes/factories/OptimizingExcludeFactory done
Event: 12.988 loading class org/gradle/api/internal/artifacts/ivyservice/resolveengine/excludes/factories/Optimizations
Event: 12.988 loading class org/gradle/api/internal/artifacts/ivyservice/resolveengine/excludes/factories/Optimizations done
Event: 12.990 loading class org/gradle/internal/component/external/model/ConfigurationBoundExternalDependencyMetadata
Event: 12.990 loading class org/gradle/internal/component/external/model/ConfigurationBoundExternalDependencyMetadata done
Event: 13.028 loading class org/gradle/internal/component/external/descriptor/DefaultExclude
Event: 13.028 loading class org/gradle/internal/component/external/descriptor/DefaultExclude done
Event: 13.029 loading class org/gradle/internal/component/model/Exclude
Event: 13.029 loading class org/gradle/internal/component/model/Exclude done
Event: 13.036 Executing VM operation: CollectForMetadataAllocation


Dynamic libraries:
0x00007ff660a40000 - 0x00007ff660a71000 	C:\Program Files\Android\Android Studio\jre\bin\java.exe
0x00007ff9bfc80000 - 0x00007ff9bfe70000 	C:\Windows\SYSTEM32\ntdll.dll
0x00007ff9bdd00000 - 0x00007ff9bddb2000 	C:\Windows\System32\KERNEL32.DLL
0x00007ff9bda50000 - 0x00007ff9bdcf5000 	C:\Windows\System32\KERNELBASE.dll
0x00007ff9be770000 - 0x00007ff9be813000 	C:\Windows\System32\ADVAPI32.dll
0x00007ff9bf8a0000 - 0x00007ff9bf93e000 	C:\Windows\System32\msvcrt.dll
0x00007ff9bddc0000 - 0x00007ff9bde57000 	C:\Windows\System32\sechost.dll
0x00007ff9bf5f0000 - 0x00007ff9bf710000 	C:\Windows\System32\RPCRT4.dll
0x00007ff9be880000 - 0x00007ff9bea14000 	C:\Windows\System32\USER32.dll
0x00007ff9bd120000 - 0x00007ff9bd141000 	C:\Windows\System32\win32u.dll
0x00007ff9bf710000 - 0x00007ff9bf736000 	C:\Windows\System32\GDI32.dll
0x00007ff9bcc90000 - 0x00007ff9bce26000 	C:\Windows\System32\gdi32full.dll
0x00007ff9bcf30000 - 0x00007ff9bcfce000 	C:\Windows\System32\msvcp_win.dll
0x00007ff9bce30000 - 0x00007ff9bcf2a000 	C:\Windows\System32\ucrtbase.dll
0x00007ff9bc1a0000 - 0x00007ff9bc424000 	C:\Windows\WinSxS\amd64_microsoft.windows.common-controls_6595b64144ccf1df_6.0.18362.1139_none_9e7bf2d3e4605ac6\COMCTL32.dll
0x00007ff9be070000 - 0x00007ff9be3a5000 	C:\Windows\System32\combase.dll
0x00007ff9bd1d0000 - 0x00007ff9bd250000 	C:\Windows\System32\bcryptPrimitives.dll
0x00007ff9bfaa0000 - 0x00007ff9bface000 	C:\Windows\System32\IMM32.DLL
0x000000005f500000 - 0x000000005f5d2000 	C:\Program Files\Android\Android Studio\jre\jre\bin\msvcr100.dll
0x000000005f7b0000 - 0x000000005fffb000 	C:\Program Files\Android\Android Studio\jre\jre\bin\server\jvm.dll
0x00007ff9bf7c0000 - 0x00007ff9bf7c8000 	C:\Windows\System32\PSAPI.DLL
0x00007ff9b9570000 - 0x00007ff9b9594000 	C:\Windows\SYSTEM32\WINMM.dll
0x00007ff9baa20000 - 0x00007ff9baa29000 	C:\Windows\SYSTEM32\WSOCK32.dll
0x00007ff9b9ca0000 - 0x00007ff9b9caa000 	C:\Windows\SYSTEM32\VERSION.dll
0x00007ff9bf580000 - 0x00007ff9bf5ef000 	C:\Windows\System32\WS2_32.dll
0x00007ff9b9540000 - 0x00007ff9b956d000 	C:\Windows\SYSTEM32\winmmbase.dll
0x00007ff9bd9d0000 - 0x00007ff9bda1a000 	C:\Windows\System32\cfgmgr32.dll
0x00007ff9b76d0000 - 0x00007ff9b76df000 	C:\Program Files\Android\Android Studio\jre\jre\bin\verify.dll
0x00007ff9b2280000 - 0x00007ff9b22a9000 	C:\Program Files\Android\Android Studio\jre\jre\bin\java.dll
0x00007ff9b1d80000 - 0x00007ff9b1d96000 	C:\Program Files\Android\Android Studio\jre\jre\bin\zip.dll
0x00007ff9bea20000 - 0x00007ff9bf107000 	C:\Windows\System32\SHELL32.dll
0x00007ff9bde60000 - 0x00007ff9bdf09000 	C:\Windows\System32\shcore.dll
0x00007ff9bd250000 - 0x00007ff9bd9d0000 	C:\Windows\System32\windows.storage.dll
0x00007ff9bcb20000 - 0x00007ff9bcb43000 	C:\Windows\System32\profapi.dll
0x00007ff9bcb50000 - 0x00007ff9bcb9a000 	C:\Windows\System32\powrprof.dll
0x00007ff9bcb10000 - 0x00007ff9bcb20000 	C:\Windows\System32\UMPDC.dll
0x00007ff9be710000 - 0x00007ff9be762000 	C:\Windows\System32\shlwapi.dll
0x00007ff9bcbc0000 - 0x00007ff9bcbd1000 	C:\Windows\System32\kernel.appcore.dll
0x00007ff9bd150000 - 0x00007ff9bd167000 	C:\Windows\System32\cryptsp.dll
0x00007ff9b1d60000 - 0x00007ff9b1d7a000 	C:\Program Files\Android\Android Studio\jre\jre\bin\net.dll
0x00007ff9bbbf0000 - 0x00007ff9bbc57000 	C:\Windows\system32\mswsock.dll
0x00007ff9b1d40000 - 0x00007ff9b1d53000 	C:\Program Files\Android\Android Studio\jre\jre\bin\nio.dll
0x00007ff996690000 - 0x00007ff9966b6000 	C:\Users\AIO PC3\.gradle\native\31\windows-amd64\native-platform.dll
0x00007ff9b7230000 - 0x00007ff9b723d000 	C:\Program Files\Android\Android Studio\jre\jre\bin\management.dll
0x00007ff9bb7a0000 - 0x00007ff9bb7d3000 	C:\Windows\system32\rsaenh.dll
0x00007ff9bda20000 - 0x00007ff9bda46000 	C:\Windows\System32\bcrypt.dll
0x00007ff9bca30000 - 0x00007ff9bca55000 	C:\Windows\SYSTEM32\USERENV.dll
0x00007ff9bbe20000 - 0x00007ff9bbe2c000 	C:\Windows\SYSTEM32\CRYPTBASE.dll
0x00007ff9bb930000 - 0x00007ff9bb96a000 	C:\Windows\SYSTEM32\IPHLPAPI.DLL
0x00007ff9bf940000 - 0x00007ff9bf948000 	C:\Windows\System32\NSI.dll
0x00007ff9b2950000 - 0x00007ff9b2966000 	C:\Windows\SYSTEM32\dhcpcsvc6.DLL
0x00007ff9b2f60000 - 0x00007ff9b2f7c000 	C:\Windows\SYSTEM32\dhcpcsvc.DLL
0x00007ff9bb970000 - 0x00007ff9bba3b000 	C:\Windows\SYSTEM32\DNSAPI.dll
0x00007ff9bc500000 - 0x00007ff9bc6f4000 	C:\Windows\SYSTEM32\dbghelp.dll

VM Arguments:
jvm_args: -Xmx1536m -Dfile.encoding=windows-1252 -Duser.country=US -Duser.language=en -Duser.variant 
java_command: org.gradle.launcher.daemon.bootstrap.GradleDaemon 6.1.1
java_class_path (initial): C:\Users\AIO PC3\.gradle\wrapper\dists\gradle-6.1.1-all\cfmwm155h49vnt3hynmlrsdst\gradle-6.1.1\lib\gradle-launcher-6.1.1.jar
Launcher Type: SUN_STANDARD

Environment Variables:
PATH=C:\Windows\system32;C:\Windows;C:\Windows\System32\Wbem;C:\Windows\System32\WindowsPowerShell\v1.0\;C:\Windows\System32\OpenSSH\;C:\Program Files (x86)\ATI Technologies\ATI.ACE\Core-Static;C:\Program Files\dotnet\;C:\Program Files\Microsoft SQL Server\130\Tools\Binn\;C:\Program Files (x86)\Microsoft SQL Server\100\Tools\Binn\;C:\Program Files (x86)\Microsoft SQL Server\100\DTS\Binn\;C:\Program Files (x86)\Microsoft SQL Server\100\Tools\Binn\VSShell\Common7\IDE\;C:\Program Files (x86)\Microsoft Visual Studio 9.0\Common7\IDE\PrivateAssemblies\;C:\Windows\system32\config\systemprofile\.dnx\bin;C:\Program Files\Microsoft DNX\Dnvm\;C:\Program Files\Microsoft SQL Server\120\Tools\Binn\;C:\Users\AIO PC3\AppData\Local\Microsoft\WindowsApps;
USERNAME=AIO PC3
OS=Windows_NT
PROCESSOR_IDENTIFIER=Intel64 Family 6 Model 37 Stepping 5, GenuineIntel



---------------  S Y S T E M  ---------------

OS: Windows 10.0 , 64 bit Build 18362 (10.0.18362.1110)

CPU:total 4 (initial active 4) (2 cores per cpu, 2 threads per core) family 6 model 37 stepping 5, cmov, cx8, fxsr, mmx, sse, sse2, sse3, ssse3, sse4.1, sse4.2, popcnt, aes, clmul, ht, tsc, tscinvbit

Memory: 4k page, physical 8051052k(1050192k free), swap 13673660k(3786616k free)

vm_info: OpenJDK 64-Bit Server VM (25.242-b01) for windows-amd64 JRE (1.8.0_242-release-1644-b01), built by "builder" with MS VC++ 10.0 (VS2010)

time: Wed Oct 21 16:38:01 2020
timezone: SE Asia Standard Time
elapsed time: 13 seconds (0d 0h 0m 13s)

