#
# A fatal error has been detected by the Java Runtime Environment:
#
#  EXCEPTION_ACCESS_VIOLATION (0xc0000005) at pc=0x0000000003331bb7, pid=15980, tid=0x0000000000003af8
#
# JRE version: OpenJDK Runtime Environment (8.0_242-b01) (build 1.8.0_242-release-1644-b01)
# Java VM: OpenJDK 64-Bit Server VM (25.242-b01 mixed mode windows-amd64 compressed oops)
# Problematic frame:
# v  ~BufferBlob::vtable chunks
#
# Failed to write core dump. Minidumps are not enabled by default on client versions of Windows
#
# If you would like to submit a bug report, please visit:
#   
#

---------------  T H R E A D  ---------------

Current thread (0x000000001910d000):  JavaThread "WorkerExecutor Queue Thread 3" [_thread_in_Java, id=15096, stack(0x0000000025da0000,0x0000000025ea0000)]

siginfo: ExceptionCode=0xc0000005, reading address 0x0000000300a98648

Registers:
RAX=0x0000000300a983d0, RBX=0x000000000000009c, RCX=0x00000000e41661b0, RDX=0x00000000e41661b0
RSP=0x0000000025e9d898, RBP=0x00000000e52f8c68, RSI=0x00000000e41666f8, RDI=0x00000000000000cf
R8 =0x00000000e48754d0, R9 =0x00000000e306b028, R10=0x0000000025f4988c, R11=0x00000000e48754d0
R12=0x0000000000000000, R13=0x00000000e306b028, R14=0x0000000025e9d890, R15=0x000000001910d000
RIP=0x0000000003331bb7, EFLAGS=0x0000000000010202

Top of Stack: (sp=0x0000000025e9d898)
0x0000000025e9d898:   000000000532a2e4 00000000a0001950
0x0000000025e9d8a8:   0000000003016254 00000000e4e668a8
0x0000000025e9d8b8:   0000000004f5d0b0 00000000e3062418
0x0000000025e9d8c8:   00004000e4e668a8 00000000e48755e0
0x0000000025e9d8d8:   00000000053cb000 00000000e2203990
0x0000000025e9d8e8:   00000000e48754d0 00000000e4875670
0x0000000025e9d8f8:   000000000546d728 0000000000000001
0x0000000025e9d908:   00000000e3062418 00000000e4875680
0x0000000025e9d918:   0000000004f5d0b0 00000000e306b028
0x0000000025e9d928:   00000400e4dfe4c8 00000000e4875670
0x0000000025e9d938:   00000000053cbc20 e304feb800000000
0x0000000025e9d948:   00000000e304feb8 00000000e3062418
0x0000000025e9d958:   0000000005d980c8 0000000000000001
0x0000000025e9d968:   00000000e306b028 000000010002a420
0x0000000025e9d978:   0000000000000000 00000000e48754d0
0x0000000025e9d988:   e21deed8ffffffff 000000010001b868 

Instructions: (pc=0x0000000003331bb7)
0x0000000003331b97:   00 00 00 00 00 00 00 00 00 00 00 00 00 00 00 00
0x0000000003331ba7:   00 1a 00 0e 00 00 00 01 00 8b 42 08 48 c1 e0 03
0x0000000003331bb7:   48 8b 98 78 02 00 00 ff 63 40 00 00 00 00 00 00
0x0000000003331bc7:   00 00 00 00 00 00 00 00 00 00 00 00 00 00 00 00 


Register to memory mapping:

RAX=0x0000000300a983d0 is an unknown value
RBX=0x000000000000009c is an unknown value
RCX=0x00000000e41661b0 is an oop

[error occurred during error reporting (printing register info), id 0xc0000005]

Stack: [0x0000000025da0000,0x0000000025ea0000],  sp=0x0000000025e9d898,  free space=1014k
Native frames: (J=compiled Java code, j=interpreted, Vv=VM code, C=native code)
C  0x0000000003331bb7


---------------  P R O C E S S  ---------------

Java Threads: ( => current thread )
  0x0000000019116800 JavaThread "ForkJoinPool-2-worker-0" daemon [_thread_blocked, id=8196, stack(0x0000000026740000,0x0000000026840000)]
  0x0000000019111800 JavaThread "ForkJoinPool-2-worker-3" daemon [_thread_blocked, id=17088, stack(0x0000000026640000,0x0000000026740000)]
  0x0000000019116000 JavaThread "ForkJoinPool-2-worker-2" daemon [_thread_blocked, id=12728, stack(0x0000000026540000,0x0000000026640000)]
  0x0000000019109000 JavaThread "ForkJoinPool-2-worker-1" daemon [_thread_blocked, id=2232, stack(0x0000000026440000,0x0000000026540000)]
  0x000000001910f000 JavaThread "WorkerExecutor Queue Thread 4" [_thread_blocked, id=744, stack(0x0000000025ea0000,0x0000000025fa0000)]
=>0x000000001910d000 JavaThread "WorkerExecutor Queue Thread 3" [_thread_in_Java, id=15096, stack(0x0000000025da0000,0x0000000025ea0000)]
  0x0000000019110000 JavaThread "WorkerExecutor Queue Thread 2" [_thread_blocked, id=6988, stack(0x00000000252a0000,0x00000000253a0000)]
  0x000000001e4f2000 JavaThread "WorkerExecutor Queue" [_thread_blocked, id=9184, stack(0x00000000251a0000,0x00000000252a0000)]
  0x000000001e4f0800 JavaThread "ForkJoinPool.commonPool-worker-0" daemon [_thread_blocked, id=12356, stack(0x00000000250a0000,0x00000000251a0000)]
  0x000000001e4f0000 JavaThread "ForkJoinPool.commonPool-worker-3" daemon [_thread_blocked, id=15564, stack(0x0000000024d20000,0x0000000024e20000)]
  0x000000001e4ee800 JavaThread "ForkJoinPool.commonPool-worker-2" daemon [_thread_blocked, id=11940, stack(0x0000000024c20000,0x0000000024d20000)]
  0x000000001e4e6800 JavaThread "Cache worker for Java compile cache (D:\KHANG\TiHa\TiHa\.gradle\6.1.1\javaCompile)" [_thread_blocked, id=16796, stack(0x0000000024b20000,0x0000000024c20000)]
  0x000000001e4e8000 JavaThread "Cache worker for execution history cache (D:\KHANG\TiHa\TiHa\.gradle\6.1.1\executionHistory)" [_thread_blocked, id=12176, stack(0x0000000024520000,0x0000000024620000)]
  0x000000001e4ea800 JavaThread "Execution worker for ':' Thread 3" [_thread_blocked, id=14108, stack(0x0000000024120000,0x0000000024220000)]
  0x000000001e4e5000 JavaThread "Execution worker for ':' Thread 2" [_thread_blocked, id=14252, stack(0x0000000024020000,0x0000000024120000)]
  0x000000001e4e9800 JavaThread "Execution worker for ':'" [_thread_blocked, id=9296, stack(0x0000000023ce0000,0x0000000023de0000)]
  0x000000001ca78800 JavaThread "Cache worker for file content cache (D:\KHANG\TiHa\TiHa\.gradle\6.1.1\fileContent)" [_thread_blocked, id=12492, stack(0x00000000235e0000,0x00000000236e0000)]
  0x000000001ca76000 JavaThread "Cache worker for Build Output Cleanup Cache (D:\KHANG\TiHa\TiHa\.gradle\buildOutputCleanup)" [_thread_blocked, id=15484, stack(0x000000001efa0000,0x000000001f0a0000)]
  0x000000001ca75800 JavaThread "Build operations Thread 4" [_thread_blocked, id=6580, stack(0x00000000228e0000,0x00000000229e0000)]
  0x000000001ca77800 JavaThread "Build operations Thread 3" [_thread_blocked, id=16136, stack(0x00000000221e0000,0x00000000222e0000)]
  0x000000001ca77000 JavaThread "Build operations Thread 2" [_thread_blocked, id=17032, stack(0x00000000220e0000,0x00000000221e0000)]
  0x000000001ca6e000 JavaThread "Build operations" [_thread_blocked, id=7936, stack(0x00000000200e0000,0x00000000201e0000)]
  0x000000001ca74000 JavaThread "Cache worker for cache directory md-rule (C:\Users\AIO PC3\.gradle\caches\6.1.1\md-rule)" [_thread_blocked, id=4708, stack(0x000000001eaa0000,0x000000001eba0000)]
  0x000000001ca73000 JavaThread "Cache worker for cache directory md-supplier (C:\Users\AIO PC3\.gradle\caches\6.1.1\md-supplier)" [_thread_blocked, id=12592, stack(0x000000001e9a0000,0x000000001eaa0000)]
  0x000000001ca72800 JavaThread "Cache worker for file hash cache (D:\KHANG\TiHa\TiHa\.gradle\6.1.1\fileHashes)" [_thread_blocked, id=5316, stack(0x000000001d590000,0x000000001d690000)]
  0x000000001ca71800 JavaThread "Cache worker for checksums cache (D:\KHANG\TiHa\TiHa\.gradle\checksums)" [_thread_blocked, id=1052, stack(0x000000001c0c0000,0x000000001c1c0000)]
  0x000000001ca71000 JavaThread "Thread-42" [_thread_blocked, id=16304, stack(0x000000001bdc0000,0x000000001bec0000)]
  0x000000001ca6a000 JavaThread "Stdin handler" [_thread_blocked, id=7764, stack(0x000000001bcc0000,0x000000001bdc0000)]
  0x000000001ca6c800 JavaThread "Asynchronous log dispatcher for DefaultDaemonConnection: socket connection from /127.0.0.1:59434 to /127.0.0.1:59512" [_thread_blocked, id=13080, stack(0x000000001b9c0000,0x000000001bac0000)]
  0x000000001ca6d000 JavaThread "Daemon worker Thread 2" [_thread_blocked, id=6764, stack(0x000000001b8c0000,0x000000001b9c0000)]
  0x000000001ca6b800 JavaThread "Cancel handler" [_thread_blocked, id=2944, stack(0x0000000002bd0000,0x0000000002cd0000)]
  0x000000001ca69800 JavaThread "Handler for socket connection from /127.0.0.1:59434 to /127.0.0.1:59512" [_thread_in_native, id=10124, stack(0x00000000010f0000,0x00000000011f0000)]
  0x000000001ca6b000 JavaThread "Daemon Thread 2" [_thread_blocked, id=8276, stack(0x0000000000ff0000,0x00000000010f0000)]
  0x000000001e4eb000 JavaThread "Cache worker for Java compile cache (C:\Users\AIO PC3\.gradle\caches\6.1.1\javaCompile)" [_thread_blocked, id=13736, stack(0x0000000024420000,0x0000000024520000)]
  0x0000000019115000 JavaThread "Cache worker for file content cache (C:\Users\AIO PC3\.gradle\caches\6.1.1\fileContent)" [_thread_blocked, id=16460, stack(0x00000000234e0000,0x00000000235e0000)]
  0x0000000019118000 JavaThread "Memory manager" [_thread_blocked, id=3748, stack(0x00000000233e0000,0x00000000234e0000)]
  0x0000000019563000 JavaThread "Cache worker for execution history cache (C:\Users\AIO PC3\.gradle\caches\6.1.1\executionHistory)" [_thread_blocked, id=5484, stack(0x00000000201e0000,0x00000000202e0000)]
  0x0000000019567800 JavaThread "Cache worker for file hash cache (C:\Users\AIO PC3\.gradle\caches\6.1.1\fileHashes)" [_thread_blocked, id=9084, stack(0x000000001d6d0000,0x000000001d7d0000)]
  0x0000000019569000 JavaThread "File lock request listener" [_thread_in_native, id=1928, stack(0x000000001c4c0000,0x000000001c5c0000)]
  0x0000000019565000 JavaThread "Cache worker for journal cache (C:\Users\AIO PC3\.gradle\caches\journal-1)" [_thread_blocked, id=15848, stack(0x000000001c3c0000,0x000000001c4c0000)]
  0x0000000018dcf800 JavaThread "Daemon periodic checks" [_thread_blocked, id=15120, stack(0x000000001b7c0000,0x000000001b8c0000)]
  0x0000000018ff1000 JavaThread "Incoming local TCP Connector on port 59434" [_thread_in_native, id=12872, stack(0x000000001b580000,0x000000001b680000)]
  0x00000000191f2000 JavaThread "Daemon health stats" [_thread_blocked, id=14380, stack(0x000000001af40000,0x000000001b040000)]
  0x00000000181ce800 JavaThread "Service Thread" daemon [_thread_blocked, id=12448, stack(0x00000000185a0000,0x00000000186a0000)]
  0x000000001688f800 JavaThread "C1 CompilerThread2" daemon [_thread_blocked, id=10100, stack(0x00000000180a0000,0x00000000181a0000)]
  0x0000000016868800 JavaThread "C2 CompilerThread1" daemon [_thread_in_native, id=1864, stack(0x0000000017fa0000,0x00000000180a0000)]
  0x0000000016841800 JavaThread "C2 CompilerThread0" daemon [_thread_in_native, id=7108, stack(0x0000000017ea0000,0x0000000017fa0000)]
  0x0000000016847000 JavaThread "Attach Listener" daemon [_thread_blocked, id=7380, stack(0x0000000017da0000,0x0000000017ea0000)]
  0x0000000016846000 JavaThread "Signal Dispatcher" daemon [_thread_blocked, id=1624, stack(0x0000000017ca0000,0x0000000017da0000)]
  0x0000000002ecb000 JavaThread "Finalizer" daemon [_thread_blocked, id=7484, stack(0x0000000017aa0000,0x0000000017ba0000)]
  0x0000000016829000 JavaThread "Reference Handler" daemon [_thread_blocked, id=3916, stack(0x00000000179a0000,0x0000000017aa0000)]
  0x0000000002ace000 JavaThread "main" [_thread_blocked, id=16404, stack(0x0000000002cd0000,0x0000000002dd0000)]

Other Threads:
  0x0000000016806000 VMThread [stack: 0x00000000178a0000,0x00000000179a0000] [id=12196]
  0x00000000181d0800 WatcherThread [stack: 0x00000000186a0000,0x00000000187a0000] [id=11336]

VM state:not at safepoint (normal execution)

VM Mutex/Monitor currently owned by a thread: None

heap address: 0x00000000a0000000, size: 1536 MB, Compressed Oops mode: 32-bit
Narrow klass base: 0x0000000000000000, Narrow klass shift: 3
Compressed class space size: 1073741824 Address: 0x0000000100000000

Heap:
 PSYoungGen      total 490496K, used 107926K [0x00000000e0000000, 0x0000000100000000, 0x0000000100000000)
  eden space 459776K, 18% used [0x00000000e0000000,0x00000000e5311fb8,0x00000000fc100000)
  from space 30720K, 74% used [0x00000000fe200000,0x00000000ff853ba8,0x0000000100000000)
  to   space 32256K, 0% used [0x00000000fc100000,0x00000000fc100000,0x00000000fe080000)
 ParOldGen       total 107520K, used 68167K [0x00000000a0000000, 0x00000000a6900000, 0x00000000e0000000)
  object space 107520K, 63% used [0x00000000a0000000,0x00000000a4291fe0,0x00000000a6900000)
 Metaspace       used 89964K, capacity 94216K, committed 94384K, reserved 1130496K
  class space    used 11854K, capacity 12671K, committed 12720K, reserved 1048576K

Card table byte_map: [0x0000000012290000,0x00000000125a0000] byte_map_base: 0x0000000011d90000

Marking Bits: (ParMarkBitMap*) 0x000000007705f030
 Begin Bits: [0x0000000012ba0000, 0x00000000143a0000)
 End Bits:   [0x00000000143a0000, 0x0000000015ba0000)

Polling page: 0x00000000011f0000

CodeCache: size=245760Kb used=47515Kb max_used=47648Kb free=198244Kb
 bounds [0x0000000002ed0000, 0x0000000005db0000, 0x0000000011ed0000]
 total_blobs=14574 nmethods=13693 adapters=792
 compilation: enabled

Compilation events (10 events):
Event: 281.509 Thread 0x000000001688f800 16347       2       com.android.tools.r8.code.d2::a (1 bytes)
Event: 281.509 Thread 0x000000001688f800 nmethod 16347 0x0000000003571010 code [0x0000000003571160, 0x00000000035712b0]
Event: 281.509 Thread 0x000000001688f800 16348       2       com.android.tools.r8.code.z::a (1 bytes)
Event: 281.510 Thread 0x000000001688f800 nmethod 16348 0x00000000038af350 code [0x00000000038af4a0, 0x00000000038af5f0]
Event: 281.510 Thread 0x000000001688f800 16349       2       com.android.tools.r8.code.W0::a (1 bytes)
Event: 281.511 Thread 0x000000001688f800 nmethod 16349 0x00000000038af010 code [0x00000000038af160, 0x00000000038af2b0]
Event: 281.511 Thread 0x000000001688f800 16350       2       com.android.tools.r8.graph.E$b$a::collectIndexedItems (11 bytes)
Event: 281.511 Thread 0x000000001688f800 nmethod 16350 0x00000000039abf10 code [0x00000000039ac080, 0x00000000039ac1e8]
Event: 281.511 Thread 0x000000001688f800 16351       2       com.android.tools.r8.code.c2::a (1 bytes)
Event: 281.511 Thread 0x000000001688f800 nmethod 16351 0x00000000039abbd0 code [0x00000000039abd20, 0x00000000039abe70]

GC Heap History (10 events):
Event: 29.562 GC heap before
{Heap before GC invocations=13 (full 3):
 PSYoungGen      total 322048K, used 18782K [0x00000000e0000000, 0x00000000f5d00000, 0x0000000100000000)
  eden space 301056K, 0% used [0x00000000e0000000,0x00000000e0000000,0x00000000f2600000)
  from space 20992K, 89% used [0x00000000f3d00000,0x00000000f4f57ac0,0x00000000f5180000)
  to   space 23552K, 0% used [0x00000000f2600000,0x00000000f2600000,0x00000000f3d00000)
 ParOldGen       total 73216K, used 28524K [0x00000000a0000000, 0x00000000a4780000, 0x00000000e0000000)
  object space 73216K, 38% used [0x00000000a0000000,0x00000000a1bdb210,0x00000000a4780000)
 Metaspace       used 57026K, capacity 58966K, committed 59160K, reserved 1099776K
  class space    used 7806K, capacity 8236K, committed 8240K, reserved 1048576K
Event: 29.942 GC heap after
Heap after GC invocations=13 (full 3):
 PSYoungGen      total 322048K, used 0K [0x00000000e0000000, 0x00000000f5d00000, 0x0000000100000000)
  eden space 301056K, 0% used [0x00000000e0000000,0x00000000e0000000,0x00000000f2600000)
  from space 20992K, 0% used [0x00000000f3d00000,0x00000000f3d00000,0x00000000f5180000)
  to   space 23552K, 0% used [0x00000000f2600000,0x00000000f2600000,0x00000000f3d00000)
 ParOldGen       total 107520K, used 31327K [0x00000000a0000000, 0x00000000a6900000, 0x00000000e0000000)
  object space 107520K, 29% used [0x00000000a0000000,0x00000000a1e97f78,0x00000000a6900000)
 Metaspace       used 57026K, capacity 58966K, committed 59160K, reserved 1099776K
  class space    used 7806K, capacity 8236K, committed 8240K, reserved 1048576K
}
Event: 37.004 GC heap before
{Heap before GC invocations=14 (full 3):
 PSYoungGen      total 322048K, used 301056K [0x00000000e0000000, 0x00000000f5d00000, 0x0000000100000000)
  eden space 301056K, 100% used [0x00000000e0000000,0x00000000f2600000,0x00000000f2600000)
  from space 20992K, 0% used [0x00000000f3d00000,0x00000000f3d00000,0x00000000f5180000)
  to   space 23552K, 0% used [0x00000000f2600000,0x00000000f2600000,0x00000000f3d00000)
 ParOldGen       total 107520K, used 31327K [0x00000000a0000000, 0x00000000a6900000, 0x00000000e0000000)
  object space 107520K, 29% used [0x00000000a0000000,0x00000000a1e97f78,0x00000000a6900000)
 Metaspace       used 62618K, capacity 65386K, committed 65584K, reserved 1105920K
  class space    used 8591K, capacity 9160K, committed 9264K, reserved 1048576K
Event: 37.146 GC heap after
Heap after GC invocations=14 (full 3):
 PSYoungGen      total 324608K, used 23532K [0x00000000e0000000, 0x00000000fbe00000, 0x0000000100000000)
  eden space 301056K, 0% used [0x00000000e0000000,0x00000000e0000000,0x00000000f2600000)
  from space 23552K, 99% used [0x00000000f2600000,0x00000000f3cfb070,0x00000000f3d00000)
  to   space 29184K, 0% used [0x00000000fa180000,0x00000000fa180000,0x00000000fbe00000)
 ParOldGen       total 107520K, used 37835K [0x00000000a0000000, 0x00000000a6900000, 0x00000000e0000000)
  object space 107520K, 35% used [0x00000000a0000000,0x00000000a24f2e10,0x00000000a6900000)
 Metaspace       used 62618K, capacity 65386K, committed 65584K, reserved 1105920K
  class space    used 8591K, capacity 9160K, committed 9264K, reserved 1048576K
}
Event: 42.567 GC heap before
{Heap before GC invocations=15 (full 3):
 PSYoungGen      total 324608K, used 324588K [0x00000000e0000000, 0x00000000fbe00000, 0x0000000100000000)
  eden space 301056K, 100% used [0x00000000e0000000,0x00000000f2600000,0x00000000f2600000)
  from space 23552K, 99% used [0x00000000f2600000,0x00000000f3cfb070,0x00000000f3d00000)
  to   space 29184K, 0% used [0x00000000fa180000,0x00000000fa180000,0x00000000fbe00000)
 ParOldGen       total 107520K, used 37835K [0x00000000a0000000, 0x00000000a6900000, 0x00000000e0000000)
  object space 107520K, 35% used [0x00000000a0000000,0x00000000a24f2e10,0x00000000a6900000)
 Metaspace       used 69980K, capacity 72984K, committed 73008K, reserved 1112064K
  class space    used 9419K, capacity 10027K, committed 10032K, reserved 1048576K
Event: 42.634 GC heap after
Heap after GC invocations=15 (full 3):
 PSYoungGen      total 415232K, used 15170K [0x00000000e0000000, 0x00000000fb780000, 0x0000000100000000)
  eden space 392704K, 0% used [0x00000000e0000000,0x00000000e0000000,0x00000000f7f80000)
  from space 22528K, 67% used [0x00000000fa180000,0x00000000fb050af0,0x00000000fb780000)
  to   space 28672K, 0% used [0x00000000f7f80000,0x00000000f7f80000,0x00000000f9b80000)
 ParOldGen       total 107520K, used 59601K [0x00000000a0000000, 0x00000000a6900000, 0x00000000e0000000)
  object space 107520K, 55% used [0x00000000a0000000,0x00000000a3a344e8,0x00000000a6900000)
 Metaspace       used 69980K, capacity 72984K, committed 73008K, reserved 1112064K
  class space    used 9419K, capacity 10027K, committed 10032K, reserved 1048576K
}
Event: 274.891 GC heap before
{Heap before GC invocations=16 (full 3):
 PSYoungGen      total 415232K, used 407874K [0x00000000e0000000, 0x00000000fb780000, 0x0000000100000000)
  eden space 392704K, 100% used [0x00000000e0000000,0x00000000f7f80000,0x00000000f7f80000)
  from space 22528K, 67% used [0x00000000fa180000,0x00000000fb050af0,0x00000000fb780000)
  to   space 28672K, 0% used [0x00000000f7f80000,0x00000000f7f80000,0x00000000f9b80000)
 ParOldGen       total 107520K, used 59601K [0x00000000a0000000, 0x00000000a6900000, 0x00000000e0000000)
  object space 107520K, 55% used [0x00000000a0000000,0x00000000a3a344e8,0x00000000a6900000)
 Metaspace       used 88611K, capacity 92874K, committed 93104K, reserved 1130496K
  class space    used 11845K, capacity 12658K, committed 12720K, reserved 1048576K
Event: 274.988 GC heap after
Heap after GC invocations=16 (full 3):
 PSYoungGen      total 421376K, used 22731K [0x00000000e0000000, 0x0000000100000000, 0x0000000100000000)
  eden space 392704K, 0% used [0x00000000e0000000,0x00000000e0000000,0x00000000f7f80000)
  from space 28672K, 79% used [0x00000000f7f80000,0x00000000f95b2e28,0x00000000f9b80000)
  to   space 30720K, 0% used [0x00000000fe200000,0x00000000fe200000,0x0000000100000000)
 ParOldGen       total 107520K, used 68159K [0x00000000a0000000, 0x00000000a6900000, 0x00000000e0000000)
  object space 107520K, 63% used [0x00000000a0000000,0x00000000a428ffe0,0x00000000a6900000)
 Metaspace       used 88611K, capacity 92874K, committed 93104K, reserved 1130496K
  class space    used 11845K, capacity 12658K, committed 12720K, reserved 1048576K
}
Event: 280.900 GC heap before
{Heap before GC invocations=17 (full 3):
 PSYoungGen      total 421376K, used 415435K [0x00000000e0000000, 0x0000000100000000, 0x0000000100000000)
  eden space 392704K, 100% used [0x00000000e0000000,0x00000000f7f80000,0x00000000f7f80000)
  from space 28672K, 79% used [0x00000000f7f80000,0x00000000f95b2e28,0x00000000f9b80000)
  to   space 30720K, 0% used [0x00000000fe200000,0x00000000fe200000,0x0000000100000000)
 ParOldGen       total 107520K, used 68159K [0x00000000a0000000, 0x00000000a6900000, 0x00000000e0000000)
  object space 107520K, 63% used [0x00000000a0000000,0x00000000a428ffe0,0x00000000a6900000)
 Metaspace       used 89955K, capacity 94216K, committed 94384K, reserved 1130496K
  class space    used 11854K, capacity 12671K, committed 12720K, reserved 1048576K
Event: 280.949 GC heap after
Heap after GC invocations=17 (full 3):
 PSYoungGen      total 490496K, used 22862K [0x00000000e0000000, 0x0000000100000000, 0x0000000100000000)
  eden space 459776K, 0% used [0x00000000e0000000,0x00000000e0000000,0x00000000fc100000)
  from space 30720K, 74% used [0x00000000fe200000,0x00000000ff853ba8,0x0000000100000000)
  to   space 32256K, 0% used [0x00000000fc100000,0x00000000fc100000,0x00000000fe080000)
 ParOldGen       total 107520K, used 68167K [0x00000000a0000000, 0x00000000a6900000, 0x00000000e0000000)
  object space 107520K, 63% used [0x00000000a0000000,0x00000000a4291fe0,0x00000000a6900000)
 Metaspace       used 89955K, capacity 94216K, committed 94384K, reserved 1130496K
  class space    used 11854K, capacity 12671K, committed 12720K, reserved 1048576K
}

Deoptimization events (10 events):
Event: 279.464 Thread 0x000000001e4ea800 Uncommon trap: reason=unstable_if action=reinterpret pc=0x000000000400aae0 method=java.util.concurrent.ArrayBlockingQueue.enqueue(Ljava/lang/Object;)V @ 25
Event: 279.466 Thread 0x0000000019565000 Uncommon trap: reason=unstable_if action=reinterpret pc=0x0000000004547060 method=java.util.concurrent.ArrayBlockingQueue.dequeue()Ljava/lang/Object; @ 32
Event: 279.480 Thread 0x000000001e4ea800 Uncommon trap: reason=unstable_if action=reinterpret pc=0x00000000059c53c4 method=com.google.common.cache.LongAdder.add(J)V @ 95
Event: 279.617 Thread 0x000000001e4e9800 Uncommon trap: reason=array_check action=maybe_recompile pc=0x0000000004797fb8 method=java.util.TimSort.reverseRange([Ljava/lang/Object;II)V @ 27
Event: 279.623 Thread 0x000000001e4ee800 Uncommon trap: reason=null_check action=make_not_entrant pc=0x0000000004da2e44 method=com.android.builder.desugaring.DesugaringClassAnalyzer$Visitor.visitInnerClass(Ljava/lang/String;Ljava/lang/String;Ljava/lang/String;I)V @ 5
Event: 279.623 Thread 0x000000001e4f0000 Uncommon trap: reason=null_check action=make_not_entrant pc=0x0000000004da2e44 method=com.android.builder.desugaring.DesugaringClassAnalyzer$Visitor.visitInnerClass(Ljava/lang/String;Ljava/lang/String;Ljava/lang/String;I)V @ 5
Event: 280.334 Thread 0x0000000019110000 Uncommon trap: reason=unstable_if action=reinterpret pc=0x00000000050dfdfc method=com.android.tools.r8.graph.e0.a([C)I @ 121
Event: 280.712 Thread 0x000000001e4e5000 Uncommon trap: reason=unstable_if action=reinterpret pc=0x0000000005971db4 method=java.util.concurrent.ConcurrentLinkedQueue.offer(Ljava/lang/Object;)Z @ 72
Event: 281.165 Thread 0x000000001910d000 Uncommon trap: reason=unstable_if action=reinterpret pc=0x00000000053186e0 method=com.android.tools.r8.utils.l0.b(Lcom/android/tools/r8/dex/c;)I @ 26
Event: 281.329 Thread 0x0000000019116000 Uncommon trap: reason=unstable_if action=reinterpret pc=0x0000000005356b8c method=com.android.tools.r8.graph.E0.f(I)Lcom/android/tools/r8/graph/E0; @ 19

Classes redefined (0 events):
No events

Internal exceptions (10 events):
Event: 280.599 Thread 0x0000000019110000 Exception <a 'sun/nio/fs/WindowsException'> (0x00000000f6ac8d50) thrown at [C:\src\AOSP-openjdk-git\hotspot\src\share\vm\prims\jni.cpp, line 710]
Event: 280.601 Thread 0x0000000019110000 Exception <a 'sun/nio/fs/WindowsException'> (0x00000000f6ad0600) thrown at [C:\src\AOSP-openjdk-git\hotspot\src\share\vm\prims\jni.cpp, line 710]
Event: 280.604 Thread 0x0000000019110000 Exception <a 'sun/nio/fs/WindowsException'> (0x00000000f6ad8810) thrown at [C:\src\AOSP-openjdk-git\hotspot\src\share\vm\prims\jni.cpp, line 710]
Event: 280.607 Thread 0x0000000019110000 Exception <a 'sun/nio/fs/WindowsException'> (0x00000000f6ae2918) thrown at [C:\src\AOSP-openjdk-git\hotspot\src\share\vm\prims\jni.cpp, line 710]
Event: 280.610 Thread 0x0000000019110000 Exception <a 'sun/nio/fs/WindowsException'> (0x00000000f6bedd70) thrown at [C:\src\AOSP-openjdk-git\hotspot\src\share\vm\prims\jni.cpp, line 710]
Event: 280.613 Thread 0x0000000019110000 Exception <a 'sun/nio/fs/WindowsException'> (0x00000000f6c365f0) thrown at [C:\src\AOSP-openjdk-git\hotspot\src\share\vm\prims\jni.cpp, line 710]
Event: 280.618 Thread 0x0000000019110000 Exception <a 'sun/nio/fs/WindowsException'> (0x00000000f6c3dee8) thrown at [C:\src\AOSP-openjdk-git\hotspot\src\share\vm\prims\jni.cpp, line 710]
Event: 280.619 Thread 0x0000000019110000 Exception <a 'sun/nio/fs/WindowsException'> (0x00000000f6c465c0) thrown at [C:\src\AOSP-openjdk-git\hotspot\src\share\vm\prims\jni.cpp, line 710]
Event: 280.623 Thread 0x0000000019110000 Exception <a 'sun/nio/fs/WindowsException'> (0x00000000f6d2b690) thrown at [C:\src\AOSP-openjdk-git\hotspot\src\share\vm\prims\jni.cpp, line 710]
Event: 281.092 Thread 0x000000001910d000 Exception <a 'sun/nio/fs/WindowsException'> (0x00000000e099d5a0) thrown at [C:\src\AOSP-openjdk-git\hotspot\src\share\vm\prims\jni.cpp, line 710]

Events (10 events):
Event: 281.442 Thread 0x000000001688f800 flushing nmethod 0x00000000040fe550
Event: 281.449 Thread 0x000000001688f800 flushing nmethod 0x00000000042f4850
Event: 281.450 Thread 0x000000001688f800 flushing nmethod 0x000000000444bb90
Event: 281.450 Thread 0x000000001688f800 flushing nmethod 0x000000000446ea90
Event: 281.455 Thread 0x000000001688f800 flushing nmethod 0x00000000045a1a90
Event: 281.455 Thread 0x000000001688f800 flushing nmethod 0x00000000045ba990
Event: 281.456 Thread 0x000000001688f800 flushing nmethod 0x00000000045e6250
Event: 281.470 Thread 0x000000001688f800 flushing nmethod 0x0000000004ca5fd0
Event: 281.470 Thread 0x000000001688f800 flushing nmethod 0x0000000004cbe110
Event: 281.470 Thread 0x000000001688f800 flushing nmethod 0x0000000004ce6c10


Dynamic libraries:
0x00007ff7abef0000 - 0x00007ff7abf21000 	C:\Program Files\Android\Android Studio\jre\bin\java.exe
0x00007ff8dd440000 - 0x00007ff8dd630000 	C:\Windows\SYSTEM32\ntdll.dll
0x00007ff8dc220000 - 0x00007ff8dc2d2000 	C:\Windows\System32\KERNEL32.DLL
0x00007ff8da790000 - 0x00007ff8daa35000 	C:\Windows\System32\KERNELBASE.dll
0x00007ff8dc2e0000 - 0x00007ff8dc383000 	C:\Windows\System32\ADVAPI32.dll
0x00007ff8dd0d0000 - 0x00007ff8dd16e000 	C:\Windows\System32\msvcrt.dll
0x00007ff8db560000 - 0x00007ff8db5f7000 	C:\Windows\System32\sechost.dll
0x00007ff8dbf30000 - 0x00007ff8dc050000 	C:\Windows\System32\RPCRT4.dll
0x00007ff8dbd90000 - 0x00007ff8dbf25000 	C:\Windows\System32\USER32.dll
0x00007ff8da5c0000 - 0x00007ff8da5e1000 	C:\Windows\System32\win32u.dll
0x00007ff8db610000 - 0x00007ff8db636000 	C:\Windows\System32\GDI32.dll
0x00007ff8da5f0000 - 0x00007ff8da786000 	C:\Windows\System32\gdi32full.dll
0x00007ff8da520000 - 0x00007ff8da5be000 	C:\Windows\System32\msvcp_win.dll
0x00007ff8dab40000 - 0x00007ff8dac3a000 	C:\Windows\System32\ucrtbase.dll
0x00007ff8ce990000 - 0x00007ff8cec14000 	C:\Windows\WinSxS\amd64_microsoft.windows.common-controls_6595b64144ccf1df_6.0.18362.1082_none_9e8193e1e45b25c1\COMCTL32.dll
0x00007ff8db9a0000 - 0x00007ff8dbcd5000 	C:\Windows\System32\combase.dll
0x00007ff8dac40000 - 0x00007ff8dacc0000 	C:\Windows\System32\bcryptPrimitives.dll
0x00007ff8dc1f0000 - 0x00007ff8dc21e000 	C:\Windows\System32\IMM32.DLL
0x00000000767b0000 - 0x0000000076882000 	C:\Program Files\Android\Android Studio\jre\jre\bin\msvcr100.dll
0x0000000076890000 - 0x00000000770db000 	C:\Program Files\Android\Android Studio\jre\jre\bin\server\jvm.dll
0x00007ff8db4f0000 - 0x00007ff8db4f8000 	C:\Windows\System32\PSAPI.DLL
0x00007ff8d6e80000 - 0x00007ff8d6e89000 	C:\Windows\SYSTEM32\WSOCK32.dll
0x00007ff8dc4e0000 - 0x00007ff8dc54f000 	C:\Windows\System32\WS2_32.dll
0x00007ff8d1310000 - 0x00007ff8d131a000 	C:\Windows\SYSTEM32\VERSION.dll
0x00007ff8c9b60000 - 0x00007ff8c9b84000 	C:\Windows\SYSTEM32\WINMM.dll
0x00007ff8c9b30000 - 0x00007ff8c9b5d000 	C:\Windows\SYSTEM32\winmmbase.dll
0x00007ff8daaf0000 - 0x00007ff8dab3a000 	C:\Windows\System32\cfgmgr32.dll
0x00007ff8d6dd0000 - 0x00007ff8d6ddf000 	C:\Program Files\Android\Android Studio\jre\jre\bin\verify.dll
0x00007ff8d5e70000 - 0x00007ff8d5e99000 	C:\Program Files\Android\Android Studio\jre\jre\bin\java.dll
0x00007ff8d5e50000 - 0x00007ff8d5e66000 	C:\Program Files\Android\Android Studio\jre\jre\bin\zip.dll
0x00007ff8dc9e0000 - 0x00007ff8dd0c7000 	C:\Windows\System32\SHELL32.dll
0x00007ff8dbce0000 - 0x00007ff8dbd89000 	C:\Windows\System32\shcore.dll
0x00007ff8dacc0000 - 0x00007ff8db440000 	C:\Windows\System32\windows.storage.dll
0x00007ff8da3a0000 - 0x00007ff8da3c3000 	C:\Windows\System32\profapi.dll
0x00007ff8da310000 - 0x00007ff8da35a000 	C:\Windows\System32\powrprof.dll
0x00007ff8da300000 - 0x00007ff8da310000 	C:\Windows\System32\UMPDC.dll
0x00007ff8db940000 - 0x00007ff8db992000 	C:\Windows\System32\shlwapi.dll
0x00007ff8da360000 - 0x00007ff8da371000 	C:\Windows\System32\kernel.appcore.dll
0x00007ff8db440000 - 0x00007ff8db457000 	C:\Windows\System32\cryptsp.dll
0x00007ff8d5470000 - 0x00007ff8d548a000 	C:\Program Files\Android\Android Studio\jre\jre\bin\net.dll
0x00007ff8d9aa0000 - 0x00007ff8d9b07000 	C:\Windows\system32\mswsock.dll
0x00007ff8d52e0000 - 0x00007ff8d52f3000 	C:\Program Files\Android\Android Studio\jre\jre\bin\nio.dll
0x00007ff8c29f0000 - 0x00007ff8c2a16000 	C:\Users\AIO PC3\.gradle\native\31\windows-amd64\native-platform.dll
0x00007ff8d6db0000 - 0x00007ff8d6dbd000 	C:\Program Files\Android\Android Studio\jre\jre\bin\management.dll
0x00007ff8d9620000 - 0x00007ff8d9653000 	C:\Windows\system32\rsaenh.dll
0x00007ff8db4c0000 - 0x00007ff8db4e6000 	C:\Windows\System32\bcrypt.dll
0x00007ff8da220000 - 0x00007ff8da245000 	C:\Windows\SYSTEM32\USERENV.dll
0x00007ff8d9c20000 - 0x00007ff8d9c2c000 	C:\Windows\SYSTEM32\CRYPTBASE.dll
0x00007ff8d97c0000 - 0x00007ff8d97fa000 	C:\Windows\SYSTEM32\IPHLPAPI.DLL
0x00007ff8dd380000 - 0x00007ff8dd388000 	C:\Windows\System32\NSI.dll
0x00007ff8d43b0000 - 0x00007ff8d43c6000 	C:\Windows\SYSTEM32\dhcpcsvc6.DLL
0x00007ff8d51e0000 - 0x00007ff8d51fc000 	C:\Windows\SYSTEM32\dhcpcsvc.DLL
0x00007ff8d9800000 - 0x00007ff8d98cb000 	C:\Windows\SYSTEM32\DNSAPI.dll
0x00007ff8d3fe0000 - 0x00007ff8d41d4000 	C:\Windows\SYSTEM32\dbghelp.dll

VM Arguments:
jvm_args: -Xmx1536m -Dfile.encoding=windows-1252 -Duser.country=US -Duser.language=en -Duser.variant 
java_command: org.gradle.launcher.daemon.bootstrap.GradleDaemon 6.1.1
java_class_path (initial): C:\Users\AIO PC3\.gradle\wrapper\dists\gradle-6.1.1-all\cfmwm155h49vnt3hynmlrsdst\gradle-6.1.1\lib\gradle-launcher-6.1.1.jar
Launcher Type: SUN_STANDARD

Environment Variables:
PATH=C:\Windows\system32;C:\Windows;C:\Windows\System32\Wbem;C:\Windows\System32\WindowsPowerShell\v1.0\;C:\Windows\System32\OpenSSH\;C:\Program Files (x86)\ATI Technologies\ATI.ACE\Core-Static;C:\Program Files\dotnet\;C:\Program Files\Microsoft SQL Server\130\Tools\Binn\;C:\Program Files (x86)\Microsoft SQL Server\100\Tools\Binn\;C:\Program Files (x86)\Microsoft SQL Server\100\DTS\Binn\;C:\Program Files (x86)\Microsoft SQL Server\100\Tools\Binn\VSShell\Common7\IDE\;C:\Program Files (x86)\Microsoft Visual Studio 9.0\Common7\IDE\PrivateAssemblies\;C:\Users\AIO PC3\AppData\Local\Microsoft\WindowsApps;
USERNAME=AIO PC3
OS=Windows_NT
PROCESSOR_IDENTIFIER=Intel64 Family 6 Model 37 Stepping 5, GenuineIntel



---------------  S Y S T E M  ---------------

OS: Windows 10.0 , 64 bit Build 18362 (10.0.18362.1082)

CPU:total 4 (initial active 4) (2 cores per cpu, 2 threads per core) family 6 model 37 stepping 5, cmov, cx8, fxsr, mmx, sse, sse2, sse3, ssse3, sse4.1, sse4.2, popcnt, aes, clmul, ht, tsc, tscinvbit

Memory: 4k page, physical 8051052k(1250080k free), swap 13748848k(3935716k free)

vm_info: OpenJDK 64-Bit Server VM (25.242-b01) for windows-amd64 JRE (1.8.0_242-release-1644-b01), built by "builder" with MS VC++ 10.0 (VS2010)

time: Mon Sep 21 11:53:36 2020
timezone: SE Asia Standard Time
elapsed time: 281 seconds (0d 0h 4m 41s)

