#
# A fatal error has been detected by the Java Runtime Environment:
#
#  EXCEPTION_ACCESS_VIOLATION (0xc0000005) at pc=0x0000000075f75ab8, pid=9536, tid=0x00000000000013e0
#
# JRE version: OpenJDK Runtime Environment (8.0_242-b01) (build 1.8.0_242-release-1644-b01)
# Java VM: OpenJDK 64-Bit Server VM (25.242-b01 mixed mode windows-amd64 compressed oops)
# Problematic frame:
# V  [jvm.dll+0x115ab8]
#
# Failed to write core dump. Minidumps are not enabled by default on client versions of Windows
#
# If you would like to submit a bug report, please visit:
#   
#

---------------  T H R E A D  ---------------

Current thread (0x0000000002b7c000):  GCTaskThread [stack: 0x0000000012830000,0x0000000012930000] [id=5088]

siginfo: ExceptionCode=0xc0000005, reading address 0xffffffffffffffff

Registers:
RAX=0x0000000012930000, RBX=0x000000000000129d, RCX=0x0000000000000000, RDX=0x0000000000000000
RSP=0x000000001292f7e0, RBP=0x0000000002c4bee0, RSI=0x00000000a51121b8, RDI=0x0000000040000000
R8 =0x007fffffffd00000, R9 =0x0000000000000000, R10=0x000000000000000c, R11=0x0000000000000000
R12=0x00000000a5112488, R13=0x0000000000000100, R14=0x00000000a5112078, R15=0x0000000000000100
RIP=0x0000000075f75ab8, EFLAGS=0x0000000000010246

Top of Stack: (sp=0x000000001292f7e0)
0x000000001292f7e0:   0000000002c4bee0 0000000075f4f85a
0x000000001292f7f0:   0000000100aeb270 00000000a511294c
0x000000001292f800:   0000000002c4bee0 0000000075f75bd3
0x000000001292f810:   0000000000000000 00000000000003d8
0x000000001292f820:   0000000002b7cb98 0000000002c00a30
0x000000001292f830:   000000000000129d 0000000076229af0
0x000000001292f840:   0000000002c4bee0 0000000002b729c0
0x000000001292f850:   0000000002b7c7c0 0000000002b7c7c0
0x000000001292f860:   00000a3c00000b31 0000000000000c00
0x000000001292f870:   0000000000000000 0000000000000000
0x000000001292f880:   0000000000000000 000000001a4fd800
0x000000001292f890:   0000000000000001 00001de600001a01
0x000000001292f8a0:   000003471b0681f5 0000000002b7cb98
0x000000001292f8b0:   0000000002b7c7c0 00000000000003d8
0x000000001292f8c0:   0000000002b7c7c0 0000000002b729c0
0x000000001292f8d0:   0000000002b7c7b0 0000000002c00a30 

Instructions: (pc=0x0000000075f75ab8)
0x0000000075f75a98:   05 93 95 6b 00 49 c1 e8 03 49 d3 e8 41 0f b6 c0
0x0000000075f75aa8:   49 c1 e8 06 24 3f 0f b6 d0 48 8b 05 a8 95 6b 00
0x0000000075f75ab8:   4a 8b 0c c0 48 0f a3 d1 72 3e 48 8b cf e8 36 1d
0x0000000075f75ac8:   fd ff 84 c0 74 32 48 8b d7 48 8b cd e8 f7 dd fc 


Register to memory mapping:

RAX=0x0000000012930000 is an unknown value
RBX=0x000000000000129d is an unknown value
RCX=0x0000000000000000 is an unknown value
RDX=0x0000000000000000 is an unknown value
RSP=0x000000001292f7e0 is an unknown value
RBP=0x0000000002c4bee0 is an unknown value
RSI=0x00000000a51121b8 is pointing into object: 0x00000000a5112078
[Lcom.sun.tools.javac.code.Scope$Entry; 
 - klass: 'com/sun/tools/javac/code/Scope$Entry'[]
 - length: 256
RDI=0x0000000040000000 is an unknown value
R8 =0x007fffffffd00000 is an unknown value
R9 =0x0000000000000000 is an unknown value
R10=0x000000000000000c is an unknown value
R11=0x0000000000000000 is an unknown value
R12=0x00000000a5112488 is an oop
com.sun.tools.javac.code.Scope$ImportScope$1 
 - klass: 'com/sun/tools/javac/code/Scope$ImportScope$1'
R13=0x0000000000000100 is an unknown value
R14=0x00000000a5112078 is an oop
[Lcom.sun.tools.javac.code.Scope$Entry; 
 - klass: 'com/sun/tools/javac/code/Scope$Entry'[]
 - length: 256
R15=0x0000000000000100 is an unknown value


Stack: [0x0000000012830000,0x0000000012930000],  sp=0x000000001292f7e0,  free space=1021k
Native frames: (J=compiled Java code, j=interpreted, Vv=VM code, C=native code)
V  [jvm.dll+0x115ab8]
V  [jvm.dll+0x3c9af0]
V  [jvm.dll+0x3c6a93]
V  [jvm.dll+0x3c482e]
V  [jvm.dll+0x27276a]
C  [msvcr100.dll+0x21d9f]
C  [msvcr100.dll+0x21e3b]
C  [KERNEL32.DLL+0x17c24]
C  [ntdll.dll+0x6d4d1]


---------------  P R O C E S S  ---------------

Java Threads: ( => current thread )
  0x000000001e4bf800 JavaThread "Cache worker for Java compile cache (D:\KHANG\TiHa\TiHa\.gradle\6.5\javaCompile)" [_thread_blocked, id=10720, stack(0x000000002a9c0000,0x000000002aac0000)]
  0x000000001e4bf000 JavaThread "Cache worker for Java compile cache (C:\Users\AIO PC3\.gradle\caches\6.5\javaCompile)" [_thread_blocked, id=12548, stack(0x000000002a620000,0x000000002a720000)]
  0x000000001a4ff800 JavaThread "WorkerExecutor Queue Thread 2" [_thread_blocked, id=1248, stack(0x000000002a520000,0x000000002a620000)]
  0x000000001a4ff000 JavaThread "stdout" [_thread_in_native, id=2384, stack(0x000000002a420000,0x000000002a520000)]
  0x000000001a4fc800 JavaThread "stderr" [_thread_in_native, id=5980, stack(0x000000002a320000,0x000000002a420000)]
  0x000000001a4fc000 JavaThread "pool-8-thread-1" [_thread_blocked, id=14800, stack(0x000000002a120000,0x000000002a220000)]
  0x000000001a500800 JavaThread "WorkerExecutor Queue" [_thread_blocked, id=8088, stack(0x0000000029c20000,0x0000000029d20000)]
  0x000000001a4fe000 JavaThread "Cache worker for execution history cache (D:\KHANG\TiHa\TiHa\.gradle\6.5\executionHistory)" [_thread_blocked, id=14112, stack(0x0000000029390000,0x0000000029490000)]
  0x000000001a4fd800 JavaThread "Execution worker for ':' Thread 3" [_thread_blocked, id=4644, stack(0x0000000026290000,0x0000000026390000)]
  0x000000001a502000 JavaThread "Execution worker for ':' Thread 2" [_thread_blocked, id=14292, stack(0x0000000026190000,0x0000000026290000)]
  0x000000001a4f3800 JavaThread "Execution worker for ':'" [_thread_blocked, id=10792, stack(0x0000000025e90000,0x0000000025f90000)]
  0x000000001a4f6000 JavaThread "Cache worker for file content cache (D:\KHANG\TiHa\TiHa\.gradle\6.5\fileContent)" [_thread_blocked, id=10564, stack(0x0000000020190000,0x0000000020290000)]
  0x000000001a4f4800 JavaThread "Cache worker for Build Output Cleanup Cache (D:\KHANG\TiHa\TiHa\.gradle\buildOutputCleanup)" [_thread_blocked, id=12072, stack(0x0000000020090000,0x0000000020190000)]
  0x000000001e72d800 JavaThread "Build operations Thread 4" [_thread_blocked, id=14940, stack(0x000000001f890000,0x000000001f990000)]
  0x000000001e72c000 JavaThread "Build operations Thread 3" [_thread_blocked, id=12592, stack(0x000000001f090000,0x000000001f190000)]
  0x000000001e724800 JavaThread "Build operations Thread 2" [_thread_blocked, id=8748, stack(0x000000001ef90000,0x000000001f090000)]
  0x000000001e729000 JavaThread "Build operations" [_thread_blocked, id=2760, stack(0x000000001dc30000,0x000000001dd30000)]
  0x000000001e728800 JavaThread "Cache worker for cache directory md-rule (C:\Users\AIO PC3\.gradle\caches\6.5\md-rule)" [_thread_blocked, id=15120, stack(0x000000001db30000,0x000000001dc30000)]
  0x000000001e726000 JavaThread "Cache worker for cache directory md-supplier (C:\Users\AIO PC3\.gradle\caches\6.5\md-supplier)" [_thread_blocked, id=6132, stack(0x000000001be60000,0x000000001bf60000)]
  0x000000001e727800 JavaThread "Cache worker for checksums cache (D:\KHANG\TiHa\TiHa\.gradle\checksums)" [_thread_blocked, id=3160, stack(0x000000001bd60000,0x000000001be60000)]
  0x000000001e72b800 JavaThread "Cache worker for file hash cache (D:\KHANG\TiHa\TiHa\.gradle\6.5\fileHashes)" [_thread_blocked, id=12264, stack(0x000000001bc60000,0x000000001bd60000)]
  0x000000001e725800 JavaThread "Thread-267" [_thread_blocked, id=3760, stack(0x000000001bb60000,0x000000001bc60000)]
  0x000000001e72a800 JavaThread "Stdin handler" [_thread_blocked, id=8944, stack(0x000000001b420000,0x000000001b520000)]
  0x000000001e723000 JavaThread "Asynchronous log dispatcher for DefaultDaemonConnection: socket connection from /127.0.0.1:51172 to /127.0.0.1:51250" [_thread_blocked, id=4524, stack(0x000000001b320000,0x000000001b420000)]
  0x000000001e72a000 JavaThread "Cancel handler" [_thread_blocked, id=13932, stack(0x00000000028b0000,0x00000000029b0000)]
  0x000000001e722800 JavaThread "Handler for socket connection from /127.0.0.1:51172 to /127.0.0.1:51250" [_thread_in_native, id=15164, stack(0x0000000001370000,0x0000000001470000)]
  0x000000001a4f6800 JavaThread "jar transforms Thread 184" [_thread_blocked, id=7544, stack(0x0000000025d90000,0x0000000025e90000)]
  0x000000001a4f5000 JavaThread "jar transforms Thread 183" [_thread_blocked, id=5236, stack(0x0000000025c90000,0x0000000025d90000)]
  0x000000001a4f3000 JavaThread "jar transforms Thread 182" [_thread_blocked, id=124, stack(0x0000000025b90000,0x0000000025c90000)]
  0x000000001a4f9800 JavaThread "jar transforms Thread 181" [_thread_blocked, id=14552, stack(0x0000000025a90000,0x0000000025b90000)]
  0x000000001a4f7800 JavaThread "jar transforms Thread 180" [_thread_blocked, id=8604, stack(0x0000000025990000,0x0000000025a90000)]
  0x000000001a4f9000 JavaThread "jar transforms Thread 179" [_thread_blocked, id=12232, stack(0x0000000025890000,0x0000000025990000)]
  0x000000001a4f8000 JavaThread "jar transforms Thread 178" [_thread_blocked, id=2472, stack(0x0000000025790000,0x0000000025890000)]
  0x000000001dff9800 JavaThread "jar transforms Thread 177" [_thread_blocked, id=10892, stack(0x0000000025690000,0x0000000025790000)]
  0x000000001dfff800 JavaThread "jar transforms Thread 176" [_thread_blocked, id=9520, stack(0x0000000025590000,0x0000000025690000)]
  0x000000001dfff000 JavaThread "jar transforms Thread 175" [_thread_blocked, id=2276, stack(0x0000000025490000,0x0000000025590000)]
  0x000000001e000800 JavaThread "jar transforms Thread 174" [_thread_blocked, id=6452, stack(0x0000000025390000,0x0000000025490000)]
  0x000000001dffc800 JavaThread "jar transforms Thread 173" [_thread_blocked, id=11200, stack(0x0000000025290000,0x0000000025390000)]
  0x000000001dffe000 JavaThread "jar transforms Thread 172" [_thread_blocked, id=14704, stack(0x0000000025190000,0x0000000025290000)]
  0x000000001dffa800 JavaThread "jar transforms Thread 171" [_thread_blocked, id=11012, stack(0x0000000025090000,0x0000000025190000)]
  0x000000001dffc000 JavaThread "jar transforms Thread 170" [_thread_blocked, id=13136, stack(0x0000000024f90000,0x0000000025090000)]
  0x000000001dff9000 JavaThread "jar transforms Thread 169" [_thread_blocked, id=12108, stack(0x0000000024e90000,0x0000000024f90000)]
  0x000000001dffd800 JavaThread "jar transforms Thread 168" [_thread_blocked, id=14932, stack(0x0000000024d90000,0x0000000024e90000)]
  0x000000001dffb000 JavaThread "jar transforms Thread 167" [_thread_blocked, id=5468, stack(0x0000000024c90000,0x0000000024d90000)]
  0x000000001dff1800 JavaThread "jar transforms Thread 166" [_thread_blocked, id=15268, stack(0x0000000024b90000,0x0000000024c90000)]
  0x000000001dff6800 JavaThread "jar transforms Thread 165" [_thread_blocked, id=10180, stack(0x0000000024a90000,0x0000000024b90000)]
  0x000000001dff5000 JavaThread "jar transforms Thread 164" [_thread_blocked, id=3384, stack(0x0000000024990000,0x0000000024a90000)]
  0x000000001dff3800 JavaThread "jar transforms Thread 163" [_thread_blocked, id=13488, stack(0x0000000024890000,0x0000000024990000)]
  0x000000001dff2000 JavaThread "jar transforms Thread 162" [_thread_blocked, id=12992, stack(0x0000000024790000,0x0000000024890000)]
  0x000000001dff6000 JavaThread "jar transforms Thread 161" [_thread_blocked, id=3884, stack(0x0000000024690000,0x0000000024790000)]
  0x000000001dff3000 JavaThread "jar transforms Thread 160" [_thread_blocked, id=13768, stack(0x0000000024590000,0x0000000024690000)]
  0x000000001dff8000 JavaThread "jar transforms Thread 159" [_thread_blocked, id=14064, stack(0x0000000024490000,0x0000000024590000)]
  0x000000001dff7800 JavaThread "jar transforms Thread 158" [_thread_blocked, id=4192, stack(0x0000000024390000,0x0000000024490000)]
  0x000000001dff4800 JavaThread "jar transforms Thread 157" [_thread_blocked, id=2684, stack(0x0000000024290000,0x0000000024390000)]
  0x000000001e706800 JavaThread "jar transforms Thread 156" [_thread_blocked, id=1388, stack(0x0000000024190000,0x0000000024290000)]
  0x000000001e70d000 JavaThread "jar transforms Thread 155" [_thread_blocked, id=9028, stack(0x0000000024090000,0x0000000024190000)]
  0x000000001e70c800 JavaThread "jar transforms Thread 154" [_thread_blocked, id=3376, stack(0x0000000023f90000,0x0000000024090000)]
  0x000000001e70b800 JavaThread "jar transforms Thread 153" [_thread_blocked, id=9696, stack(0x0000000023e90000,0x0000000023f90000)]
  0x000000001e70b000 JavaThread "jar transforms Thread 152" [_thread_blocked, id=7968, stack(0x0000000023d90000,0x0000000023e90000)]
  0x000000001e705800 JavaThread "jar transforms Thread 151" [_thread_blocked, id=11324, stack(0x0000000023c90000,0x0000000023d90000)]
  0x000000001e70a000 JavaThread "jar transforms Thread 150" [_thread_blocked, id=8288, stack(0x0000000023b90000,0x0000000023c90000)]
  0x000000001e709800 JavaThread "jar transforms Thread 149" [_thread_blocked, id=13328, stack(0x0000000023a90000,0x0000000023b90000)]
  0x000000001e708800 JavaThread "jar transforms Thread 148" [_thread_blocked, id=14200, stack(0x0000000023990000,0x0000000023a90000)]
  0x000000001e708000 JavaThread "jar transforms Thread 147" [_thread_blocked, id=15240, stack(0x0000000023890000,0x0000000023990000)]
  0x000000001e707000 JavaThread "jar transforms Thread 146" [_thread_blocked, id=11320, stack(0x0000000023790000,0x0000000023890000)]
  0x000000001e6fe000 JavaThread "jar transforms Thread 145" [_thread_blocked, id=11248, stack(0x0000000023690000,0x0000000023790000)]
  0x000000001e6ff800 JavaThread "jar transforms Thread 144" [_thread_blocked, id=12292, stack(0x0000000023590000,0x0000000023690000)]
  0x000000001e704000 JavaThread "jar transforms Thread 143" [_thread_blocked, id=11608, stack(0x0000000023490000,0x0000000023590000)]
  0x000000001e703800 JavaThread "jar transforms Thread 142" [_thread_blocked, id=14196, stack(0x0000000023390000,0x0000000023490000)]
  0x000000001e702800 JavaThread "jar transforms Thread 141" [_thread_blocked, id=10296, stack(0x0000000023290000,0x0000000023390000)]
  0x000000001e705000 JavaThread "jar transforms Thread 140" [_thread_blocked, id=8224, stack(0x0000000023190000,0x0000000023290000)]
  0x000000001e702000 JavaThread "jar transforms Thread 139" [_thread_blocked, id=11104, stack(0x0000000023090000,0x0000000023190000)]
  0x000000001e701000 JavaThread "jar transforms Thread 138" [_thread_blocked, id=8072, stack(0x0000000022f90000,0x0000000023090000)]
  0x000000001e6ff000 JavaThread "jar transforms Thread 137" [_thread_blocked, id=1040, stack(0x0000000022e90000,0x0000000022f90000)]
  0x000000001e700800 JavaThread "jar transforms Thread 136" [_thread_blocked, id=2944, stack(0x0000000022d90000,0x0000000022e90000)]
  0x00000000195f5800 JavaThread "jar transforms Thread 135" [_thread_blocked, id=6944, stack(0x0000000022c90000,0x0000000022d90000)]
  0x00000000195f3800 JavaThread "jar transforms Thread 134" [_thread_blocked, id=3656, stack(0x0000000022b90000,0x0000000022c90000)]
  0x00000000195f8800 JavaThread "jar transforms Thread 133" [_thread_blocked, id=13372, stack(0x0000000022a90000,0x0000000022b90000)]
  0x00000000195f8000 JavaThread "jar transforms Thread 132" [_thread_blocked, id=6016, stack(0x0000000022990000,0x0000000022a90000)]
  0x00000000195fa000 JavaThread "jar transforms Thread 131" [_thread_blocked, id=9948, stack(0x0000000022890000,0x0000000022990000)]
  0x000000002735e000 JavaThread "jar transforms Thread 130" [_thread_blocked, id=2968, stack(0x0000000022790000,0x0000000022890000)]
  0x000000002735d800 JavaThread "jar transforms Thread 129" [_thread_blocked, id=10312, stack(0x0000000022690000,0x0000000022790000)]
  0x000000002735a800 JavaThread "jar transforms Thread 128" [_thread_blocked, id=7836, stack(0x0000000022590000,0x0000000022690000)]
  0x000000002735c000 JavaThread "jar transforms Thread 127" [_thread_blocked, id=14004, stack(0x0000000022490000,0x0000000022590000)]
  0x000000002735b000 JavaThread "jar transforms Thread 126" [_thread_blocked, id=12932, stack(0x0000000022390000,0x0000000022490000)]
  0x0000000027359800 JavaThread "jar transforms Thread 125" [_thread_blocked, id=8840, stack(0x0000000022290000,0x0000000022390000)]
  0x000000002735f000 JavaThread "jar transforms Thread 124" [_thread_blocked, id=12640, stack(0x0000000022190000,0x0000000022290000)]
  0x000000002735c800 JavaThread "jar transforms Thread 123" [_thread_blocked, id=5192, stack(0x0000000022090000,0x0000000022190000)]
  0x0000000027351800 JavaThread "jar transforms Thread 122" [_thread_blocked, id=9524, stack(0x0000000021f90000,0x0000000022090000)]
  0x0000000027358000 JavaThread "jar transforms Thread 121" [_thread_blocked, id=9916, stack(0x0000000021e90000,0x0000000021f90000)]
  0x0000000027357800 JavaThread "jar transforms Thread 120" [_thread_blocked, id=2220, stack(0x0000000021d90000,0x0000000021e90000)]
  0x0000000027350000 JavaThread "jar transforms Thread 119" [_thread_blocked, id=12172, stack(0x0000000021c90000,0x0000000021d90000)]
  0x0000000027353000 JavaThread "jar transforms Thread 118" [_thread_blocked, id=2764, stack(0x0000000021b90000,0x0000000021c90000)]
  0x0000000027354800 JavaThread "jar transforms Thread 117" [_thread_blocked, id=13080, stack(0x0000000021a90000,0x0000000021b90000)]
  0x0000000027355000 JavaThread "jar transforms Thread 116" [_thread_blocked, id=10192, stack(0x0000000021990000,0x0000000021a90000)]
  0x0000000027356800 JavaThread "jar transforms Thread 115" [_thread_blocked, id=13304, stack(0x0000000021890000,0x0000000021990000)]
  0x0000000027350800 JavaThread "jar transforms Thread 114" [_thread_blocked, id=7396, stack(0x0000000021790000,0x0000000021890000)]
  0x0000000027352000 JavaThread "jar transforms Thread 113" [_thread_blocked, id=12768, stack(0x0000000021690000,0x0000000021790000)]
  0x000000001969c800 JavaThread "jar transforms Thread 112" [_thread_blocked, id=4120, stack(0x0000000021590000,0x0000000021690000)]
  0x000000001969a000 JavaThread "jar transforms Thread 111" [_thread_blocked, id=10896, stack(0x0000000021490000,0x0000000021590000)]
  0x0000000019699800 JavaThread "jar transforms Thread 110" [_thread_blocked, id=4640, stack(0x0000000021390000,0x0000000021490000)]
  0x000000001969b800 JavaThread "jar transforms Thread 109" [_thread_blocked, id=12192, stack(0x0000000021290000,0x0000000021390000)]
  0x000000001969b000 JavaThread "jar transforms Thread 108" [_thread_blocked, id=13564, stack(0x0000000021190000,0x0000000021290000)]
  0x0000000019698800 JavaThread "jar transforms Thread 107" [_thread_blocked, id=2572, stack(0x0000000021090000,0x0000000021190000)]
  0x000000001969d000 JavaThread "jar transforms Thread 106" [_thread_blocked, id=12800, stack(0x0000000020f90000,0x0000000021090000)]
  0x0000000019698000 JavaThread "jar transforms Thread 105" [_thread_blocked, id=9800, stack(0x0000000020e90000,0x0000000020f90000)]
  0x0000000019697000 JavaThread "jar transforms Thread 104" [_thread_blocked, id=3224, stack(0x0000000020d90000,0x0000000020e90000)]
  0x0000000019691000 JavaThread "jar transforms Thread 103" [_thread_blocked, id=1796, stack(0x0000000020c90000,0x0000000020d90000)]
  0x0000000019692800 JavaThread "jar transforms Thread 102" [_thread_blocked, id=3052, stack(0x0000000020b90000,0x0000000020c90000)]
  0x0000000019695000 JavaThread "jar transforms Thread 101" [_thread_blocked, id=2688, stack(0x0000000020a90000,0x0000000020b90000)]
  0x0000000019695800 JavaThread "jar transforms Thread 100" [_thread_blocked, id=5880, stack(0x0000000020990000,0x0000000020a90000)]
  0x0000000019693800 JavaThread "jar transforms Thread 99" [_thread_blocked, id=9220, stack(0x0000000020890000,0x0000000020990000)]
  0x0000000019692000 JavaThread "jar transforms Thread 98" [_thread_blocked, id=5512, stack(0x0000000020790000,0x0000000020890000)]
  0x0000000019694000 JavaThread "jar transforms Thread 97" [_thread_blocked, id=8384, stack(0x0000000020690000,0x0000000020790000)]
  0x0000000019696800 JavaThread "jar transforms Thread 96" [_thread_blocked, id=8816, stack(0x0000000020590000,0x0000000020690000)]
  0x000000001968e000 JavaThread "jar transforms Thread 95" [_thread_blocked, id=1648, stack(0x0000000020490000,0x0000000020590000)]
  0x000000001e72e800 JavaThread "jar transforms Thread 94" [_thread_blocked, id=6940, stack(0x0000000020390000,0x0000000020490000)]
  0x000000001e731800 JavaThread "jar transforms Thread 93" [_thread_blocked, id=11180, stack(0x0000000020290000,0x0000000020390000)]
  0x000000001e727000 JavaThread "Daemon worker Thread 2" [_thread_blocked, id=9688, stack(0x000000001ba60000,0x000000001bb60000)]
  0x000000001e724000 JavaThread "Daemon Thread 2" [_thread_blocked, id=7620, stack(0x0000000000ed0000,0x0000000000fd0000)]
  0x000000001e730000 JavaThread "Memory manager" [_thread_blocked, id=10504, stack(0x0000000029520000,0x0000000029620000)]
  0x00000000195f7000 JavaThread "Cache worker for file content cache (C:\Users\AIO PC3\.gradle\caches\6.5\fileContent)" [_thread_blocked, id=15336, stack(0x000000001f990000,0x000000001fa90000)]
  0x00000000195f4000 JavaThread "Cache worker for execution history cache (C:\Users\AIO PC3\.gradle\caches\6.5\executionHistory)" [_thread_blocked, id=8188, stack(0x000000001f190000,0x000000001f290000)]
  0x00000000195f5000 JavaThread "Cache worker for file hash cache (C:\Users\AIO PC3\.gradle\caches\6.5\fileHashes)" [_thread_blocked, id=9504, stack(0x000000001c660000,0x000000001c760000)]
  0x00000000195f9800 JavaThread "File lock request listener" [_thread_in_native, id=11964, stack(0x000000001c560000,0x000000001c660000)]
  0x0000000017e45800 JavaThread "Cache worker for journal cache (C:\Users\AIO PC3\.gradle\caches\journal-1)" [_thread_blocked, id=11888, stack(0x000000001c360000,0x000000001c460000)]
  0x0000000019ced800 JavaThread "Daemon periodic checks" [_thread_blocked, id=244, stack(0x000000001b760000,0x000000001b860000)]
  0x000000001820e800 JavaThread "Incoming local TCP Connector on port 51172" [_thread_in_native, id=14672, stack(0x000000001b520000,0x000000001b620000)]
  0x0000000019fed800 JavaThread "Daemon health stats" [_thread_blocked, id=13076, stack(0x000000001aee0000,0x000000001afe0000)]
  0x0000000017e5a000 JavaThread "Service Thread" daemon [_thread_blocked, id=5728, stack(0x0000000018340000,0x0000000018440000)]
  0x0000000017e48800 JavaThread "C1 CompilerThread2" daemon [_thread_blocked, id=9960, stack(0x0000000018240000,0x0000000018340000)]
  0x00000000165da000 JavaThread "C2 CompilerThread1" daemon [_thread_blocked, id=13500, stack(0x0000000017d40000,0x0000000017e40000)]
  0x00000000165d4800 JavaThread "C2 CompilerThread0" daemon [_thread_blocked, id=5956, stack(0x0000000017c40000,0x0000000017d40000)]
  0x00000000165d4000 JavaThread "Attach Listener" daemon [_thread_blocked, id=3132, stack(0x0000000017b40000,0x0000000017c40000)]
  0x00000000165d6800 JavaThread "Signal Dispatcher" daemon [_thread_blocked, id=7548, stack(0x0000000017a40000,0x0000000017b40000)]
  0x0000000002c5c000 JavaThread "Finalizer" daemon [_thread_blocked, id=5996, stack(0x0000000017840000,0x0000000017940000)]
  0x00000000165b9000 JavaThread "Reference Handler" daemon [_thread_blocked, id=4592, stack(0x0000000017740000,0x0000000017840000)]
  0x00000000028ae800 JavaThread "main" [_thread_blocked, id=11364, stack(0x0000000002a60000,0x0000000002b60000)]

Other Threads:
  0x0000000016596000 VMThread [stack: 0x0000000017640000,0x0000000017740000] [id=7844]
  0x0000000017e5a800 WatcherThread [stack: 0x0000000018440000,0x0000000018540000] [id=7264]

=>0x0000000002b7c000 (exited) GCTaskThread [stack: 0x0000000012830000,0x0000000012930000] [id=5088]

VM state:at safepoint (normal execution)

VM Mutex/Monitor currently owned by a thread:  ([mutex/lock_event])
[0x00000000028ad040] Threads_lock - owner thread: 0x0000000016596000
[0x00000000028acfc0] Heap_lock - owner thread: 0x000000001a4fd800

heap address: 0x00000000a0000000, size: 1536 MB, Compressed Oops mode: 32-bit
Narrow klass base: 0x0000000000000000, Narrow klass shift: 3
Compressed class space size: 1073741824 Address: 0x0000000100000000

Heap:
 PSYoungGen      total 364544K, used 31217K [0x00000000e0000000, 0x00000000fbe80000, 0x0000000100000000)
  eden space 333312K, 0% used [0x00000000e0000000,0x00000000e0000000,0x00000000f4580000)
  from space 31232K, 99% used [0x00000000f7600000,0x00000000f947c600,0x00000000f9480000)
  to   space 49664K, 0% used [0x00000000f4580000,0x00000000f4580000,0x00000000f7600000)
 ParOldGen       total 112128K, used 91571K [0x00000000a0000000, 0x00000000a6d80000, 0x00000000e0000000)
  object space 112128K, 81% used [0x00000000a0000000,0x00000000a596ccf0,0x00000000a6d80000)
 Metaspace       used 82307K, capacity 86172K, committed 86296K, reserved 1124352K
  class space    used 10598K, capacity 11312K, committed 11312K, reserved 1048576K

Card table byte_map: [0x0000000012020000,0x0000000012330000] byte_map_base: 0x0000000011b20000

Marking Bits: (ParMarkBitMap*) 0x000000007662f030
 Begin Bits: [0x0000000012930000, 0x0000000014130000)
 End Bits:   [0x0000000014130000, 0x0000000015930000)

Polling page: 0x0000000002890000

CodeCache: size=245760Kb used=44812Kb max_used=45530Kb free=200947Kb
 bounds [0x0000000002c60000, 0x0000000005910000, 0x0000000011c60000]
 total_blobs=13865 nmethods=13014 adapters=763
 compilation: enabled

Compilation events (10 events):
Event: 209.847 Thread 0x0000000017e48800 16039       3       com.sun.tools.javac.comp.Attr::isStaticReference (37 bytes)
Event: 209.848 Thread 0x0000000017e48800 nmethod 16039 0x000000000534a750 code [0x000000000534a8e0, 0x000000000534ae38]
Event: 209.855 Thread 0x00000000165da000 nmethod 15949 0x00000000036c3510 code [0x00000000036c3a20, 0x00000000036c70d8]
Event: 209.855 Thread 0x00000000165da000 16021       4       com.sun.tools.javac.comp.Resolve::accessInternal (97 bytes)
Event: 209.859 Thread 0x00000000165da000 nmethod 16021 0x0000000004674510 code [0x0000000004674680, 0x00000000046748c8]
Event: 209.859 Thread 0x00000000165da000 16029       4       com.sun.tools.javac.code.Types::isSubtypeUnchecked (24 bytes)
Event: 209.861 Thread 0x0000000017e48800 16041   !   3       com.sun.tools.javac.code.Types::firstUnimplementedAbstract (33 bytes)
Event: 209.862 Thread 0x0000000017e48800 nmethod 16041 0x0000000004eac410 code [0x0000000004eac5c0, 0x0000000004eacb88]
Event: 209.864 Thread 0x0000000017e48800 16042       1       com.sun.tools.javac.code.Type::isExtendsBound (2 bytes)
Event: 209.864 Thread 0x0000000017e48800 nmethod 16042 0x0000000002f57110 code [0x0000000002f57260, 0x0000000002f57370]

GC Heap History (10 events):
Event: 33.757 GC heap after
Heap after GC invocations=17 (full 3):
 PSYoungGen      total 283136K, used 11877K [0x00000000e0000000, 0x00000000f3080000, 0x0000000100000000)
  eden space 262656K, 0% used [0x00000000e0000000,0x00000000e0000000,0x00000000f0080000)
  from space 20480K, 57% used [0x00000000f1c80000,0x00000000f2819778,0x00000000f3080000)
  to   space 24576K, 0% used [0x00000000f0080000,0x00000000f0080000,0x00000000f1880000)
 ParOldGen       total 112128K, used 55293K [0x00000000a0000000, 0x00000000a6d80000, 0x00000000e0000000)
  object space 112128K, 49% used [0x00000000a0000000,0x00000000a35ff610,0x00000000a6d80000)
 Metaspace       used 67265K, capacity 70538K, committed 70808K, reserved 1110016K
  class space    used 9214K, capacity 9846K, committed 9904K, reserved 1048576K
}
Event: 114.546 GC heap before
{Heap before GC invocations=18 (full 3):
 PSYoungGen      total 283136K, used 274533K [0x00000000e0000000, 0x00000000f3080000, 0x0000000100000000)
  eden space 262656K, 100% used [0x00000000e0000000,0x00000000f0080000,0x00000000f0080000)
  from space 20480K, 57% used [0x00000000f1c80000,0x00000000f2819778,0x00000000f3080000)
  to   space 24576K, 0% used [0x00000000f0080000,0x00000000f0080000,0x00000000f1880000)
 ParOldGen       total 112128K, used 55293K [0x00000000a0000000, 0x00000000a6d80000, 0x00000000e0000000)
  object space 112128K, 49% used [0x00000000a0000000,0x00000000a35ff610,0x00000000a6d80000)
 Metaspace       used 73307K, capacity 76802K, committed 76952K, reserved 1116160K
  class space    used 9730K, capacity 10414K, committed 10416K, reserved 1048576K
Event: 114.612 GC heap after
Heap after GC invocations=18 (full 3):
 PSYoungGen      total 287232K, used 21859K [0x00000000e0000000, 0x00000000f7300000, 0x0000000100000000)
  eden space 262656K, 0% used [0x00000000e0000000,0x00000000e0000000,0x00000000f0080000)
  from space 24576K, 88% used [0x00000000f0080000,0x00000000f15d8c00,0x00000000f1880000)
  to   space 27648K, 0% used [0x00000000f5800000,0x00000000f5800000,0x00000000f7300000)
 ParOldGen       total 112128K, used 55301K [0x00000000a0000000, 0x00000000a6d80000, 0x00000000e0000000)
  object space 112128K, 49% used [0x00000000a0000000,0x00000000a3601610,0x00000000a6d80000)
 Metaspace       used 73307K, capacity 76802K, committed 76952K, reserved 1116160K
  class space    used 9730K, capacity 10414K, committed 10416K, reserved 1048576K
}
Event: 155.648 GC heap before
{Heap before GC invocations=19 (full 3):
 PSYoungGen      total 287232K, used 284515K [0x00000000e0000000, 0x00000000f7300000, 0x0000000100000000)
  eden space 262656K, 100% used [0x00000000e0000000,0x00000000f0080000,0x00000000f0080000)
  from space 24576K, 88% used [0x00000000f0080000,0x00000000f15d8c00,0x00000000f1880000)
  to   space 27648K, 0% used [0x00000000f5800000,0x00000000f5800000,0x00000000f7300000)
 ParOldGen       total 112128K, used 55301K [0x00000000a0000000, 0x00000000a6d80000, 0x00000000e0000000)
  object space 112128K, 49% used [0x00000000a0000000,0x00000000a3601610,0x00000000a6d80000)
 Metaspace       used 73933K, capacity 77562K, committed 77848K, reserved 1116160K
  class space    used 9752K, capacity 10438K, committed 10544K, reserved 1048576K
Event: 155.711 GC heap after
Heap after GC invocations=19 (full 3):
 PSYoungGen      total 335872K, used 17976K [0x00000000e0000000, 0x00000000f6b80000, 0x0000000100000000)
  eden space 315904K, 0% used [0x00000000e0000000,0x00000000e0000000,0x00000000f3480000)
  from space 19968K, 90% used [0x00000000f5800000,0x00000000f698e120,0x00000000f6b80000)
  to   space 28160K, 0% used [0x00000000f3480000,0x00000000f3480000,0x00000000f5000000)
 ParOldGen       total 112128K, used 55309K [0x00000000a0000000, 0x00000000a6d80000, 0x00000000e0000000)
  object space 112128K, 49% used [0x00000000a0000000,0x00000000a3603610,0x00000000a6d80000)
 Metaspace       used 73933K, capacity 77562K, committed 77848K, reserved 1116160K
  class space    used 9752K, capacity 10438K, committed 10544K, reserved 1048576K
}
Event: 200.194 GC heap before
{Heap before GC invocations=20 (full 3):
 PSYoungGen      total 335872K, used 333880K [0x00000000e0000000, 0x00000000f6b80000, 0x0000000100000000)
  eden space 315904K, 100% used [0x00000000e0000000,0x00000000f3480000,0x00000000f3480000)
  from space 19968K, 90% used [0x00000000f5800000,0x00000000f698e120,0x00000000f6b80000)
  to   space 28160K, 0% used [0x00000000f3480000,0x00000000f3480000,0x00000000f5000000)
 ParOldGen       total 112128K, used 55309K [0x00000000a0000000, 0x00000000a6d80000, 0x00000000e0000000)
  object space 112128K, 49% used [0x00000000a0000000,0x00000000a3603610,0x00000000a6d80000)
 Metaspace       used 75301K, capacity 79124K, committed 79256K, reserved 1118208K
  class space    used 9863K, capacity 10565K, committed 10672K, reserved 1048576K
Event: 200.234 GC heap after
Heap after GC invocations=20 (full 3):
 PSYoungGen      total 344064K, used 24348K [0x00000000e0000000, 0x00000000f9480000, 0x0000000100000000)
  eden space 315904K, 0% used [0x00000000e0000000,0x00000000e0000000,0x00000000f3480000)
  from space 28160K, 86% used [0x00000000f3480000,0x00000000f4c47250,0x00000000f5000000)
  to   space 31232K, 0% used [0x00000000f7600000,0x00000000f7600000,0x00000000f9480000)
 ParOldGen       total 112128K, used 55317K [0x00000000a0000000, 0x00000000a6d80000, 0x00000000e0000000)
  object space 112128K, 49% used [0x00000000a0000000,0x00000000a3605610,0x00000000a6d80000)
 Metaspace       used 75301K, capacity 79124K, committed 79256K, reserved 1118208K
  class space    used 9863K, capacity 10565K, committed 10672K, reserved 1048576K
}
Event: 209.867 GC heap before
{Heap before GC invocations=21 (full 3):
 PSYoungGen      total 344064K, used 340252K [0x00000000e0000000, 0x00000000f9480000, 0x0000000100000000)
  eden space 315904K, 100% used [0x00000000e0000000,0x00000000f3480000,0x00000000f3480000)
  from space 28160K, 86% used [0x00000000f3480000,0x00000000f4c47250,0x00000000f5000000)
  to   space 31232K, 0% used [0x00000000f7600000,0x00000000f7600000,0x00000000f9480000)
 ParOldGen       total 112128K, used 55317K [0x00000000a0000000, 0x00000000a6d80000, 0x00000000e0000000)
  object space 112128K, 49% used [0x00000000a0000000,0x00000000a3605610,0x00000000a6d80000)
 Metaspace       used 82307K, capacity 86172K, committed 86296K, reserved 1124352K
  class space    used 10598K, capacity 11312K, committed 11312K, reserved 1048576K
Event: 210.002 GC heap after
Heap after GC invocations=21 (full 3):
 PSYoungGen      total 364544K, used 31217K [0x00000000e0000000, 0x00000000fbe80000, 0x0000000100000000)
  eden space 333312K, 0% used [0x00000000e0000000,0x00000000e0000000,0x00000000f4580000)
  from space 31232K, 99% used [0x00000000f7600000,0x00000000f947c600,0x00000000f9480000)
  to   space 49664K, 0% used [0x00000000f4580000,0x00000000f4580000,0x00000000f7600000)
 ParOldGen       total 112128K, used 91571K [0x00000000a0000000, 0x00000000a6d80000, 0x00000000e0000000)
  object space 112128K, 81% used [0x00000000a0000000,0x00000000a596ccf0,0x00000000a6d80000)
 Metaspace       used 82307K, capacity 86172K, committed 86296K, reserved 1124352K
  class space    used 10598K, capacity 11312K, committed 11312K, reserved 1048576K
}
Event: 210.002 GC heap before
{Heap before GC invocations=22 (full 4):
 PSYoungGen      total 364544K, used 31217K [0x00000000e0000000, 0x00000000fbe80000, 0x0000000100000000)
  eden space 333312K, 0% used [0x00000000e0000000,0x00000000e0000000,0x00000000f4580000)
  from space 31232K, 99% used [0x00000000f7600000,0x00000000f947c600,0x00000000f9480000)
  to   space 49664K, 0% used [0x00000000f4580000,0x00000000f4580000,0x00000000f7600000)
 ParOldGen       total 112128K, used 91571K [0x00000000a0000000, 0x00000000a6d80000, 0x00000000e0000000)
  object space 112128K, 81% used [0x00000000a0000000,0x00000000a596ccf0,0x00000000a6d80000)
 Metaspace       used 82307K, capacity 86172K, committed 86296K, reserved 1124352K
  class space    used 10598K, capacity 11312K, committed 11312K, reserved 1048576K

Deoptimization events (10 events):
Event: 209.700 Thread 0x000000001a4fd800 Uncommon trap: reason=unstable_if action=reinterpret pc=0x0000000005872e50 method=com.sun.tools.javac.comp.Resolve.isAccessible(Lcom/sun/tools/javac/comp/Env;Lcom/sun/tools/javac/code/Type;Lcom/sun/tools/javac/code/Symbol;Z)Z @ 83
Event: 209.730 Thread 0x000000001a4fd800 Uncommon trap: reason=class_check action=maybe_recompile pc=0x000000000581f688 method=com.sun.tools.javac.code.Types.isSubtypeUncheckedInternal(Lcom/sun/tools/javac/code/Type;Lcom/sun/tools/javac/code/Type;Lcom/sun/tools/javac/util/Warner;)Z @ 37
Event: 209.733 Thread 0x000000001a4fd800 Uncommon trap: reason=unstable_if action=reinterpret pc=0x00000000030c20fc method=com.sun.tools.javac.comp.Check$DefaultMethodClashFilter.accepts(Lcom/sun/tools/javac/code/Symbol;)Z @ 19
Event: 209.733 Thread 0x000000001a4fd800 Uncommon trap: reason=unstable_if action=reinterpret pc=0x0000000002e9ba88 method=com.sun.tools.javac.comp.Check$DefaultMethodClashFilter.accepts(Lcom/sun/tools/javac/code/Symbol;)Z @ 19
Event: 209.734 Thread 0x000000001a4fd800 Uncommon trap: reason=unstable_if action=reinterpret pc=0x0000000004eb21c4 method=com.sun.tools.javac.code.Symbol$MethodSymbol.overrides(Lcom/sun/tools/javac/code/Symbol;Lcom/sun/tools/javac/code/Symbol$TypeSymbol;Lcom/sun/tools/javac/code/Types;Z)Z @ 149
Event: 209.754 Thread 0x000000001a4fd800 Uncommon trap: reason=class_check action=maybe_recompile pc=0x000000000581f688 method=com.sun.tools.javac.code.Types.isSubtypeUncheckedInternal(Lcom/sun/tools/javac/code/Type;Lcom/sun/tools/javac/code/Type;Lcom/sun/tools/javac/util/Warner;)Z @ 37
Event: 209.773 Thread 0x000000001a4fd800 Uncommon trap: reason=predicate action=maybe_recompile pc=0x00000000058278ec method=com.sun.tools.javac.code.Type.containsAny(Lcom/sun/tools/javac/util/List;)Z @ 14
Event: 209.815 Thread 0x000000001a4fd800 Uncommon trap: reason=unstable_if action=reinterpret pc=0x0000000005210b58 method=com.sun.tools.javac.code.Types.asOuterSuper(Lcom/sun/tools/javac/code/Type;Lcom/sun/tools/javac/code/Symbol;)Lcom/sun/tools/javac/code/Type; @ 60
Event: 209.856 Thread 0x000000001a4fd800 Uncommon trap: reason=bimorphic action=maybe_recompile pc=0x00000000049c3914 method=com.sun.tools.javac.comp.Check.checkDeprecated(Lcom/sun/tools/javac/util/JCDiagnostic$DiagnosticPosition;Lcom/sun/tools/javac/code/Symbol;Lcom/sun/tools/javac/code/Symbol;
Event: 209.863 Thread 0x000000001a4fd800 Uncommon trap: reason=unstable_if action=reinterpret pc=0x00000000058fb000 method=com.sun.tools.javac.code.Symbol.isInheritedIn(Lcom/sun/tools/javac/code/Symbol;Lcom/sun/tools/javac/code/Types;)Z @ 51

Classes redefined (0 events):
No events

Internal exceptions (10 events):
Event: 197.511 Thread 0x000000001a4fd800 Exception <a 'sun/nio/fs/WindowsException'> (0x00000000ef9dc490) thrown at [C:\src\AOSP-openjdk-git\hotspot\src\share\vm\prims\jni.cpp, line 710]
Event: 199.911 Thread 0x000000001a500800 Exception <a 'sun/nio/fs/WindowsException'> (0x00000000f16e5da8) thrown at [C:\src\AOSP-openjdk-git\hotspot\src\share\vm\prims\jni.cpp, line 710]
Event: 199.917 Thread 0x000000001a500800 Exception <a 'sun/nio/fs/WindowsException'> (0x00000000f1704928) thrown at [C:\src\AOSP-openjdk-git\hotspot\src\share\vm\prims\jni.cpp, line 710]
Event: 199.917 Thread 0x000000001a500800 Exception <a 'sun/nio/fs/WindowsException'> (0x00000000f1704dd0) thrown at [C:\src\AOSP-openjdk-git\hotspot\src\share\vm\prims\jni.cpp, line 710]
Event: 201.221 Thread 0x000000001a4fd800 Exception <a 'sun/nio/fs/WindowsException'> (0x00000000e400de50) thrown at [C:\src\AOSP-openjdk-git\hotspot\src\share\vm\prims\jni.cpp, line 710]
Event: 201.221 Thread 0x000000001a4fd800 Exception <a 'sun/nio/fs/WindowsException'> (0x00000000e400eb10) thrown at [C:\src\AOSP-openjdk-git\hotspot\src\share\vm\prims\jni.cpp, line 710]
Event: 201.222 Thread 0x000000001a4fd800 Exception <a 'sun/nio/fs/WindowsException'> (0x00000000e4015b40) thrown at [C:\src\AOSP-openjdk-git\hotspot\src\share\vm\prims\jni.cpp, line 710]
Event: 201.223 Thread 0x000000001a4fd800 Exception <a 'sun/nio/fs/WindowsException'> (0x00000000e4016840) thrown at [C:\src\AOSP-openjdk-git\hotspot\src\share\vm\prims\jni.cpp, line 710]
Event: 201.223 Thread 0x000000001a4fd800 Exception <a 'sun/nio/fs/WindowsException'> (0x00000000e40186f8) thrown at [C:\src\AOSP-openjdk-git\hotspot\src\share\vm\prims\jni.cpp, line 710]
Event: 201.223 Thread 0x000000001a4fd800 Exception <a 'sun/nio/fs/WindowsException'> (0x00000000e4019408) thrown at [C:\src\AOSP-openjdk-git\hotspot\src\share\vm\prims\jni.cpp, line 710]

Events (10 events):
Event: 209.815 Thread 0x000000001a4fd800 Uncommon trap: trap_request=0xffffff65 fr.pc=0x0000000005210b58
Event: 209.815 Thread 0x000000001a4fd800 DEOPT PACKING pc=0x0000000005210b58 sp=0x0000000026387f40
Event: 209.815 Thread 0x000000001a4fd800 DEOPT UNPACKING pc=0x0000000002ca557b sp=0x0000000026387f08 mode 2
Event: 209.856 Thread 0x000000001a4fd800 Uncommon trap: trap_request=0xffffffc6 fr.pc=0x00000000049c3914
Event: 209.856 Thread 0x000000001a4fd800 DEOPT PACKING pc=0x00000000049c3914 sp=0x0000000026389940
Event: 209.856 Thread 0x000000001a4fd800 DEOPT UNPACKING pc=0x0000000002ca557b sp=0x00000000263898d8 mode 2
Event: 209.863 Thread 0x000000001a4fd800 Uncommon trap: trap_request=0xffffff65 fr.pc=0x00000000058fb000
Event: 209.863 Thread 0x000000001a4fd800 DEOPT PACKING pc=0x00000000058fb000 sp=0x0000000026388d10
Event: 209.863 Thread 0x000000001a4fd800 DEOPT UNPACKING pc=0x0000000002ca557b sp=0x0000000026388c70 mode 2
Event: 209.866 Executing VM operation: ParallelGCFailedAllocation


Dynamic libraries:
0x00007ff7d3060000 - 0x00007ff7d3091000 	C:\Program Files\Android\Android Studio\jre\bin\java.exe
0x00007fff5efe0000 - 0x00007fff5f1d0000 	C:\Windows\SYSTEM32\ntdll.dll
0x00007fff5ee30000 - 0x00007fff5eee2000 	C:\Windows\System32\KERNEL32.DLL
0x00007fff5c8a0000 - 0x00007fff5cb45000 	C:\Windows\System32\KERNELBASE.dll
0x00007fff5d060000 - 0x00007fff5d103000 	C:\Windows\System32\ADVAPI32.dll
0x00007fff5e4f0000 - 0x00007fff5e58e000 	C:\Windows\System32\msvcrt.dll
0x00007fff5d850000 - 0x00007fff5d8e7000 	C:\Windows\System32\sechost.dll
0x00007fff5e090000 - 0x00007fff5e1af000 	C:\Windows\System32\RPCRT4.dll
0x00007fff5def0000 - 0x00007fff5e084000 	C:\Windows\System32\USER32.dll
0x00007fff5cec0000 - 0x00007fff5cee1000 	C:\Windows\System32\win32u.dll
0x00007fff5d820000 - 0x00007fff5d846000 	C:\Windows\System32\GDI32.dll
0x00007fff5cd20000 - 0x00007fff5ceb8000 	C:\Windows\System32\gdi32full.dll
0x00007fff5cb80000 - 0x00007fff5cc1e000 	C:\Windows\System32\msvcp_win.dll
0x00007fff5cc20000 - 0x00007fff5cd1a000 	C:\Windows\System32\ucrtbase.dll
0x00007fff495a0000 - 0x00007fff49824000 	C:\Windows\WinSxS\amd64_microsoft.windows.common-controls_6595b64144ccf1df_6.0.18362.1316_none_9e7a364fe461dbd7\COMCTL32.dll
0x00007fff5e1b0000 - 0x00007fff5e4e7000 	C:\Windows\System32\combase.dll
0x00007fff5c760000 - 0x00007fff5c7e1000 	C:\Windows\System32\bcryptPrimitives.dll
0x00007fff5dec0000 - 0x00007fff5deee000 	C:\Windows\System32\IMM32.DLL
0x0000000075d80000 - 0x0000000075e52000 	C:\Program Files\Android\Android Studio\jre\jre\bin\msvcr100.dll
0x0000000075e60000 - 0x00000000766ab000 	C:\Program Files\Android\Android Studio\jre\jre\bin\server\jvm.dll
0x00007fff5d110000 - 0x00007fff5d118000 	C:\Windows\System32\PSAPI.DLL
0x00007fff59bf0000 - 0x00007fff59c14000 	C:\Windows\SYSTEM32\WINMM.dll
0x00007fff51730000 - 0x00007fff5173a000 	C:\Windows\SYSTEM32\VERSION.dll
0x00007fff59bc0000 - 0x00007fff59bed000 	C:\Windows\SYSTEM32\WINMMBASE.dll
0x00007fff5c710000 - 0x00007fff5c75a000 	C:\Windows\System32\cfgmgr32.dll
0x00007fff4afd0000 - 0x00007fff4afd9000 	C:\Windows\SYSTEM32\WSOCK32.dll
0x00007fff5dd10000 - 0x00007fff5dd7f000 	C:\Windows\System32\WS2_32.dll
0x00007fff58430000 - 0x00007fff5843f000 	C:\Program Files\Android\Android Studio\jre\jre\bin\verify.dll
0x00007fff55220000 - 0x00007fff55249000 	C:\Program Files\Android\Android Studio\jre\jre\bin\java.dll
0x00007fff55090000 - 0x00007fff550a6000 	C:\Program Files\Android\Android Studio\jre\jre\bin\zip.dll
0x00007fff5e610000 - 0x00007fff5ecf8000 	C:\Windows\System32\SHELL32.dll
0x00007fff5ed80000 - 0x00007fff5ee27000 	C:\Windows\System32\shcore.dll
0x00007fff5bf90000 - 0x00007fff5c70b000 	C:\Windows\System32\windows.storage.dll
0x00007fff5bf00000 - 0x00007fff5bf23000 	C:\Windows\System32\profapi.dll
0x00007fff5be70000 - 0x00007fff5beba000 	C:\Windows\System32\powrprof.dll
0x00007fff5be60000 - 0x00007fff5be70000 	C:\Windows\System32\UMPDC.dll
0x00007fff5d7c0000 - 0x00007fff5d812000 	C:\Windows\System32\shlwapi.dll
0x00007fff5bee0000 - 0x00007fff5bef1000 	C:\Windows\System32\kernel.appcore.dll
0x00007fff5cef0000 - 0x00007fff5cf07000 	C:\Windows\System32\cryptsp.dll
0x00007fff54240000 - 0x00007fff5425a000 	C:\Program Files\Android\Android Studio\jre\jre\bin\net.dll
0x00007fff5b5f0000 - 0x00007fff5b657000 	C:\Windows\system32\mswsock.dll
0x00007fff52540000 - 0x00007fff52553000 	C:\Program Files\Android\Android Studio\jre\jre\bin\nio.dll
0x00007fff48c40000 - 0x00007fff48c67000 	C:\Users\AIO PC3\.gradle\native\f6784746aeab05261644944871eae4fe03e0ef1612fff0a4a95f87b438bc6780\windows-amd64\native-platform.dll
0x00007fff57220000 - 0x00007fff5722d000 	C:\Program Files\Android\Android Studio\jre\jre\bin\management.dll
0x00007fff5b180000 - 0x00007fff5b1b3000 	C:\Windows\system32\rsaenh.dll
0x00007fff5cb50000 - 0x00007fff5cb76000 	C:\Windows\System32\bcrypt.dll
0x00007fff5bd80000 - 0x00007fff5bda5000 	C:\Windows\SYSTEM32\USERENV.dll
0x00007fff5b770000 - 0x00007fff5b77c000 	C:\Windows\SYSTEM32\CRYPTBASE.dll
0x00007fff5b310000 - 0x00007fff5b34a000 	C:\Windows\SYSTEM32\IPHLPAPI.DLL
0x00007fff5dd00000 - 0x00007fff5dd08000 	C:\Windows\System32\NSI.dll
0x00007fff53170000 - 0x00007fff53186000 	C:\Windows\SYSTEM32\dhcpcsvc6.DLL
0x00007fff53150000 - 0x00007fff5316c000 	C:\Windows\SYSTEM32\dhcpcsvc.DLL
0x00007fff5b350000 - 0x00007fff5b41b000 	C:\Windows\SYSTEM32\DNSAPI.dll
0x00007fff536d0000 - 0x00007fff536db000 	C:\Windows\SYSTEM32\WINNSI.DLL
0x00007fff49860000 - 0x00007fff49a54000 	C:\Windows\SYSTEM32\dbghelp.dll

VM Arguments:
jvm_args: -Xmx1536m -Dfile.encoding=windows-1252 -Duser.country=US -Duser.language=en -Duser.variant 
java_command: org.gradle.launcher.daemon.bootstrap.GradleDaemon 6.5
java_class_path (initial): C:\Users\AIO PC3\.gradle\wrapper\dists\gradle-6.5-bin\6nifqtx7604sqp1q6g8wikw7p\gradle-6.5\lib\gradle-launcher-6.5.jar
Launcher Type: SUN_STANDARD

Environment Variables:
PATH=C:\Windows\system32;C:\Windows;C:\Windows\System32\Wbem;C:\Windows\System32\WindowsPowerShell\v1.0\;C:\Windows\System32\OpenSSH\;C:\Program Files (x86)\ATI Technologies\ATI.ACE\Core-Static;C:\Program Files\dotnet\;C:\Program Files\Microsoft SQL Server\130\Tools\Binn\;C:\Program Files (x86)\Microsoft SQL Server\100\Tools\Binn\;C:\Program Files (x86)\Microsoft SQL Server\100\DTS\Binn\;C:\Program Files (x86)\Microsoft SQL Server\100\Tools\Binn\VSShell\Common7\IDE\;C:\Program Files (x86)\Microsoft Visual Studio 9.0\Common7\IDE\PrivateAssemblies\;C:\Program Files\Microsoft SQL Server\120\Tools\Binn\;C:\Program Files (x86)\Windows Kits\8.1\Windows Performance Toolkit\;C:\Program Files\Microsoft SQL Server\110\Tools\Binn\;C:\Program Files (x86)\Microsoft SDKs\TypeScript\1.0\;C:\Program Files (x86)\Microsoft SQL Server\150\DTS\Binn\;C:\Program Files\Azure Data Studio\bin;C:\Users\AIO PC3\AppData\Local\Microsoft\WindowsApps;;C:\Program Files\Azure Data Studio\bin
USERNAME=AIO PC3
OS=Windows_NT
PROCESSOR_IDENTIFIER=Intel64 Family 6 Model 37 Stepping 5, GenuineIntel



---------------  S Y S T E M  ---------------

OS: Windows 10.0 , 64 bit Build 18362 (10.0.18362.1316)

CPU:total 4 (initial active 4) (2 cores per cpu, 2 threads per core) family 6 model 37 stepping 5, cmov, cx8, fxsr, mmx, sse, sse2, sse3, ssse3, sse4.1, sse4.2, popcnt, aes, clmul, ht, tsc, tscinvbit

Memory: 4k page, physical 8051048k(343488k free), swap 15128936k(5990932k free)

vm_info: OpenJDK 64-Bit Server VM (25.242-b01) for windows-amd64 JRE (1.8.0_242-release-1644-b01), built by "builder" with MS VC++ 10.0 (VS2010)

time: Wed Feb 17 09:08:49 2021
timezone: SE Asia Standard Time
elapsed time: 210 seconds (0d 0h 3m 30s)

