#
# A fatal error has been detected by the Java Runtime Environment:
#
#  EXCEPTION_ACCESS_VIOLATION (0xc0000005) at pc=0x0000000076cc8f56, pid=5176, tid=0x0000000000000fdc
#
# JRE version: OpenJDK Runtime Environment (8.0_242-b01) (build 1.8.0_242-release-1644-b01)
# Java VM: OpenJDK 64-Bit Server VM (25.242-b01 mixed mode windows-amd64 compressed oops)
# Problematic frame:
# V  [jvm.dll+0x438f56]
#
# Failed to write core dump. Minidumps are not enabled by default on client versions of Windows
#
# If you would like to submit a bug report, please visit:
#   
#

---------------  T H R E A D  ---------------

Current thread (0x0000000016c9c800):  JavaThread "C2 CompilerThread1" daemon [_thread_in_native, id=4060, stack(0x00000000183e0000,0x00000000184e0000)]

siginfo: ExceptionCode=0xc0000005, reading address 0x0000001c22e5d228

Registers:
RAX=0x0000000000000014, RBX=0x0000001c22e5d200, RCX=0x00000000184dc640, RDX=0x000000004000344d
RSP=0x00000000184dc530, RBP=0x00000000184dc930, RSI=0x000000004000344d, RDI=0x0000000000000001
R8 =0x0000000000000000, R9 =0x0000000000000000, R10=0x0000000000000000, R11=0x0000000000000014
R12=0x0000000000000000, R13=0x0000000000007537, R14=0x0000000076890000, R15=0x0000000000000000
RIP=0x0000000076cc8f56, EFLAGS=0x0000000000010206

Top of Stack: (sp=0x00000000184dc530)
0x00000000184dc530:   0000000022e5d190 0000000000007537
0x00000000184dc540:   000000000020af80 000000000020af80
0x00000000184dc550:   00002ec500000000 0000000000000008
0x00000000184dc560:   0000000023134740 0000000000000001
0x00000000184dc570:   0000000019de0018 0000000000000001
0x00000000184dc580:   0000000022831f30 0000000000000000
0x00000000184dc590:   0000000019a03148 0000000000000000
0x00000000184dc5a0:   00000000000003d8 0000000019a02d70
0x00000000184dc5b0:   00000000184dc6c0 0000000076ccac53
0x00000000184dc5c0:   0000000000000000 0000000019a02d60
0x00000000184dc5d0:   00000000184dc930 0000000019a02d60
0x00000000184dc5e0:   0000000000000006 0000000019a02d60
0x00000000184dc5f0:   0000000023311150 0000000023313028
0x00000000184dc600:   0000000023319138 0000000001255bb8
0x00000000184dc610:   0000000000000006 000000001f5f5940
0x00000000184dc620:   000000001f5f5940 000000001f5f5950 

Instructions: (pc=0x0000000076cc8f56)
0x0000000076cc8f36:   66 66 0f 1f 84 00 00 00 00 00 8b 95 cc 00 00 00
0x0000000076cc8f46:   48 8b 4d 70 8b da 8b f2 48 6b db 70 48 03 59 20
0x0000000076cc8f56:   8b 43 28 89 85 cc 00 00 00 e8 1c 58 03 00 4c 39
0x0000000076cc8f66:   7b 18 0f 84 32 02 00 00 4c 63 63 5c 48 8d 34 b6 


Register to memory mapping:

RAX=0x0000000000000014 is an unknown value
RBX=0x0000001c22e5d200 is an unknown value
RCX=0x00000000184dc640 is pointing into the stack for thread: 0x0000000016c9c800
RDX=0x000000004000344d is an unknown value
RSP=0x00000000184dc530 is pointing into the stack for thread: 0x0000000016c9c800
RBP=0x00000000184dc930 is pointing into the stack for thread: 0x0000000016c9c800
RSI=0x000000004000344d is an unknown value
RDI=0x0000000000000001 is an unknown value
R8 =0x0000000000000000 is an unknown value
R9 =0x0000000000000000 is an unknown value
R10=0x0000000000000000 is an unknown value
R11=0x0000000000000014 is an unknown value
R12=0x0000000000000000 is an unknown value
R13=0x0000000000007537 is an unknown value
R14=0x0000000076890000 is an unknown value
R15=0x0000000000000000 is an unknown value


Stack: [0x00000000183e0000,0x00000000184e0000],  sp=0x00000000184dc530,  free space=1009k
Native frames: (J=compiled Java code, j=interpreted, Vv=VM code, C=native code)
V  [jvm.dll+0x438f56]
V  [jvm.dll+0x43ac53]
V  [jvm.dll+0x4456ab]
V  [jvm.dll+0x447fa8]
V  [jvm.dll+0x42b072]
V  [jvm.dll+0x8230f]
V  [jvm.dll+0x82c7f]
V  [jvm.dll+0x220b7f]
V  [jvm.dll+0x27276a]
C  [msvcr100.dll+0x21d9f]
C  [msvcr100.dll+0x21e3b]
C  [KERNEL32.DLL+0x17bd4]
C  [ntdll.dll+0x6ce51]


Current CompileTask:
C2:  11482 4525       4       com.sun.beans.TypeResolver::resolve (37 bytes)


---------------  P R O C E S S  ---------------

Java Threads: ( => current thread )
  0x0000000019a81000 JavaThread "Cache worker for Build Output Cleanup Cache (D:\KHANG\TiHa\TiHa\.gradle\buildOutputCleanup)" [_thread_blocked, id=5392, stack(0x0000000021d20000,0x0000000021e20000)]
  0x0000000019a80800 JavaThread "Build operations Thread 4" [_thread_blocked, id=3808, stack(0x0000000021620000,0x0000000021720000)]
  0x0000000019a7c000 JavaThread "Build operations Thread 3" [_thread_blocked, id=12160, stack(0x0000000021270000,0x0000000021370000)]
  0x0000000019a79000 JavaThread "Build operations Thread 2" [_thread_blocked, id=12280, stack(0x0000000021170000,0x0000000021270000)]
  0x0000000019a7f800 JavaThread "Build operations" [_thread_blocked, id=9096, stack(0x0000000021070000,0x0000000021170000)]
  0x0000000016ca7800 JavaThread "Cache worker for execution history cache (C:\Users\AIO PC3\.gradle\caches\6.1.1\executionHistory)" [_thread_blocked, id=15656, stack(0x00000000202d0000,0x00000000203d0000)]
  0x0000000016ca6800 JavaThread "Cache worker for cache directory md-rule (C:\Users\AIO PC3\.gradle\caches\6.1.1\md-rule)" [_thread_blocked, id=8964, stack(0x000000001efa0000,0x000000001f0a0000)]
  0x0000000016ca6000 JavaThread "Cache worker for cache directory md-supplier (C:\Users\AIO PC3\.gradle\caches\6.1.1\md-supplier)" [_thread_blocked, id=9336, stack(0x000000001eea0000,0x000000001efa0000)]
  0x0000000016cac000 JavaThread "Cache worker for file hash cache (D:\KHANG\TiHa\TiHa\.gradle\6.1.1\fileHashes)" [_thread_blocked, id=5244, stack(0x000000001f200000,0x000000001f300000)]
  0x0000000016caa800 JavaThread "Cache worker for checksums cache (D:\KHANG\TiHa\TiHa\.gradle\checksums)" [_thread_blocked, id=11708, stack(0x000000001f100000,0x000000001f200000)]
  0x0000000016ca5000 JavaThread "Cache worker for file hash cache (C:\Users\AIO PC3\.gradle\caches\6.1.1\fileHashes)" [_thread_blocked, id=3132, stack(0x000000001ca00000,0x000000001cb00000)]
  0x0000000016cab000 JavaThread "File lock request listener" [_thread_in_native, id=12400, stack(0x000000001c900000,0x000000001ca00000)]
  0x000000001a76e000 JavaThread "Cache worker for journal cache (C:\Users\AIO PC3\.gradle\caches\journal-1)" [_thread_blocked, id=7164, stack(0x000000001c800000,0x000000001c900000)]
  0x000000001a694000 JavaThread "Thread-9" [_thread_blocked, id=1428, stack(0x000000001c500000,0x000000001c600000)]
  0x000000001a6a8000 JavaThread "Stdin handler" [_thread_blocked, id=13432, stack(0x000000001c400000,0x000000001c500000)]
  0x0000000019887800 JavaThread "Asynchronous log dispatcher for DefaultDaemonConnection: socket connection from /127.0.0.1:59523 to /127.0.0.1:59524" [_thread_blocked, id=8892, stack(0x000000001c300000,0x000000001c400000)]
  0x0000000019882000 JavaThread "Daemon worker" [_thread_in_vm, id=12608, stack(0x000000001c200000,0x000000001c300000)]
  0x0000000019881800 JavaThread "Cancel handler" [_thread_blocked, id=4140, stack(0x000000001c100000,0x000000001c200000)]
  0x0000000018d6a000 JavaThread "Handler for socket connection from /127.0.0.1:59523 to /127.0.0.1:59524" [_thread_in_native, id=11440, stack(0x000000001be00000,0x000000001bf00000)]
  0x0000000018d68800 JavaThread "Daemon" [_thread_blocked, id=6892, stack(0x000000001bd00000,0x000000001be00000)]
  0x000000001a68f800 JavaThread "Daemon periodic checks" [_thread_blocked, id=9676, stack(0x000000001bc00000,0x000000001bd00000)]
  0x0000000018c03800 JavaThread "Incoming local TCP Connector on port 59523" [_thread_in_native, id=2476, stack(0x000000001b9c0000,0x000000001bac0000)]
  0x000000001a285000 JavaThread "Daemon health stats" [_thread_blocked, id=12704, stack(0x000000001b380000,0x000000001b480000)]
  0x0000000018612800 JavaThread "Service Thread" daemon [_thread_blocked, id=9476, stack(0x00000000189e0000,0x0000000018ae0000)]
  0x0000000016ca9800 JavaThread "C1 CompilerThread2" daemon [_thread_blocked, id=12712, stack(0x00000000184e0000,0x00000000185e0000)]
=>0x0000000016c9c800 JavaThread "C2 CompilerThread1" daemon [_thread_in_native, id=4060, stack(0x00000000183e0000,0x00000000184e0000)]
  0x0000000016c92000 JavaThread "C2 CompilerThread0" daemon [_thread_in_native, id=16076, stack(0x00000000182e0000,0x00000000183e0000)]
  0x0000000016c97000 JavaThread "Attach Listener" daemon [_thread_blocked, id=8824, stack(0x00000000181e0000,0x00000000182e0000)]
  0x0000000016c96000 JavaThread "Signal Dispatcher" daemon [_thread_blocked, id=15768, stack(0x00000000180e0000,0x00000000181e0000)]
  0x000000000331b000 JavaThread "Finalizer" daemon [_thread_blocked, id=15660, stack(0x0000000017ee0000,0x0000000017fe0000)]
  0x0000000016c79000 JavaThread "Reference Handler" daemon [_thread_blocked, id=7784, stack(0x0000000017de0000,0x0000000017ee0000)]
  0x000000000311e000 JavaThread "main" [_thread_blocked, id=11888, stack(0x0000000003120000,0x0000000003220000)]

Other Threads:
  0x0000000016c56000 VMThread [stack: 0x0000000017ce0000,0x0000000017de0000] [id=4732]
  0x0000000018614000 WatcherThread [stack: 0x0000000018ae0000,0x0000000018be0000] [id=16176]

VM state:not at safepoint (normal execution)

VM Mutex/Monitor currently owned by a thread: None

heap address: 0x00000000a0000000, size: 1536 MB, Compressed Oops mode: 32-bit
Narrow klass base: 0x0000000000000000, Narrow klass shift: 3
Compressed class space size: 1073741824 Address: 0x0000000100000000

Heap:
 PSYoungGen      total 154112K, used 77563K [0x00000000e0000000, 0x00000000edb00000, 0x0000000100000000)
  eden space 141824K, 46% used [0x00000000e0000000,0x00000000e3fbf458,0x00000000e8a80000)
  from space 12288K, 99% used [0x00000000e8a80000,0x00000000e967fb00,0x00000000e9680000)
  to   space 16384K, 0% used [0x00000000ecb00000,0x00000000ecb00000,0x00000000edb00000)
 ParOldGen       total 77312K, used 19995K [0x00000000a0000000, 0x00000000a4b80000, 0x00000000e0000000)
  object space 77312K, 25% used [0x00000000a0000000,0x00000000a1386e70,0x00000000a4b80000)
 Metaspace       used 52200K, capacity 53980K, committed 54192K, reserved 1095680K
  class space    used 7069K, capacity 7497K, committed 7600K, reserved 1048576K

Card table byte_map: [0x00000000126e0000,0x00000000129f0000] byte_map_base: 0x00000000121e0000

Marking Bits: (ParMarkBitMap*) 0x000000007705f030
 Begin Bits: [0x0000000012ff0000, 0x00000000147f0000)
 End Bits:   [0x00000000147f0000, 0x0000000015ff0000)

Polling page: 0x00000000013f0000

CodeCache: size=245760Kb used=14826Kb max_used=14826Kb free=230934Kb
 bounds [0x0000000003320000, 0x00000000041b0000, 0x0000000012320000]
 total_blobs=5146 nmethods=4360 adapters=700
 compilation: enabled

Compilation events (10 events):
Event: 11.331 Thread 0x0000000016ca9800 4680       1       com.android.build.api.artifact.impl.TypedStorageProvider::access$getPropertyAllocator$p (5 bytes)
Event: 11.331 Thread 0x0000000016ca9800 nmethod 4680 0x00000000041a3d50 code [0x00000000041a3ea0, 0x00000000041a3f90]
Event: 11.404 Thread 0x0000000016ca9800 4681       3       org.gradle.api.internal.DefaultDomainObjectCollection::withMutationDisabled (11 bytes)
Event: 11.405 Thread 0x0000000016ca9800 nmethod 4681 0x00000000041a4250 code [0x00000000041a43c0, 0x00000000041a4698]
Event: 11.417 Thread 0x0000000016ca9800 4682       3       java.security.PermissionCollection::<init> (5 bytes)
Event: 11.418 Thread 0x0000000016ca9800 nmethod 4682 0x00000000041a4790 code [0x00000000041a48e0, 0x00000000041a4a90]
Event: 11.435 Thread 0x0000000016ca9800 4683       3       org.gradle.internal.ImmutableActionSet::mergeFrom (31 bytes)
Event: 11.436 Thread 0x0000000016ca9800 nmethod 4683 0x00000000041a4b50 code [0x00000000041a4ce0, 0x00000000041a5148]
Event: 11.436 Thread 0x0000000016ca9800 4684       3       org.gradle.api.internal.DefaultNamedDomainObjectCollection$AbstractDomainObjectCreatingProvider::getName (5 bytes)
Event: 11.436 Thread 0x0000000016ca9800 nmethod 4684 0x00000000041a5250 code [0x00000000041a53a0, 0x00000000041a5510]

GC Heap History (10 events):
Event: 5.180 GC heap before
{Heap before GC invocations=9 (full 1):
 PSYoungGen      total 73216K, used 62464K [0x00000000e0000000, 0x00000000e8f00000, 0x0000000100000000)
  eden space 62464K, 100% used [0x00000000e0000000,0x00000000e3d00000,0x00000000e3d00000)
  from space 10752K, 0% used [0x00000000e3d00000,0x00000000e3d00000,0x00000000e4780000)
  to   space 10752K, 0% used [0x00000000e8480000,0x00000000e8480000,0x00000000e8f00000)
 ParOldGen       total 54272K, used 7529K [0x00000000a0000000, 0x00000000a3500000, 0x00000000e0000000)
  object space 54272K, 13% used [0x00000000a0000000,0x00000000a075a460,0x00000000a3500000)
 Metaspace       used 28170K, capacity 28848K, committed 28976K, reserved 1075200K
  class space    used 3882K, capacity 4127K, committed 4144K, reserved 1048576K
Event: 5.199 GC heap after
Heap after GC invocations=9 (full 1):
 PSYoungGen      total 111104K, used 7937K [0x00000000e0000000, 0x00000000e8c80000, 0x0000000100000000)
  eden space 102912K, 0% used [0x00000000e0000000,0x00000000e0000000,0x00000000e6480000)
  from space 8192K, 96% used [0x00000000e8480000,0x00000000e8c40620,0x00000000e8c80000)
  to   space 10752K, 0% used [0x00000000e7780000,0x00000000e7780000,0x00000000e8200000)
 ParOldGen       total 54272K, used 7537K [0x00000000a0000000, 0x00000000a3500000, 0x00000000e0000000)
  object space 54272K, 13% used [0x00000000a0000000,0x00000000a075c460,0x00000000a3500000)
 Metaspace       used 28170K, capacity 28848K, committed 28976K, reserved 1075200K
  class space    used 3882K, capacity 4127K, committed 4144K, reserved 1048576K
}
Event: 6.920 GC heap before
{Heap before GC invocations=10 (full 1):
 PSYoungGen      total 111104K, used 110849K [0x00000000e0000000, 0x00000000e8c80000, 0x0000000100000000)
  eden space 102912K, 100% used [0x00000000e0000000,0x00000000e6480000,0x00000000e6480000)
  from space 8192K, 96% used [0x00000000e8480000,0x00000000e8c40620,0x00000000e8c80000)
  to   space 10752K, 0% used [0x00000000e7780000,0x00000000e7780000,0x00000000e8200000)
 ParOldGen       total 54272K, used 7537K [0x00000000a0000000, 0x00000000a3500000, 0x00000000e0000000)
  object space 54272K, 13% used [0x00000000a0000000,0x00000000a075c460,0x00000000a3500000)
 Metaspace       used 34049K, capacity 34818K, committed 34864K, reserved 1079296K
  class space    used 4667K, capacity 4892K, committed 4912K, reserved 1048576K
Event: 6.945 GC heap after
Heap after GC invocations=10 (full 1):
 PSYoungGen      total 133120K, used 10726K [0x00000000e0000000, 0x00000000ea280000, 0x0000000100000000)
  eden space 122368K, 0% used [0x00000000e0000000,0x00000000e0000000,0x00000000e7780000)
  from space 10752K, 99% used [0x00000000e7780000,0x00000000e81f9b70,0x00000000e8200000)
  to   space 12288K, 0% used [0x00000000e9680000,0x00000000e9680000,0x00000000ea280000)
 ParOldGen       total 54272K, used 7808K [0x00000000a0000000, 0x00000000a3500000, 0x00000000e0000000)
  object space 54272K, 14% used [0x00000000a0000000,0x00000000a07a02f0,0x00000000a3500000)
 Metaspace       used 34049K, capacity 34818K, committed 34864K, reserved 1079296K
  class space    used 4667K, capacity 4892K, committed 4912K, reserved 1048576K
}
Event: 7.088 GC heap before
{Heap before GC invocations=11 (full 1):
 PSYoungGen      total 133120K, used 21996K [0x00000000e0000000, 0x00000000ea280000, 0x0000000100000000)
  eden space 122368K, 9% used [0x00000000e0000000,0x00000000e0b01800,0x00000000e7780000)
  from space 10752K, 99% used [0x00000000e7780000,0x00000000e81f9b70,0x00000000e8200000)
  to   space 12288K, 0% used [0x00000000e9680000,0x00000000e9680000,0x00000000ea280000)
 ParOldGen       total 54272K, used 7808K [0x00000000a0000000, 0x00000000a3500000, 0x00000000e0000000)
  object space 54272K, 14% used [0x00000000a0000000,0x00000000a07a02f0,0x00000000a3500000)
 Metaspace       used 34602K, capacity 35414K, committed 35496K, reserved 1079296K
  class space    used 4743K, capacity 4972K, committed 5040K, reserved 1048576K
Event: 7.099 GC heap after
Heap after GC invocations=11 (full 1):
 PSYoungGen      total 154112K, used 3872K [0x00000000e0000000, 0x00000000ec380000, 0x0000000100000000)
  eden space 141824K, 0% used [0x00000000e0000000,0x00000000e0000000,0x00000000e8a80000)
  from space 12288K, 31% used [0x00000000e9680000,0x00000000e9a481c8,0x00000000ea280000)
  to   space 12288K, 0% used [0x00000000e8a80000,0x00000000e8a80000,0x00000000e9680000)
 ParOldGen       total 54272K, used 10989K [0x00000000a0000000, 0x00000000a3500000, 0x00000000e0000000)
  object space 54272K, 20% used [0x00000000a0000000,0x00000000a0abb5f8,0x00000000a3500000)
 Metaspace       used 34602K, capacity 35414K, committed 35496K, reserved 1079296K
  class space    used 4743K, capacity 4972K, committed 5040K, reserved 1048576K
}
Event: 7.099 GC heap before
{Heap before GC invocations=12 (full 2):
 PSYoungGen      total 154112K, used 3872K [0x00000000e0000000, 0x00000000ec380000, 0x0000000100000000)
  eden space 141824K, 0% used [0x00000000e0000000,0x00000000e0000000,0x00000000e8a80000)
  from space 12288K, 31% used [0x00000000e9680000,0x00000000e9a481c8,0x00000000ea280000)
  to   space 12288K, 0% used [0x00000000e8a80000,0x00000000e8a80000,0x00000000e9680000)
 ParOldGen       total 54272K, used 10989K [0x00000000a0000000, 0x00000000a3500000, 0x00000000e0000000)
  object space 54272K, 20% used [0x00000000a0000000,0x00000000a0abb5f8,0x00000000a3500000)
 Metaspace       used 34602K, capacity 35414K, committed 35496K, reserved 1079296K
  class space    used 4743K, capacity 4972K, committed 5040K, reserved 1048576K
Event: 7.174 GC heap after
Heap after GC invocations=12 (full 2):
 PSYoungGen      total 154112K, used 0K [0x00000000e0000000, 0x00000000ec380000, 0x0000000100000000)
  eden space 141824K, 0% used [0x00000000e0000000,0x00000000e0000000,0x00000000e8a80000)
  from space 12288K, 0% used [0x00000000e9680000,0x00000000e9680000,0x00000000ea280000)
  to   space 12288K, 0% used [0x00000000e8a80000,0x00000000e8a80000,0x00000000e9680000)
 ParOldGen       total 77312K, used 13810K [0x00000000a0000000, 0x00000000a4b80000, 0x00000000e0000000)
  object space 77312K, 17% used [0x00000000a0000000,0x00000000a0d7cae8,0x00000000a4b80000)
 Metaspace       used 34602K, capacity 35414K, committed 35496K, reserved 1079296K
  class space    used 4743K, capacity 4972K, committed 5040K, reserved 1048576K
}
Event: 9.927 GC heap before
{Heap before GC invocations=13 (full 2):
 PSYoungGen      total 154112K, used 141824K [0x00000000e0000000, 0x00000000ec380000, 0x0000000100000000)
  eden space 141824K, 100% used [0x00000000e0000000,0x00000000e8a80000,0x00000000e8a80000)
  from space 12288K, 0% used [0x00000000e9680000,0x00000000e9680000,0x00000000ea280000)
  to   space 12288K, 0% used [0x00000000e8a80000,0x00000000e8a80000,0x00000000e9680000)
 ParOldGen       total 77312K, used 13810K [0x00000000a0000000, 0x00000000a4b80000, 0x00000000e0000000)
  object space 77312K, 17% used [0x00000000a0000000,0x00000000a0d7cae8,0x00000000a4b80000)
 Metaspace       used 46340K, capacity 47764K, committed 47920K, reserved 1091584K
  class space    used 6256K, capacity 6614K, committed 6704K, reserved 1048576K
Event: 9.950 GC heap after
Heap after GC invocations=13 (full 2):
 PSYoungGen      total 154112K, used 12286K [0x00000000e0000000, 0x00000000edb00000, 0x0000000100000000)
  eden space 141824K, 0% used [0x00000000e0000000,0x00000000e0000000,0x00000000e8a80000)
  from space 12288K, 99% used [0x00000000e8a80000,0x00000000e967fb00,0x00000000e9680000)
  to   space 16384K, 0% used [0x00000000ecb00000,0x00000000ecb00000,0x00000000edb00000)
 ParOldGen       total 77312K, used 19995K [0x00000000a0000000, 0x00000000a4b80000, 0x00000000e0000000)
  object space 77312K, 25% used [0x00000000a0000000,0x00000000a1386e70,0x00000000a4b80000)
 Metaspace       used 46340K, capacity 47764K, committed 47920K, reserved 1091584K
  class space    used 6256K, capacity 6614K, committed 6704K, reserved 1048576K
}

Deoptimization events (10 events):
Event: 9.416 Thread 0x0000000019882000 Uncommon trap: reason=unstable_if action=reinterpret pc=0x0000000003f38c30 method=java.security.CodeSource.getCertificates()[Ljava/security/cert/Certificate; @ 4
Event: 9.451 Thread 0x0000000019882000 Uncommon trap: reason=unstable_if action=reinterpret pc=0x0000000003e6b218 method=java.util.LinkedHashMap.get(Ljava/lang/Object;)Ljava/lang/Object; @ 20
Event: 9.501 Thread 0x0000000019882000 Uncommon trap: reason=unstable_if action=reinterpret pc=0x0000000003d63104 method=java.security.CodeSource.matchCerts(Ljava/security/CodeSource;Z)Z @ 11
Event: 9.597 Thread 0x0000000019882000 Uncommon trap: reason=unstable_if action=reinterpret pc=0x00000000039e84e8 method=org.objectweb.asm.ByteVector.putUTF8(Ljava/lang/String;)Lorg/objectweb/asm/ByteVector; @ 93
Event: 9.773 Thread 0x0000000019882000 Uncommon trap: reason=unstable_if action=reinterpret pc=0x0000000003f3c024 method=java.util.concurrent.ConcurrentHashMap.addCount(JI)V @ 110
Event: 9.773 Thread 0x0000000019882000 Uncommon trap: reason=unstable_if action=reinterpret pc=0x00000000034e7eb4 method=java.util.concurrent.ConcurrentHashMap.addCount(JI)V @ 110
Event: 10.154 Thread 0x0000000019882000 Uncommon trap: reason=unstable_if action=reinterpret pc=0x0000000003f45370 method=org.gradle.internal.reflect.PropertyAccessorType.of(Ljava/lang/reflect/Method;)Lorg/gradle/internal/reflect/PropertyAccessorType; @ 56
Event: 10.402 Thread 0x0000000019882000 Uncommon trap: reason=unstable_if action=reinterpret pc=0x0000000003f82870 method=org.gradle.internal.instantiation.generator.AbstractClassGenerator$InjectionAnnotationValidator.validateMethod(Ljava/lang/reflect/Method;Lorg/gradle/internal/reflect/Propert
Event: 10.402 Thread 0x0000000019882000 Uncommon trap: reason=unstable_if action=reinterpret pc=0x000000000395b540 method=org.gradle.internal.instantiation.generator.AbstractClassGenerator$InjectionAnnotationValidator.validateMethod(Ljava/lang/reflect/Method;Lorg/gradle/internal/reflect/Propert
Event: 10.527 Thread 0x0000000019882000 Uncommon trap: reason=class_check action=maybe_recompile pc=0x0000000003a92f68 method=java.util.WeakHashMap.eq(Ljava/lang/Object;Ljava/lang/Object;)Z @ 7

Classes redefined (0 events):
No events

Internal exceptions (10 events):
Event: 10.600 Thread 0x0000000019882000 Exception <a 'java/lang/ClassNotFoundException': org/gradle/api/internal/file/AbstractFileCollectionBeanInfo> (0x00000000e2808c30) thrown at [C:\src\AOSP-openjdk-git\hotspot\src\share\vm\classfile\systemDictionary.cpp, line 210]
Event: 10.601 Thread 0x0000000019882000 Exception <a 'java/lang/ClassNotFoundException': org/gradle/api/internal/file/AbstractFileCollectionCustomizer> (0x00000000e2848278) thrown at [C:\src\AOSP-openjdk-git\hotspot\src\share\vm\classfile\systemDictionary.cpp, line 210]
Event: 10.604 Thread 0x0000000019882000 Exception <a 'java/lang/ClassNotFoundException': org/gradle/api/internal/file/CompositeFileCollectionCustomizer> (0x00000000e2898a98) thrown at [C:\src\AOSP-openjdk-git\hotspot\src\share\vm\classfile\systemDictionary.cpp, line 210]
Event: 10.607 Thread 0x0000000019882000 Exception <a 'java/lang/ClassNotFoundException': org/gradle/api/internal/file/CompositeFileTreeCustomizer> (0x00000000e28e3098) thrown at [C:\src\AOSP-openjdk-git\hotspot\src\share\vm\classfile\systemDictionary.cpp, line 210]
Event: 10.611 Thread 0x0000000019882000 Exception <a 'java/lang/ClassNotFoundException': org/gradle/api/internal/file/collections/DefaultConfigurableFileTreeCustomizer> (0x00000000e2939d10) thrown at [C:\src\AOSP-openjdk-git\hotspot\src\share\vm\classfile\systemDictionary.cpp, line 210]
Event: 10.782 Thread 0x0000000019882000 Exception <a 'java/lang/ClassNotFoundException': org/gradle/api/plugins/internal/DefaultBasePluginConventionBeanInfo> (0x00000000e3095aa0) thrown at [C:\src\AOSP-openjdk-git\hotspot\src\share\vm\classfile\systemDictionary.cpp, line 210]
Event: 10.782 Thread 0x0000000019882000 Exception <a 'java/lang/ClassNotFoundException': org/gradle/api/plugins/BasePluginConventionBeanInfo> (0x00000000e30d5f30) thrown at [C:\src\AOSP-openjdk-git\hotspot\src\share\vm\classfile\systemDictionary.cpp, line 210]
Event: 10.783 Thread 0x0000000019882000 Exception <a 'java/lang/ClassNotFoundException': org/gradle/api/plugins/BasePluginConventionCustomizer> (0x00000000e31020d0) thrown at [C:\src\AOSP-openjdk-git\hotspot\src\share\vm\classfile\systemDictionary.cpp, line 210]
Event: 10.785 Thread 0x0000000019882000 Exception <a 'java/lang/ClassNotFoundException': org/gradle/api/plugins/internal/DefaultBasePluginConventionCustomizer> (0x00000000e314b930) thrown at [C:\src\AOSP-openjdk-git\hotspot\src\share\vm\classfile\systemDictionary.cpp, line 210]
Event: 10.793 Thread 0x0000000019882000 Exception <a 'java/lang/NoSuchMethodError': java.lang.Object.lambda$comparingInt$7b0bb60$1(Ljava/util/function/ToIntFunction;Ljava/lang/Object;Ljava/lang/Object;)I> (0x00000000e31bc9f8) thrown at [C:\src\AOSP-openjdk-git\hotspot\src\share\vm\interpreter\l

Events (10 events):
Event: 11.434 loading class com/android/build/gradle/internal/tasks/InstallVariantTask
Event: 11.434 loading class com/android/build/gradle/internal/tasks/InstallVariantTask done
Event: 11.437 loading class com/android/build/gradle/internal/tasks/UninstallTask
Event: 11.437 loading class com/android/build/gradle/internal/tasks/UninstallTask done
Event: 11.438 loading class org/gradle/api/tasks/TaskProvider
Event: 11.438 loading class org/gradle/api/tasks/TaskProvider done
Event: 11.439 loading class org/gradle/api/tasks/TaskProvider
Event: 11.439 loading class org/gradle/api/tasks/TaskProvider done
Event: 11.440 loading class com/android/build/gradle/tasks/LintPerVariantTask
Event: 11.440 loading class com/android/build/gradle/tasks/LintPerVariantTask done


Dynamic libraries:
0x00007ff7abef0000 - 0x00007ff7abf21000 	C:\Program Files\Android\Android Studio\jre\bin\java.exe
0x00007ff8dd440000 - 0x00007ff8dd630000 	C:\Windows\SYSTEM32\ntdll.dll
0x00007ff8dc220000 - 0x00007ff8dc2d2000 	C:\Windows\System32\KERNEL32.DLL
0x00007ff8da790000 - 0x00007ff8daa35000 	C:\Windows\System32\KERNELBASE.dll
0x00007ff8dc2e0000 - 0x00007ff8dc383000 	C:\Windows\System32\ADVAPI32.dll
0x00007ff8dd0d0000 - 0x00007ff8dd16e000 	C:\Windows\System32\msvcrt.dll
0x00007ff8db560000 - 0x00007ff8db5f7000 	C:\Windows\System32\sechost.dll
0x00007ff8dbf30000 - 0x00007ff8dc050000 	C:\Windows\System32\RPCRT4.dll
0x00007ff8dbd90000 - 0x00007ff8dbf25000 	C:\Windows\System32\USER32.dll
0x00007ff8da5c0000 - 0x00007ff8da5e1000 	C:\Windows\System32\win32u.dll
0x00007ff8db610000 - 0x00007ff8db636000 	C:\Windows\System32\GDI32.dll
0x00007ff8da5f0000 - 0x00007ff8da786000 	C:\Windows\System32\gdi32full.dll
0x00007ff8da520000 - 0x00007ff8da5be000 	C:\Windows\System32\msvcp_win.dll
0x00007ff8dab40000 - 0x00007ff8dac3a000 	C:\Windows\System32\ucrtbase.dll
0x00007ff8ce990000 - 0x00007ff8cec14000 	C:\Windows\WinSxS\amd64_microsoft.windows.common-controls_6595b64144ccf1df_6.0.18362.1082_none_9e8193e1e45b25c1\COMCTL32.dll
0x00007ff8db9a0000 - 0x00007ff8dbcd5000 	C:\Windows\System32\combase.dll
0x00007ff8dac40000 - 0x00007ff8dacc0000 	C:\Windows\System32\bcryptPrimitives.dll
0x00007ff8dc1f0000 - 0x00007ff8dc21e000 	C:\Windows\System32\IMM32.DLL
0x00000000767b0000 - 0x0000000076882000 	C:\Program Files\Android\Android Studio\jre\jre\bin\msvcr100.dll
0x0000000076890000 - 0x00000000770db000 	C:\Program Files\Android\Android Studio\jre\jre\bin\server\jvm.dll
0x00007ff8db4f0000 - 0x00007ff8db4f8000 	C:\Windows\System32\PSAPI.DLL
0x00007ff8d6e80000 - 0x00007ff8d6e89000 	C:\Windows\SYSTEM32\WSOCK32.dll
0x00007ff8c9b60000 - 0x00007ff8c9b84000 	C:\Windows\SYSTEM32\WINMM.dll
0x00007ff8d1310000 - 0x00007ff8d131a000 	C:\Windows\SYSTEM32\VERSION.dll
0x00007ff8dc4e0000 - 0x00007ff8dc54f000 	C:\Windows\System32\WS2_32.dll
0x00007ff8c9b30000 - 0x00007ff8c9b5d000 	C:\Windows\SYSTEM32\WINMMBASE.dll
0x00007ff8daaf0000 - 0x00007ff8dab3a000 	C:\Windows\System32\cfgmgr32.dll
0x00007ff8d6dd0000 - 0x00007ff8d6ddf000 	C:\Program Files\Android\Android Studio\jre\jre\bin\verify.dll
0x00007ff8d5e70000 - 0x00007ff8d5e99000 	C:\Program Files\Android\Android Studio\jre\jre\bin\java.dll
0x00007ff8d5e50000 - 0x00007ff8d5e66000 	C:\Program Files\Android\Android Studio\jre\jre\bin\zip.dll
0x00007ff8dc9e0000 - 0x00007ff8dd0c7000 	C:\Windows\System32\SHELL32.dll
0x00007ff8dbce0000 - 0x00007ff8dbd89000 	C:\Windows\System32\shcore.dll
0x00007ff8dacc0000 - 0x00007ff8db440000 	C:\Windows\System32\windows.storage.dll
0x00007ff8da3a0000 - 0x00007ff8da3c3000 	C:\Windows\System32\profapi.dll
0x00007ff8da310000 - 0x00007ff8da35a000 	C:\Windows\System32\powrprof.dll
0x00007ff8da300000 - 0x00007ff8da310000 	C:\Windows\System32\UMPDC.dll
0x00007ff8db940000 - 0x00007ff8db992000 	C:\Windows\System32\shlwapi.dll
0x00007ff8da360000 - 0x00007ff8da371000 	C:\Windows\System32\kernel.appcore.dll
0x00007ff8db440000 - 0x00007ff8db457000 	C:\Windows\System32\cryptsp.dll
0x00007ff8d5470000 - 0x00007ff8d548a000 	C:\Program Files\Android\Android Studio\jre\jre\bin\net.dll
0x00007ff8d9aa0000 - 0x00007ff8d9b07000 	C:\Windows\system32\mswsock.dll
0x00007ff8d52e0000 - 0x00007ff8d52f3000 	C:\Program Files\Android\Android Studio\jre\jre\bin\nio.dll
0x00007ff8c29f0000 - 0x00007ff8c2a16000 	C:\Users\AIO PC3\.gradle\native\31\windows-amd64\native-platform.dll
0x00007ff8d6db0000 - 0x00007ff8d6dbd000 	C:\Program Files\Android\Android Studio\jre\jre\bin\management.dll
0x00007ff8d9620000 - 0x00007ff8d9653000 	C:\Windows\system32\rsaenh.dll
0x00007ff8db4c0000 - 0x00007ff8db4e6000 	C:\Windows\System32\bcrypt.dll
0x00007ff8da220000 - 0x00007ff8da245000 	C:\Windows\SYSTEM32\USERENV.dll
0x00007ff8d9c20000 - 0x00007ff8d9c2c000 	C:\Windows\SYSTEM32\CRYPTBASE.dll
0x00007ff8d97c0000 - 0x00007ff8d97fa000 	C:\Windows\SYSTEM32\IPHLPAPI.DLL
0x00007ff8dd380000 - 0x00007ff8dd388000 	C:\Windows\System32\NSI.dll
0x00007ff8d43b0000 - 0x00007ff8d43c6000 	C:\Windows\SYSTEM32\dhcpcsvc6.DLL
0x00007ff8d51e0000 - 0x00007ff8d51fc000 	C:\Windows\SYSTEM32\dhcpcsvc.DLL
0x00007ff8d9800000 - 0x00007ff8d98cb000 	C:\Windows\SYSTEM32\DNSAPI.dll
0x00007ff8d3fe0000 - 0x00007ff8d41d4000 	C:\Windows\SYSTEM32\dbghelp.dll

VM Arguments:
jvm_args: -Xmx1536m -Dfile.encoding=windows-1252 -Duser.country=US -Duser.language=en -Duser.variant 
java_command: org.gradle.launcher.daemon.bootstrap.GradleDaemon 6.1.1
java_class_path (initial): C:\Users\AIO PC3\.gradle\wrapper\dists\gradle-6.1.1-all\cfmwm155h49vnt3hynmlrsdst\gradle-6.1.1\lib\gradle-launcher-6.1.1.jar
Launcher Type: SUN_STANDARD

Environment Variables:
PATH=C:\Windows\system32;C:\Windows;C:\Windows\System32\Wbem;C:\Windows\System32\WindowsPowerShell\v1.0\;C:\Windows\System32\OpenSSH\;C:\Program Files (x86)\ATI Technologies\ATI.ACE\Core-Static;C:\Program Files\dotnet\;C:\Program Files\Microsoft SQL Server\130\Tools\Binn\;C:\Program Files (x86)\Microsoft SQL Server\100\Tools\Binn\;C:\Program Files (x86)\Microsoft SQL Server\100\DTS\Binn\;C:\Program Files (x86)\Microsoft SQL Server\100\Tools\Binn\VSShell\Common7\IDE\;C:\Program Files (x86)\Microsoft Visual Studio 9.0\Common7\IDE\PrivateAssemblies\;C:\Users\AIO PC3\AppData\Local\Microsoft\WindowsApps;
USERNAME=AIO PC3
OS=Windows_NT
PROCESSOR_IDENTIFIER=Intel64 Family 6 Model 37 Stepping 5, GenuineIntel



---------------  S Y S T E M  ---------------

OS: Windows 10.0 , 64 bit Build 18362 (10.0.18362.1082)

CPU:total 4 (initial active 4) (2 cores per cpu, 2 threads per core) family 6 model 37 stepping 5, cmov, cx8, fxsr, mmx, sse, sse2, sse3, ssse3, sse4.1, sse4.2, popcnt, aes, clmul, ht, tsc, tscinvbit

Memory: 4k page, physical 8051052k(1658120k free), swap 13748848k(4344860k free)

vm_info: OpenJDK 64-Bit Server VM (25.242-b01) for windows-amd64 JRE (1.8.0_242-release-1644-b01), built by "builder" with MS VC++ 10.0 (VS2010)

time: Mon Sep 21 11:54:05 2020
timezone: SE Asia Standard Time
elapsed time: 11 seconds (0d 0h 0m 11s)

